#
# There is insufficient memory for the Java Runtime Environment to continue.
# Native memory allocation (malloc) failed to allocate 32744 bytes for ChunkPool::allocate
# Possible reasons:
#   The system is out of physical RAM or swap space
#   The process is running with CompressedOops enabled, and the Java Heap may be blocking the growth of the native heap
# Possible solutions:
#   Reduce memory load on the system
#   Increase physical memory or swap space
#   Check if swap backing store is full
#   Decrease Java heap size (-Xmx/-Xms)
#   Decrease number of Java threads
#   Decrease Java thread stack sizes (-Xss)
#   Set larger code cache with -XX:ReservedCodeCacheSize=
#   JVM is running with Unscaled Compressed Oops mode in which the Java heap is
#     placed in the first 4GB address space. The Java Heap base address is the
#     maximum limit for the native heap growth. Please use -XX:HeapBaseMinAddress
#     to set the Java Heap base and to place the Java Heap above 4GB virtual address.
# This output file may be truncated or incomplete.
#
#  Out of Memory Error (arena.cpp:78), pid=3640, tid=2496
#
# JRE version: Java(TM) SE Runtime Environment (17.0.1+12) (build 17.0.1+12-LTS-39)
# Java VM: Java HotSpot(TM) 64-Bit Server VM (17.0.1+12-LTS-39, mixed mode, sharing, tiered, compressed oops, compressed class ptrs, g1 gc, windows-amd64)
# No core dump will be written. Minidumps are not enabled by default on client versions of Windows
#

---------------  S U M M A R Y ------------

Command Line: -Dfile.encoding=UTF-8 -XX:+ShowCodeDetailsInExceptionMessages com.trantanphong.Application

Host: Intel(R) Core(TM) i5-1035G1 CPU @ 1.00GHz, 8 cores, 7G,  Windows 10 , 64 bit Build 22621 (10.0.22621.1928)
Time: Fri Jul 21 12:39:28 2023 SE Asia Standard Time elapsed time: 739.049897 seconds (0d 0h 12m 19s)

---------------  T H R E A D  ---------------

Current thread (0x0000027a5a8e4570):  JavaThread "C2 CompilerThread2" daemon [_thread_in_native, id=2496, stack(0x000000b1c0800000,0x000000b1c0900000)]


Current CompileTask:
C2: 739050 8727       4       java.util.function.BiPredicate$$Lambda$106/0x0000000800cc4300::test (16 bytes)

Stack: [0x000000b1c0800000,0x000000b1c0900000]
Native frames: (J=compiled Java code, j=interpreted, Vv=VM code, C=native code)
V  [jvm.dll+0x66fa1a]
V  [jvm.dll+0x7ce5a4]
V  [jvm.dll+0x7cfd4e]
V  [jvm.dll+0x7d03b3]
V  [jvm.dll+0x242b05]
V  [jvm.dll+0xaa2a0]
V  [jvm.dll+0xaa5ec]
V  [jvm.dll+0x364c8c]
V  [jvm.dll+0x55b7e8]
V  [jvm.dll+0x55a800]
V  [jvm.dll+0x55b0f3]
V  [jvm.dll+0x329f80]
V  [jvm.dll+0x3293fa]
V  [jvm.dll+0x215bf1]
V  [jvm.dll+0x215011]
V  [jvm.dll+0x1a168d]
V  [jvm.dll+0x224848]
V  [jvm.dll+0x2229ac]
V  [jvm.dll+0x78435b]
V  [jvm.dll+0x77e91a]
V  [jvm.dll+0x66e845]
C  [ucrtbase.dll+0x29363]
C  [KERNEL32.DLL+0x126ad]
C  [ntdll.dll+0x5aa68]


---------------  P R O C E S S  ---------------

Threads class SMR info:
_java_thread_list=0x0000027a59e50960, length=19, elements={
0x0000027a590c1950, 0x0000027a590c2500, 0x0000027a590d1b80, 0x0000027a590d2730,
0x0000027a590d6500, 0x0000027a590deec0, 0x0000027a590e71a0, 0x0000027a59107c50,
0x0000027a59110630, 0x0000027a59cdbfa0, 0x0000027a59ce7d90, 0x0000027a62d1b870,
0x0000027a62d1d080, 0x0000027a5cdd47f0, 0x0000027a5cdd6000, 0x0000027a5cdd5660,
0x0000027a5cdd4320, 0x0000027a5a8e68e0, 0x0000027a5a8e4570
}

Java Threads: ( => current thread )
  0x0000027a590c1950 JavaThread "Reference Handler" daemon [_thread_blocked, id=7920, stack(0x000000b1bf000000,0x000000b1bf100000)]
  0x0000027a590c2500 JavaThread "Finalizer" daemon [_thread_blocked, id=16872, stack(0x000000b1bf100000,0x000000b1bf200000)]
  0x0000027a590d1b80 JavaThread "Signal Dispatcher" daemon [_thread_blocked, id=15332, stack(0x000000b1bf200000,0x000000b1bf300000)]
  0x0000027a590d2730 JavaThread "Attach Listener" daemon [_thread_blocked, id=10824, stack(0x000000b1bf300000,0x000000b1bf400000)]
  0x0000027a590d6500 JavaThread "Service Thread" daemon [_thread_blocked, id=14284, stack(0x000000b1bf400000,0x000000b1bf500000)]
  0x0000027a590deec0 JavaThread "Monitor Deflation Thread" daemon [_thread_blocked, id=15476, stack(0x000000b1bf500000,0x000000b1bf600000)]
  0x0000027a590e71a0 JavaThread "C2 CompilerThread0" daemon [_thread_blocked, id=9344, stack(0x000000b1bf600000,0x000000b1bf700000)]
  0x0000027a59107c50 JavaThread "C1 CompilerThread0" daemon [_thread_blocked, id=12740, stack(0x000000b1bf700000,0x000000b1bf800000)]
  0x0000027a59110630 JavaThread "Sweeper thread" daemon [_thread_blocked, id=15420, stack(0x000000b1bf800000,0x000000b1bf900000)]
  0x0000027a59cdbfa0 JavaThread "Notification Thread" daemon [_thread_blocked, id=15356, stack(0x000000b1bf900000,0x000000b1bfa00000)]
  0x0000027a59ce7d90 JavaThread "Common-Cleaner" daemon [_thread_blocked, id=14080, stack(0x000000b1bfb00000,0x000000b1bfc00000)]
  0x0000027a62d1b870 JavaThread "Abandoned connection cleanup thread" daemon [_thread_blocked, id=17924, stack(0x000000b1c0b00000,0x000000b1c0c00000)]
  0x0000027a62d1d080 JavaThread "Live Reload Server" daemon [_thread_in_native, id=5312, stack(0x000000b1c1100000,0x000000b1c1200000)]
  0x0000027a5cdd47f0 JavaThread "DestroyJavaVM" [_thread_blocked, id=11840, stack(0x000000b1be900000,0x000000b1bea00000)]
  0x0000027a5cdd6000 JavaThread "Thread-5" [_thread_blocked, id=10372, stack(0x000000b1be600000,0x000000b1be700000)]
  0x0000027a5cdd5660 JavaThread "File Watcher" daemon [_thread_blocked, id=3300, stack(0x000000b1be800000,0x000000b1be900000)]
  0x0000027a5cdd4320 JavaThread "restartedMain" [_thread_in_native, id=19060, stack(0x000000b1c0300000,0x000000b1c0400000)]
  0x0000027a5a8e68e0 JavaThread "C2 CompilerThread1" daemon [_thread_blocked, id=17152, stack(0x000000b1c0400000,0x000000b1c0500000)]
=>0x0000027a5a8e4570 JavaThread "C2 CompilerThread2" daemon [_thread_in_native, id=2496, stack(0x000000b1c0800000,0x000000b1c0900000)]

Other Threads:
  0x0000027a590bbeb0 VMThread "VM Thread" [stack: 0x000000b1bef00000,0x000000b1bf000000] [id=3488]
  0x0000027a59cdc470 WatcherThread [stack: 0x000000b1bfa00000,0x000000b1bfb00000] [id=3652]
  0x0000027a3b1b4d90 GCTaskThread "GC Thread#0" [stack: 0x000000b1bea00000,0x000000b1beb00000] [id=1640]
  0x0000027a5a412110 GCTaskThread "GC Thread#1" [stack: 0x000000b1bfe00000,0x000000b1bff00000] [id=13564]
  0x0000027a5a6088c0 GCTaskThread "GC Thread#2" [stack: 0x000000b1bff00000,0x000000b1c0000000] [id=2604]
  0x0000027a5a7ac400 GCTaskThread "GC Thread#3" [stack: 0x000000b1c0000000,0x000000b1c0100000] [id=15816]
  0x0000027a5a7acac0 GCTaskThread "GC Thread#4" [stack: 0x000000b1c0100000,0x000000b1c0200000] [id=19312]
  0x0000027a5a7ad180 GCTaskThread "GC Thread#5" [stack: 0x000000b1c0200000,0x000000b1c0300000] [id=19900]
  0x0000027a5b7a1110 GCTaskThread "GC Thread#6" [stack: 0x000000b1c0600000,0x000000b1c0700000] [id=5140]
  0x0000027a5cebee80 GCTaskThread "GC Thread#7" [stack: 0x000000b1c0700000,0x000000b1c0800000] [id=1248]
  0x0000027a3b1c5770 ConcurrentGCThread "G1 Main Marker" [stack: 0x000000b1beb00000,0x000000b1bec00000] [id=2900]
  0x0000027a3b1c77d0 ConcurrentGCThread "G1 Conc#0" [stack: 0x000000b1bec00000,0x000000b1bed00000] [id=1320]
  0x0000027a5adf9100 ConcurrentGCThread "G1 Conc#1" [stack: 0x000000b1c0500000,0x000000b1c0600000] [id=11944]
  0x0000027a3b2367f0 ConcurrentGCThread "G1 Refine#0" [stack: 0x000000b1bed00000,0x000000b1bee00000] [id=2528]
  0x0000027a3b2380c0 ConcurrentGCThread "G1 Service" [stack: 0x000000b1bee00000,0x000000b1bef00000] [id=4268]

Threads with active compile tasks:
C2 CompilerThread2   739096 8727       4       java.util.function.BiPredicate$$Lambda$106/0x0000000800cc4300::test (16 bytes)

VM state: not at safepoint (normal execution)

VM Mutex/Monitor currently owned by a thread: None

Heap address: 0x0000000083600000, size: 1994 MB, Compressed Oops mode: 32-bit

CDS archive(s) mapped at: [0x0000000800000000-0x0000000800bc0000-0x0000000800bc0000), size 12320768, SharedBaseAddress: 0x0000000800000000, ArchiveRelocationMode: 0.
Compressed class space mapped at: 0x0000000800c00000-0x0000000840c00000, reserved size: 1073741824
Narrow klass base: 0x0000000800000000, Narrow klass shift: 0, Narrow klass range: 0x100000000

GC Precious Log:
 CPUs: 8 total, 8 available
 Memory: 7973M
 Large Page Support: Disabled
 NUMA Support: Disabled
 Compressed Oops: Enabled (32-bit)
 Heap Region Size: 1M
 Heap Min Capacity: 8M
 Heap Initial Capacity: 126M
 Heap Max Capacity: 1994M
 Pre-touch: Disabled
 Parallel Workers: 8
 Concurrent Workers: 2
 Concurrent Refinement Workers: 8
 Periodic GC: Disabled

Heap:
 garbage-first heap   total 114688K, used 43030K [0x0000000083600000, 0x0000000100000000)
  region size 1024K, 15 young (15360K), 1 survivors (1024K)
 Metaspace       used 66446K, committed 66944K, reserved 1114112K
  class space    used 8658K, committed 8960K, reserved 1048576K

Heap Regions: E=young(eden), S=young(survivor), O=old, HS=humongous(starts), HC=humongous(continues), CS=collection set, F=free, OA=open archive, CA=closed archive, TAMS=top-at-mark-start (previous, next)
|   0|0x0000000083600000, 0x0000000083700000, 0x0000000083700000|100%|HS|  |TAMS 0x0000000083700000, 0x0000000083600000| Complete 
|   1|0x0000000083700000, 0x0000000083800000, 0x0000000083800000|100%| O|  |TAMS 0x0000000083800000, 0x0000000083700000| Untracked 
|   2|0x0000000083800000, 0x0000000083900000, 0x0000000083900000|100%| O|  |TAMS 0x0000000083900000, 0x0000000083800000| Untracked 
|   3|0x0000000083900000, 0x00000000839fffe0, 0x0000000083a00000| 99%| O|  |TAMS 0x00000000839fffe0, 0x0000000083900000| Untracked 
|   4|0x0000000083a00000, 0x0000000083b00000, 0x0000000083b00000|100%| O|  |TAMS 0x0000000083b00000, 0x0000000083a00000| Untracked 
|   5|0x0000000083b00000, 0x0000000083c00000, 0x0000000083c00000|100%| O|  |TAMS 0x0000000083c00000, 0x0000000083b00000| Untracked 
|   6|0x0000000083c00000, 0x0000000083cffff8, 0x0000000083d00000| 99%| O|  |TAMS 0x0000000083cffff8, 0x0000000083c00000| Untracked 
|   7|0x0000000083d00000, 0x0000000083e00000, 0x0000000083e00000|100%| O|  |TAMS 0x0000000083e00000, 0x0000000083d00000| Untracked 
|   8|0x0000000083e00000, 0x0000000083efffe8, 0x0000000083f00000| 99%| O|  |TAMS 0x0000000083efffe8, 0x0000000083e00000| Untracked 
|   9|0x0000000083f00000, 0x0000000083ffffa0, 0x0000000084000000| 99%| O|  |TAMS 0x0000000083ffffa0, 0x0000000083f00000| Untracked 
|  10|0x0000000084000000, 0x00000000840cba08, 0x0000000084100000| 79%| O|  |TAMS 0x00000000840cba08, 0x0000000084000000| Untracked 
|  11|0x0000000084100000, 0x00000000841ffff0, 0x0000000084200000| 99%| O|  |TAMS 0x00000000841ffff0, 0x0000000084100000| Untracked 
|  12|0x0000000084200000, 0x00000000842ffff0, 0x0000000084300000| 99%| O|  |TAMS 0x00000000842ffff0, 0x0000000084200000| Untracked 
|  13|0x0000000084300000, 0x00000000843ffc88, 0x0000000084400000| 99%| O|  |TAMS 0x00000000843ffc88, 0x0000000084300000| Untracked 
|  14|0x0000000084400000, 0x00000000844ffe78, 0x0000000084500000| 99%| O|  |TAMS 0x00000000844ffe78, 0x0000000084400000| Untracked 
|  15|0x0000000084500000, 0x00000000845fffe8, 0x0000000084600000| 99%| O|  |TAMS 0x00000000845fffe8, 0x0000000084500000| Untracked 
|  16|0x0000000084600000, 0x00000000846ffff8, 0x0000000084700000| 99%| O|  |TAMS 0x00000000846ffff8, 0x0000000084600000| Untracked 
|  17|0x0000000084700000, 0x00000000847fffe8, 0x0000000084800000| 99%| O|  |TAMS 0x00000000847fffe8, 0x0000000084700000| Untracked 
|  18|0x0000000084800000, 0x00000000848ffff8, 0x0000000084900000| 99%| O|  |TAMS 0x00000000848ffff8, 0x0000000084800000| Untracked 
|  19|0x0000000084900000, 0x00000000849ffff8, 0x0000000084a00000| 99%| O|  |TAMS 0x00000000849ffff8, 0x0000000084900000| Untracked 
|  20|0x0000000084a00000, 0x0000000084afffd0, 0x0000000084b00000| 99%| O|  |TAMS 0x0000000084afffd0, 0x0000000084a00000| Untracked 
|  21|0x0000000084b00000, 0x0000000084bfffb8, 0x0000000084c00000| 99%| O|  |TAMS 0x0000000084bfffb8, 0x0000000084b00000| Untracked 
|  22|0x0000000084c00000, 0x0000000084cffff8, 0x0000000084d00000| 99%| O|  |TAMS 0x0000000084cffff8, 0x0000000084c00000| Untracked 
|  23|0x0000000084d00000, 0x0000000084dc3e48, 0x0000000084e00000| 76%| O|  |TAMS 0x0000000084dc3e48, 0x0000000084d00000| Untracked 
|  24|0x0000000084e00000, 0x0000000084e9d4c8, 0x0000000084f00000| 61%| O|  |TAMS 0x0000000084e9d4c8, 0x0000000084e00000| Untracked 
|  25|0x0000000084f00000, 0x0000000084fffff8, 0x0000000085000000| 99%| O|  |TAMS 0x0000000084fffff8, 0x0000000084f00000| Untracked 
|  26|0x0000000085000000, 0x000000008504a968, 0x0000000085100000| 29%| O|  |TAMS 0x000000008504a968, 0x0000000085000000| Untracked 
|  27|0x0000000085100000, 0x0000000085170ee0, 0x0000000085200000| 44%| O|  |TAMS 0x0000000085170ee0, 0x0000000085100000| Untracked 
|  28|0x0000000085200000, 0x0000000085300000, 0x0000000085300000|100%| O|  |TAMS 0x0000000085200000, 0x0000000085200000| Untracked 
|  29|0x0000000085300000, 0x0000000085400000, 0x0000000085400000|100%| O|  |TAMS 0x0000000085300000, 0x0000000085300000| Untracked 
|  30|0x0000000085400000, 0x00000000854c3e00, 0x0000000085500000| 76%| O|  |TAMS 0x0000000085400000, 0x0000000085400000| Untracked 
|  31|0x0000000085500000, 0x0000000085500000, 0x0000000085600000|  0%| F|  |TAMS 0x0000000085500000, 0x0000000085500000| Untracked 
|  32|0x0000000085600000, 0x0000000085600000, 0x0000000085700000|  0%| F|  |TAMS 0x0000000085600000, 0x0000000085600000| Untracked 
|  33|0x0000000085700000, 0x0000000085700000, 0x0000000085800000|  0%| F|  |TAMS 0x0000000085700000, 0x0000000085700000| Untracked 
|  34|0x0000000085800000, 0x0000000085800000, 0x0000000085900000|  0%| F|  |TAMS 0x0000000085800000, 0x0000000085800000| Untracked 
|  35|0x0000000085900000, 0x0000000085900000, 0x0000000085a00000|  0%| F|  |TAMS 0x0000000085900000, 0x0000000085900000| Untracked 
|  36|0x0000000085a00000, 0x0000000085a00000, 0x0000000085b00000|  0%| F|  |TAMS 0x0000000085a00000, 0x0000000085a00000| Untracked 
|  37|0x0000000085b00000, 0x0000000085b00000, 0x0000000085c00000|  0%| F|  |TAMS 0x0000000085b00000, 0x0000000085b00000| Untracked 
|  38|0x0000000085c00000, 0x0000000085c00000, 0x0000000085d00000|  0%| F|  |TAMS 0x0000000085c00000, 0x0000000085c00000| Untracked 
|  39|0x0000000085d00000, 0x0000000085d00000, 0x0000000085e00000|  0%| F|  |TAMS 0x0000000085d00000, 0x0000000085d00000| Untracked 
|  40|0x0000000085e00000, 0x0000000085e00000, 0x0000000085f00000|  0%| F|  |TAMS 0x0000000085e00000, 0x0000000085e00000| Untracked 
|  41|0x0000000085f00000, 0x0000000085f00000, 0x0000000086000000|  0%| F|  |TAMS 0x0000000085f00000, 0x0000000085f00000| Untracked 
|  42|0x0000000086000000, 0x0000000086000000, 0x0000000086100000|  0%| F|  |TAMS 0x0000000086000000, 0x0000000086000000| Untracked 
|  43|0x0000000086100000, 0x0000000086100000, 0x0000000086200000|  0%| F|  |TAMS 0x0000000086100000, 0x0000000086100000| Untracked 
|  44|0x0000000086200000, 0x0000000086200000, 0x0000000086300000|  0%| F|  |TAMS 0x0000000086200000, 0x0000000086200000| Untracked 
|  45|0x0000000086300000, 0x0000000086300000, 0x0000000086400000|  0%| F|  |TAMS 0x0000000086300000, 0x0000000086300000| Untracked 
|  46|0x0000000086400000, 0x0000000086400000, 0x0000000086500000|  0%| F|  |TAMS 0x0000000086400000, 0x0000000086400000| Untracked 
|  47|0x0000000086500000, 0x0000000086500000, 0x0000000086600000|  0%| F|  |TAMS 0x0000000086500000, 0x0000000086500000| Untracked 
|  48|0x0000000086600000, 0x0000000086600000, 0x0000000086700000|  0%| F|  |TAMS 0x0000000086600000, 0x0000000086600000| Untracked 
|  49|0x0000000086700000, 0x0000000086700000, 0x0000000086800000|  0%| F|  |TAMS 0x0000000086700000, 0x0000000086700000| Untracked 
|  50|0x0000000086800000, 0x0000000086800000, 0x0000000086900000|  0%| F|  |TAMS 0x0000000086800000, 0x0000000086800000| Untracked 
|  51|0x0000000086900000, 0x0000000086900000, 0x0000000086a00000|  0%| F|  |TAMS 0x0000000086900000, 0x0000000086900000| Untracked 
|  52|0x0000000086a00000, 0x0000000086a00000, 0x0000000086b00000|  0%| F|  |TAMS 0x0000000086a00000, 0x0000000086a00000| Untracked 
|  53|0x0000000086b00000, 0x0000000086b00000, 0x0000000086c00000|  0%| F|  |TAMS 0x0000000086b00000, 0x0000000086b00000| Untracked 
|  54|0x0000000086c00000, 0x0000000086c00000, 0x0000000086d00000|  0%| F|  |TAMS 0x0000000086c00000, 0x0000000086c00000| Untracked 
|  55|0x0000000086d00000, 0x0000000086d00000, 0x0000000086e00000|  0%| F|  |TAMS 0x0000000086d00000, 0x0000000086d00000| Untracked 
|  56|0x0000000086e00000, 0x0000000086e00000, 0x0000000086f00000|  0%| F|  |TAMS 0x0000000086e00000, 0x0000000086e00000| Untracked 
|  57|0x0000000086f00000, 0x0000000086f00000, 0x0000000087000000|  0%| F|  |TAMS 0x0000000086f00000, 0x0000000086f00000| Untracked 
|  58|0x0000000087000000, 0x0000000087000000, 0x0000000087100000|  0%| F|  |TAMS 0x0000000087000000, 0x0000000087000000| Untracked 
|  59|0x0000000087100000, 0x0000000087100000, 0x0000000087200000|  0%| F|  |TAMS 0x0000000087100000, 0x0000000087100000| Untracked 
|  60|0x0000000087200000, 0x0000000087200000, 0x0000000087300000|  0%| F|  |TAMS 0x0000000087200000, 0x0000000087200000| Untracked 
|  61|0x0000000087300000, 0x0000000087300000, 0x0000000087400000|  0%| F|  |TAMS 0x0000000087300000, 0x0000000087300000| Untracked 
|  62|0x0000000087400000, 0x0000000087400000, 0x0000000087500000|  0%| F|  |TAMS 0x0000000087400000, 0x0000000087400000| Untracked 
|  63|0x0000000087500000, 0x0000000087500000, 0x0000000087600000|  0%| F|  |TAMS 0x0000000087500000, 0x0000000087500000| Untracked 
|  64|0x0000000087600000, 0x0000000087600000, 0x0000000087700000|  0%| F|  |TAMS 0x0000000087600000, 0x0000000087600000| Untracked 
|  65|0x0000000087700000, 0x0000000087700000, 0x0000000087800000|  0%| F|  |TAMS 0x0000000087700000, 0x0000000087700000| Untracked 
|  66|0x0000000087800000, 0x0000000087800000, 0x0000000087900000|  0%| F|  |TAMS 0x0000000087800000, 0x0000000087800000| Untracked 
|  67|0x0000000087900000, 0x0000000087900000, 0x0000000087a00000|  0%| F|  |TAMS 0x0000000087900000, 0x0000000087900000| Untracked 
|  68|0x0000000087a00000, 0x0000000087a00000, 0x0000000087b00000|  0%| F|  |TAMS 0x0000000087a00000, 0x0000000087a00000| Untracked 
|  69|0x0000000087b00000, 0x0000000087b00000, 0x0000000087c00000|  0%| F|  |TAMS 0x0000000087b00000, 0x0000000087b00000| Untracked 
|  70|0x0000000087c00000, 0x0000000087c00000, 0x0000000087d00000|  0%| F|  |TAMS 0x0000000087c00000, 0x0000000087c00000| Untracked 
|  71|0x0000000087d00000, 0x0000000087d00000, 0x0000000087e00000|  0%| F|  |TAMS 0x0000000087d00000, 0x0000000087d00000| Untracked 
|  72|0x0000000087e00000, 0x0000000087e00000, 0x0000000087f00000|  0%| F|  |TAMS 0x0000000087e00000, 0x0000000087e00000| Untracked 
|  73|0x0000000087f00000, 0x0000000087f00000, 0x0000000088000000|  0%| F|  |TAMS 0x0000000087f00000, 0x0000000087f00000| Untracked 
|  74|0x0000000088000000, 0x0000000088000000, 0x0000000088100000|  0%| F|  |TAMS 0x0000000088000000, 0x0000000088000000| Untracked 
|  75|0x0000000088100000, 0x0000000088100000, 0x0000000088200000|  0%| F|  |TAMS 0x0000000088100000, 0x0000000088100000| Untracked 
|  76|0x0000000088200000, 0x0000000088200000, 0x0000000088300000|  0%| F|  |TAMS 0x0000000088200000, 0x0000000088200000| Untracked 
|  77|0x0000000088300000, 0x0000000088300000, 0x0000000088400000|  0%| F|  |TAMS 0x0000000088300000, 0x0000000088300000| Untracked 
|  78|0x0000000088400000, 0x0000000088400000, 0x0000000088500000|  0%| F|  |TAMS 0x0000000088400000, 0x0000000088400000| Untracked 
|  79|0x0000000088500000, 0x0000000088500000, 0x0000000088600000|  0%| F|  |TAMS 0x0000000088500000, 0x0000000088500000| Untracked 
|  80|0x0000000088600000, 0x0000000088600000, 0x0000000088700000|  0%| F|  |TAMS 0x0000000088600000, 0x0000000088600000| Untracked 
|  81|0x0000000088700000, 0x0000000088700000, 0x0000000088800000|  0%| F|  |TAMS 0x0000000088700000, 0x0000000088700000| Untracked 
|  82|0x0000000088800000, 0x0000000088800000, 0x0000000088900000|  0%| F|  |TAMS 0x0000000088800000, 0x0000000088800000| Untracked 
|  83|0x0000000088900000, 0x0000000088900000, 0x0000000088a00000|  0%| F|  |TAMS 0x0000000088900000, 0x0000000088900000| Untracked 
|  84|0x0000000088a00000, 0x0000000088a00000, 0x0000000088b00000|  0%| F|  |TAMS 0x0000000088a00000, 0x0000000088a00000| Untracked 
|  85|0x0000000088b00000, 0x0000000088b00000, 0x0000000088c00000|  0%| F|  |TAMS 0x0000000088b00000, 0x0000000088b00000| Untracked 
|  86|0x0000000088c00000, 0x0000000088c00000, 0x0000000088d00000|  0%| F|  |TAMS 0x0000000088c00000, 0x0000000088c00000| Untracked 
|  87|0x0000000088d00000, 0x0000000088d00000, 0x0000000088e00000|  0%| F|  |TAMS 0x0000000088d00000, 0x0000000088d00000| Untracked 
|  88|0x0000000088e00000, 0x0000000088e00000, 0x0000000088f00000|  0%| F|  |TAMS 0x0000000088e00000, 0x0000000088e00000| Untracked 
|  89|0x0000000088f00000, 0x0000000088f00000, 0x0000000089000000|  0%| F|  |TAMS 0x0000000088f00000, 0x0000000088f00000| Untracked 
|  90|0x0000000089000000, 0x0000000089000000, 0x0000000089100000|  0%| F|  |TAMS 0x0000000089000000, 0x0000000089000000| Untracked 
|  91|0x0000000089100000, 0x0000000089100000, 0x0000000089200000|  0%| F|  |TAMS 0x0000000089100000, 0x0000000089100000| Untracked 
|  92|0x0000000089200000, 0x0000000089200000, 0x0000000089300000|  0%| F|  |TAMS 0x0000000089200000, 0x0000000089200000| Untracked 
|  93|0x0000000089300000, 0x0000000089300000, 0x0000000089400000|  0%| F|  |TAMS 0x0000000089300000, 0x0000000089300000| Untracked 
|  94|0x0000000089400000, 0x0000000089400000, 0x0000000089500000|  0%| F|  |TAMS 0x0000000089400000, 0x0000000089400000| Untracked 
|  95|0x0000000089500000, 0x0000000089500000, 0x0000000089600000|  0%| F|  |TAMS 0x0000000089500000, 0x0000000089500000| Untracked 
|  96|0x0000000089600000, 0x0000000089600000, 0x0000000089700000|  0%| F|  |TAMS 0x0000000089600000, 0x0000000089600000| Untracked 
|  97|0x0000000089700000, 0x00000000897ee180, 0x0000000089800000| 93%| E|  |TAMS 0x0000000089700000, 0x0000000089700000| Complete 
|  98|0x0000000089800000, 0x0000000089900000, 0x0000000089900000|100%| E|CS|TAMS 0x0000000089800000, 0x0000000089800000| Complete 
|  99|0x0000000089900000, 0x0000000089a00000, 0x0000000089a00000|100%| E|CS|TAMS 0x0000000089900000, 0x0000000089900000| Complete 
| 100|0x0000000089a00000, 0x0000000089b00000, 0x0000000089b00000|100%| E|CS|TAMS 0x0000000089a00000, 0x0000000089a00000| Complete 
| 101|0x0000000089b00000, 0x0000000089c00000, 0x0000000089c00000|100%| E|CS|TAMS 0x0000000089b00000, 0x0000000089b00000| Complete 
| 102|0x0000000089c00000, 0x0000000089d00000, 0x0000000089d00000|100%| E|CS|TAMS 0x0000000089c00000, 0x0000000089c00000| Complete 
| 103|0x0000000089d00000, 0x0000000089e00000, 0x0000000089e00000|100%| E|CS|TAMS 0x0000000089d00000, 0x0000000089d00000| Complete 
| 104|0x0000000089e00000, 0x0000000089f00000, 0x0000000089f00000|100%| E|CS|TAMS 0x0000000089e00000, 0x0000000089e00000| Complete 
| 105|0x0000000089f00000, 0x000000008a000000, 0x000000008a000000|100%| E|CS|TAMS 0x0000000089f00000, 0x0000000089f00000| Complete 
| 106|0x000000008a000000, 0x000000008a100000, 0x000000008a100000|100%| E|CS|TAMS 0x000000008a000000, 0x000000008a000000| Complete 
| 107|0x000000008a100000, 0x000000008a200000, 0x000000008a200000|100%| E|CS|TAMS 0x000000008a100000, 0x000000008a100000| Complete 
| 108|0x000000008a200000, 0x000000008a300000, 0x000000008a300000|100%| E|CS|TAMS 0x000000008a200000, 0x000000008a200000| Complete 
| 109|0x000000008a300000, 0x000000008a359ec0, 0x000000008a400000| 35%| S|CS|TAMS 0x000000008a300000, 0x000000008a300000| Complete 
| 110|0x000000008a400000, 0x000000008a500000, 0x000000008a500000|100%| E|CS|TAMS 0x000000008a400000, 0x000000008a400000| Complete 
| 149|0x000000008cb00000, 0x000000008cc00000, 0x000000008cc00000|100%| E|CS|TAMS 0x000000008cb00000, 0x000000008cb00000| Complete 

Card table byte_map: [0x0000027a52090000,0x0000027a52480000] _byte_map_base: 0x0000027a51c75000

Marking Bits (Prev, Next): (CMBitMap*) 0x0000027a3b1b53e0, (CMBitMap*) 0x0000027a3b1b53a0
 Prev Bits: [0x0000027a547a0000, 0x0000027a566c8000)
 Next Bits: [0x0000027a52870000, 0x0000027a54798000)

Polling page: 0x0000027a3a940000

Metaspace:

Usage:
  Non-class:     56.43 MB used.
      Class:      8.46 MB used.
       Both:     64.89 MB used.

Virtual space:
  Non-class space:       64.00 MB reserved,      56.62 MB ( 88%) committed,  8 nodes.
      Class space:        1.00 GB reserved,       8.75 MB ( <1%) committed,  1 nodes.
             Both:        1.06 GB reserved,      65.38 MB (  6%) committed. 

Chunk freelists:
   Non-Class:  3.25 MB
       Class:  3.31 MB
        Both:  6.56 MB

MaxMetaspaceSize: unlimited
CompressedClassSpaceSize: 1.00 GB
Initial GC threshold: 21.00 MB
Current GC threshold: 108.38 MB
CDS: on
MetaspaceReclaimPolicy: balanced
 - commit_granule_bytes: 65536.
 - commit_granule_words: 8192.
 - virtual_space_node_default_size: 1048576.
 - enlarge_chunks_in_place: 1.
 - new_chunks_are_fully_committed: 0.
 - uncommit_free_chunks: 1.
 - use_allocation_guard: 0.
 - handle_deallocations: 1.


Internal statistics:

num_allocs_failed_limit: 9.
num_arena_births: 652.
num_arena_deaths: 0.
num_vsnodes_births: 9.
num_vsnodes_deaths: 0.
num_space_committed: 1046.
num_space_uncommitted: 0.
num_chunks_returned_to_freelist: 9.
num_chunks_taken_from_freelist: 3076.
num_chunk_merges: 9.
num_chunk_splits: 2111.
num_chunks_enlarged: 1555.
num_purges: 2.
num_inconsistent_stats: 0.

CodeHeap 'non-profiled nmethods': size=120000Kb used=5605Kb max_used=5605Kb free=114394Kb
 bounds [0x0000027a4a440000, 0x0000027a4a9c0000, 0x0000027a51970000]
CodeHeap 'profiled nmethods': size=120000Kb used=15246Kb max_used=15246Kb free=104753Kb
 bounds [0x0000027a42f10000, 0x0000027a43e00000, 0x0000027a4a440000]
CodeHeap 'non-nmethods': size=5760Kb used=1348Kb max_used=1452Kb free=4412Kb
 bounds [0x0000027a42970000, 0x0000027a42be0000, 0x0000027a42f10000]
 total_blobs=8534 nmethods=7875 adapters=570
 compilation: enabled
              stopped_count=0, restarted_count=0
 full_count=0

Compilation events (20 events):
Event: 737.465 Thread 0x0000027a59107c50 8760   !   3       jdk.proxy2.$Proxy9::annotationType (29 bytes)
Event: 737.466 Thread 0x0000027a59107c50 nmethod 8760 0x0000027a43de5490 code [0x0000027a43de5660, 0x0000027a43de5a58]
Event: 737.487 Thread 0x0000027a590e71a0 nmethod 8704 0x0000027a4a9adb90 code [0x0000027a4a9adf20, 0x0000027a4a9b15f8]
Event: 737.487 Thread 0x0000027a590e71a0 8762       4       org.springframework.util.AntPathMatcher::skipSegment (75 bytes)
Event: 737.522 Thread 0x0000027a590e71a0 nmethod 8762 0x0000027a4a9b3210 code [0x0000027a4a9b33a0, 0x0000027a4a9b3c58]
Event: 737.522 Thread 0x0000027a590e71a0 8761 %     4       java.util.regex.Pattern$CharPropertyGreedy::match @ 12 (160 bytes)
Event: 737.563 Thread 0x0000027a5a8e68e0 nmethod 8717 0x0000027a4a9b3e90 code [0x0000027a4a9b40c0, 0x0000027a4a9b6a28]
Event: 737.571 Thread 0x0000027a590e71a0 nmethod 8761% 0x0000027a4a9b7d10 code [0x0000027a4a9b7ee0, 0x0000027a4a9b8af8]
Event: 737.799 Thread 0x0000027a59107c50 8764       3       org.springframework.core.annotation.AnnotationTypeMappings$Cache$$Lambda$40/0x0000000800c34d60::apply (16 bytes)
Event: 737.799 Thread 0x0000027a59107c50 nmethod 8764 0x0000027a43de5c10 code [0x0000027a43de5dc0, 0x0000027a43de6068]
Event: 737.800 Thread 0x0000027a59107c50 8765       3       org.springframework.core.annotation.AnnotationTypeMappings::<init> (10 bytes)
Event: 737.800 Thread 0x0000027a59107c50 nmethod 8765 0x0000027a43de6190 code [0x0000027a43de6320, 0x0000027a43de6468]
Event: 737.800 Thread 0x0000027a59107c50 8766       3       org.springframework.core.annotation.AnnotationTypeMappings::addAllMappings (60 bytes)
Event: 737.801 Thread 0x0000027a59107c50 nmethod 8766 0x0000027a43de6510 code [0x0000027a43de6740, 0x0000027a43de71e8]
Event: 737.944 Thread 0x0000027a59107c50 8767       3       org.springframework.core.annotation.AnnotationTypeMapping::resolveAliasTarget (394 bytes)
Event: 737.957 Thread 0x0000027a59107c50 nmethod 8767 0x0000027a43de7510 code [0x0000027a43de8000, 0x0000027a43def288]
Event: 737.958 Thread 0x0000027a59107c50 8768       3       org.springframework.core.annotation.AnnotationTypeMappings::isAlreadyMapped (38 bytes)
Event: 737.958 Thread 0x0000027a59107c50 nmethod 8768 0x0000027a43df1710 code [0x0000027a43df18c0, 0x0000027a43df1be8]
Event: 737.989 Thread 0x0000027a59107c50 8769   !   3       sun.nio.ch.FileChannelImpl::position (273 bytes)
Event: 737.991 Thread 0x0000027a59107c50 nmethod 8769 0x0000027a43df1d10 code [0x0000027a43df2000, 0x0000027a43df3148]

GC Heap History (20 events):
Event: 7.906 GC heap before
{Heap before GC invocations=17 (full 0):
 garbage-first heap   total 68608K, used 55345K [0x0000000083600000, 0x0000000100000000)
  region size 1024K, 29 young (29696K), 2 survivors (2048K)
 Metaspace       used 55295K, committed 55744K, reserved 1097728K
  class space    used 7262K, committed 7488K, reserved 1048576K
}
Event: 7.908 GC heap after
{Heap after GC invocations=18 (full 0):
 garbage-first heap   total 68608K, used 28515K [0x0000000083600000, 0x0000000100000000)
  region size 1024K, 3 young (3072K), 3 survivors (3072K)
 Metaspace       used 55295K, committed 55744K, reserved 1097728K
  class space    used 7262K, committed 7488K, reserved 1048576K
}
Event: 8.389 GC heap before
{Heap before GC invocations=18 (full 0):
 garbage-first heap   total 68608K, used 55139K [0x0000000083600000, 0x0000000100000000)
  region size 1024K, 29 young (29696K), 3 survivors (3072K)
 Metaspace       used 57305K, committed 57728K, reserved 1105920K
  class space    used 7528K, committed 7744K, reserved 1048576K
}
Event: 8.394 GC heap after
{Heap after GC invocations=19 (full 0):
 garbage-first heap   total 84992K, used 30433K [0x0000000083600000, 0x0000000100000000)
  region size 1024K, 4 young (4096K), 4 survivors (4096K)
 Metaspace       used 57305K, committed 57728K, reserved 1105920K
  class space    used 7528K, committed 7744K, reserved 1048576K
}
Event: 71.420 GC heap before
{Heap before GC invocations=19 (full 0):
 garbage-first heap   total 84992K, used 67297K [0x0000000083600000, 0x0000000100000000)
  region size 1024K, 40 young (40960K), 4 survivors (4096K)
 Metaspace       used 60157K, committed 60544K, reserved 1105920K
  class space    used 7929K, committed 8128K, reserved 1048576K
}
Event: 71.425 GC heap after
{Heap after GC invocations=20 (full 0):
 garbage-first heap   total 84992K, used 32268K [0x0000000083600000, 0x0000000100000000)
  region size 1024K, 4 young (4096K), 4 survivors (4096K)
 Metaspace       used 60157K, committed 60544K, reserved 1105920K
  class space    used 7929K, committed 8128K, reserved 1048576K
}
Event: 186.435 GC heap before
{Heap before GC invocations=20 (full 0):
 garbage-first heap   total 84992K, used 50700K [0x0000000083600000, 0x0000000100000000)
  region size 1024K, 23 young (23552K), 4 survivors (4096K)
 Metaspace       used 60338K, committed 60736K, reserved 1105920K
  class space    used 7947K, committed 8192K, reserved 1048576K
}
Event: 186.440 GC heap after
{Heap after GC invocations=21 (full 0):
 garbage-first heap   total 84992K, used 32545K [0x0000000083600000, 0x0000000100000000)
  region size 1024K, 3 young (3072K), 3 survivors (3072K)
 Metaspace       used 60338K, committed 60736K, reserved 1105920K
  class space    used 7947K, committed 8192K, reserved 1048576K
}
Event: 263.852 GC heap before
{Heap before GC invocations=22 (full 0):
 garbage-first heap   total 84992K, used 68385K [0x0000000083600000, 0x0000000100000000)
  region size 1024K, 39 young (39936K), 3 survivors (3072K)
 Metaspace       used 64894K, committed 65344K, reserved 1105920K
  class space    used 8480K, committed 8704K, reserved 1048576K
}
Event: 263.857 GC heap after
{Heap after GC invocations=23 (full 0):
 garbage-first heap   total 84992K, used 33998K [0x0000000083600000, 0x0000000100000000)
  region size 1024K, 4 young (4096K), 4 survivors (4096K)
 Metaspace       used 64894K, committed 65344K, reserved 1105920K
  class space    used 8480K, committed 8704K, reserved 1048576K
}
Event: 267.950 GC heap before
{Heap before GC invocations=23 (full 0):
 garbage-first heap   total 84992K, used 35022K [0x0000000083600000, 0x0000000100000000)
  region size 1024K, 5 young (5120K), 4 survivors (4096K)
 Metaspace       used 64918K, committed 65408K, reserved 1105920K
  class space    used 8480K, committed 8704K, reserved 1048576K
}
Event: 267.956 GC heap after
{Heap after GC invocations=24 (full 0):
 garbage-first heap   total 84992K, used 33634K [0x0000000083600000, 0x0000000100000000)
  region size 1024K, 1 young (1024K), 1 survivors (1024K)
 Metaspace       used 64918K, committed 65408K, reserved 1105920K
  class space    used 8480K, committed 8704K, reserved 1048576K
}
Event: 495.679 GC heap before
{Heap before GC invocations=24 (full 0):
 garbage-first heap   total 84992K, used 69474K [0x0000000083600000, 0x0000000100000000)
  region size 1024K, 36 young (36864K), 1 survivors (1024K)
 Metaspace       used 64964K, committed 65408K, reserved 1105920K
  class space    used 8480K, committed 8704K, reserved 1048576K
}
Event: 495.680 GC heap after
{Heap after GC invocations=25 (full 0):
 garbage-first heap   total 84992K, used 33413K [0x0000000083600000, 0x0000000100000000)
  region size 1024K, 1 young (1024K), 1 survivors (1024K)
 Metaspace       used 64964K, committed 65408K, reserved 1105920K
  class space    used 8480K, committed 8704K, reserved 1048576K
}
Event: 698.089 GC heap before
{Heap before GC invocations=25 (full 0):
 garbage-first heap   total 84992K, used 68229K [0x0000000083600000, 0x0000000100000000)
  region size 1024K, 36 young (36864K), 1 survivors (1024K)
 Metaspace       used 65383K, committed 65792K, reserved 1114112K
  class space    used 8539K, committed 8704K, reserved 1048576K
}
Event: 698.317 GC heap after
{Heap after GC invocations=26 (full 1):
 garbage-first heap   total 84992K, used 26527K [0x0000000083600000, 0x0000000100000000)
  region size 1024K, 0 young (0K), 0 survivors (0K)
 Metaspace       used 65383K, committed 65792K, reserved 1114112K
  class space    used 8539K, committed 8704K, reserved 1048576K
}
Event: 699.941 GC heap before
{Heap before GC invocations=26 (full 1):
 garbage-first heap   total 84992K, used 67487K [0x0000000083600000, 0x0000000100000000)
  region size 1024K, 41 young (41984K), 0 survivors (0K)
 Metaspace       used 66059K, committed 66560K, reserved 1114112K
  class space    used 8609K, committed 8896K, reserved 1048576K
}
Event: 699.945 GC heap after
{Heap after GC invocations=27 (full 1):
 garbage-first heap   total 84992K, used 29425K [0x0000000083600000, 0x0000000100000000)
  region size 1024K, 3 young (3072K), 3 survivors (3072K)
 Metaspace       used 66059K, committed 66560K, reserved 1114112K
  class space    used 8609K, committed 8896K, reserved 1048576K
}
Event: 700.079 GC heap before
{Heap before GC invocations=27 (full 1):
 garbage-first heap   total 114688K, used 66289K [0x0000000083600000, 0x0000000100000000)
  region size 1024K, 40 young (40960K), 3 survivors (3072K)
 Metaspace       used 66074K, committed 66624K, reserved 1114112K
  class space    used 8609K, committed 8896K, reserved 1048576K
}
Event: 700.082 GC heap after
{Heap after GC invocations=28 (full 1):
 garbage-first heap   total 114688K, used 29718K [0x0000000083600000, 0x0000000100000000)
  region size 1024K, 1 young (1024K), 1 survivors (1024K)
 Metaspace       used 66074K, committed 66624K, reserved 1114112K
  class space    used 8609K, committed 8896K, reserved 1048576K
}

Deoptimization events (20 events):
Event: 699.958 Thread 0x0000027a5cddb1d0 DEOPT PACKING pc=0x0000027a430a6aa7 sp=0x000000b1be8fddc0
Event: 699.958 Thread 0x0000027a5cddb1d0 DEOPT UNPACKING pc=0x0000027a429c6763 sp=0x000000b1be8fd388 mode 0
Event: 699.963 Thread 0x0000027a5cddb1d0 DEOPT PACKING pc=0x0000027a430a6aa7 sp=0x000000b1be8fddc0
Event: 699.964 Thread 0x0000027a5cddb1d0 DEOPT UNPACKING pc=0x0000027a429c6763 sp=0x000000b1be8fd388 mode 0
Event: 700.059 Thread 0x0000027a5cddb1d0 DEOPT PACKING pc=0x0000027a42f4e1b4 sp=0x000000b1be8fd3a0
Event: 700.059 Thread 0x0000027a5cddb1d0 DEOPT UNPACKING pc=0x0000027a429c6763 sp=0x000000b1be8fc810 mode 0
Event: 700.059 Thread 0x0000027a5cddb1d0 DEOPT PACKING pc=0x0000027a42f4e1b4 sp=0x000000b1be8fd3a0
Event: 700.059 Thread 0x0000027a5cddb1d0 DEOPT UNPACKING pc=0x0000027a429c6763 sp=0x000000b1be8fc810 mode 0
Event: 700.069 Thread 0x0000027a5cddb1d0 DEOPT PACKING pc=0x0000027a4309ce5c sp=0x000000b1be8fcda0
Event: 700.069 Thread 0x0000027a5cddb1d0 DEOPT UNPACKING pc=0x0000027a429c6763 sp=0x000000b1be8fc320 mode 0
Event: 700.070 Thread 0x0000027a5cddb1d0 DEOPT PACKING pc=0x0000027a42f4e1b4 sp=0x000000b1be8fd3a0
Event: 700.070 Thread 0x0000027a5cddb1d0 DEOPT UNPACKING pc=0x0000027a429c6763 sp=0x000000b1be8fc810 mode 0
Event: 700.085 Thread 0x0000027a5cddb1d0 DEOPT PACKING pc=0x0000027a42f4e1b4 sp=0x000000b1be8fd3a0
Event: 700.085 Thread 0x0000027a5cddb1d0 DEOPT UNPACKING pc=0x0000027a429c6763 sp=0x000000b1be8fc810 mode 0
Event: 700.099 Thread 0x0000027a5cddb1d0 DEOPT PACKING pc=0x0000027a43642668 sp=0x000000b1be8fd3a0
Event: 700.099 Thread 0x0000027a5cddb1d0 DEOPT UNPACKING pc=0x0000027a429c6763 sp=0x000000b1be8fc900 mode 0
Event: 700.159 Thread 0x0000027a5cddb1d0 DEOPT PACKING pc=0x0000027a43b03cc6 sp=0x000000b1be8fe190
Event: 700.159 Thread 0x0000027a5cddb1d0 DEOPT UNPACKING pc=0x0000027a429c6763 sp=0x000000b1be8fd668 mode 0
Event: 737.390 Thread 0x0000027a5cdd4320 DEOPT PACKING pc=0x0000027a43c9cfa9 sp=0x000000b1c03fd720
Event: 737.390 Thread 0x0000027a5cdd4320 DEOPT UNPACKING pc=0x0000027a429c6763 sp=0x000000b1c03fcbf8 mode 0

Classes unloaded (0 events):
No events

Classes redefined (0 events):
No events

Internal exceptions (20 events):
Event: 737.444 Thread 0x0000027a5cdd4320 Exception <a 'java/io/IOException'{0x00000000898600a8}> (0x00000000898600a8) 
thrown [t:\workspace\open\src\hotspot\share\prims\jni.cpp, line 516]
Event: 737.444 Thread 0x0000027a5cdd4320 Exception <a 'java/io/IOException'{0x00000000898603b8}> (0x00000000898603b8) 
thrown [t:\workspace\open\src\hotspot\share\prims\jni.cpp, line 516]
Event: 737.444 Thread 0x0000027a5cdd4320 Exception <a 'java/io/IOException'{0x0000000089860700}> (0x0000000089860700) 
thrown [t:\workspace\open\src\hotspot\share\prims\jni.cpp, line 516]
Event: 737.444 Thread 0x0000027a5cdd4320 Exception <a 'java/io/IOException'{0x0000000089860a10}> (0x0000000089860a10) 
thrown [t:\workspace\open\src\hotspot\share\prims\jni.cpp, line 516]
Event: 737.444 Thread 0x0000027a5cdd4320 Exception <a 'java/io/IOException'{0x0000000089860d58}> (0x0000000089860d58) 
thrown [t:\workspace\open\src\hotspot\share\prims\jni.cpp, line 516]
Event: 737.444 Thread 0x0000027a5cdd4320 Exception <a 'java/io/IOException'{0x0000000089861068}> (0x0000000089861068) 
thrown [t:\workspace\open\src\hotspot\share\prims\jni.cpp, line 516]
Event: 737.444 Thread 0x0000027a5cdd4320 Exception <a 'java/io/IOException'{0x00000000898613b0}> (0x00000000898613b0) 
thrown [t:\workspace\open\src\hotspot\share\prims\jni.cpp, line 516]
Event: 737.444 Thread 0x0000027a5cdd4320 Exception <a 'java/io/IOException'{0x00000000898616c0}> (0x00000000898616c0) 
thrown [t:\workspace\open\src\hotspot\share\prims\jni.cpp, line 516]
Event: 737.444 Thread 0x0000027a5cdd4320 Exception <a 'java/io/IOException'{0x0000000089861a08}> (0x0000000089861a08) 
thrown [t:\workspace\open\src\hotspot\share\prims\jni.cpp, line 516]
Event: 737.444 Thread 0x0000027a5cdd4320 Exception <a 'java/io/IOException'{0x0000000089861d18}> (0x0000000089861d18) 
thrown [t:\workspace\open\src\hotspot\share\prims\jni.cpp, line 516]
Event: 737.444 Thread 0x0000027a5cdd4320 Exception <a 'java/io/IOException'{0x0000000089862060}> (0x0000000089862060) 
thrown [t:\workspace\open\src\hotspot\share\prims\jni.cpp, line 516]
Event: 737.444 Thread 0x0000027a5cdd4320 Exception <a 'java/io/IOException'{0x0000000089862370}> (0x0000000089862370) 
thrown [t:\workspace\open\src\hotspot\share\prims\jni.cpp, line 516]
Event: 737.444 Thread 0x0000027a5cdd4320 Exception <a 'java/io/IOException'{0x00000000898628e0}> (0x00000000898628e0) 
thrown [t:\workspace\open\src\hotspot\share\prims\jni.cpp, line 516]
Event: 737.444 Thread 0x0000027a5cdd4320 Exception <a 'java/io/IOException'{0x0000000089862bf0}> (0x0000000089862bf0) 
thrown [t:\workspace\open\src\hotspot\share\prims\jni.cpp, line 516]
Event: 737.444 Thread 0x0000027a5cdd4320 Exception <a 'java/io/IOException'{0x0000000089862f38}> (0x0000000089862f38) 
thrown [t:\workspace\open\src\hotspot\share\prims\jni.cpp, line 516]
Event: 737.445 Thread 0x0000027a5cdd4320 Exception <a 'java/io/IOException'{0x0000000089863248}> (0x0000000089863248) 
thrown [t:\workspace\open\src\hotspot\share\prims\jni.cpp, line 516]
Event: 737.454 Thread 0x0000027a5cdd4320 Exception <a 'java/io/IOException'{0x0000000089876ac8}> (0x0000000089876ac8) 
thrown [t:\workspace\open\src\hotspot\share\prims\jni.cpp, line 516]
Event: 737.454 Thread 0x0000027a5cdd4320 Exception <a 'java/io/IOException'{0x0000000089876dd8}> (0x0000000089876dd8) 
thrown [t:\workspace\open\src\hotspot\share\prims\jni.cpp, line 516]
Event: 737.454 Thread 0x0000027a5cdd4320 Exception <a 'java/io/IOException'{0x0000000089878670}> (0x0000000089878670) 
thrown [t:\workspace\open\src\hotspot\share\prims\jni.cpp, line 516]
Event: 737.455 Thread 0x0000027a5cdd4320 Exception <a 'java/io/IOException'{0x0000000089878980}> (0x0000000089878980) 
thrown [t:\workspace\open\src\hotspot\share\prims\jni.cpp, line 516]

VM Operations (20 events):
Event: 699.941 Executing VM operation: G1CollectForAllocation
Event: 699.945 Executing VM operation: G1CollectForAllocation done
Event: 699.991 Executing VM operation: G1Concurrent
Event: 700.054 Executing VM operation: G1Concurrent done
Event: 700.078 Executing VM operation: G1CollectForAllocation
Event: 700.082 Executing VM operation: G1CollectForAllocation done
Event: 700.082 Executing VM operation: G1Concurrent
Event: 700.083 Executing VM operation: G1Concurrent done
Event: 701.098 Executing VM operation: Cleanup
Event: 701.098 Executing VM operation: Cleanup done
Event: 702.099 Executing VM operation: Cleanup
Event: 702.099 Executing VM operation: Cleanup done
Event: 705.109 Executing VM operation: Cleanup
Event: 705.109 Executing VM operation: Cleanup done
Event: 719.240 Executing VM operation: Cleanup
Event: 719.240 Executing VM operation: Cleanup done
Event: 737.393 Executing VM operation: Cleanup
Event: 737.395 Executing VM operation: Cleanup done
Event: 738.408 Executing VM operation: Cleanup
Event: 738.410 Executing VM operation: Cleanup done

Events (20 events):
Event: 700.119 loading class java/io/ObjectInputFilter$Config$BuiltinFilterFactory done
Event: 700.119 loading class jdk/internal/access/JavaObjectInputFilterAccess
Event: 700.119 loading class jdk/internal/access/JavaObjectInputFilterAccess done
Event: 700.120 loading class jdk/internal/event/DeserializationEvent
Event: 700.120 loading class jdk/internal/event/DeserializationEvent done
Event: 700.121 loading class java/io/ObjectInputStream$FieldValues
Event: 700.121 loading class java/io/ObjectInputStream$FieldValues done
Event: 700.134 Thread 0x0000027a5cdda360 Thread added: 0x0000027a5cdda360
Event: 700.134 Thread 0x0000027a5cdd4cc0 Thread added: 0x0000027a5cdd4cc0
Event: 700.135 Thread 0x0000027a5cdd7340 Thread added: 0x0000027a5cdd7340
Event: 700.155 Thread 0x0000027a5cdd7340 Thread exited: 0x0000027a5cdd7340
Event: 700.155 Thread 0x0000027a5cdda360 Thread exited: 0x0000027a5cdda360
Event: 700.155 Thread 0x0000027a5cdd4cc0 Thread exited: 0x0000027a5cdd4cc0
Event: 700.207 Thread 0x0000027a5cddb1d0 Thread exited: 0x0000027a5cddb1d0
Event: 700.208 Thread 0x0000027a5cdd5660 Thread added: 0x0000027a5cdd5660
Event: 703.272 Thread 0x0000027a5a8e4060 Thread exited: 0x0000027a5a8e4060
Event: 708.279 Thread 0x0000027a5a8e7300 Thread exited: 0x0000027a5a8e7300
Event: 737.213 Thread 0x0000027a5cdd4320 Thread added: 0x0000027a5cdd4320
Event: 737.329 Thread 0x0000027a5a8e68e0 Thread added: 0x0000027a5a8e68e0
Event: 737.350 Thread 0x0000027a5a8e4570 Thread added: 0x0000027a5a8e4570


Dynamic libraries:
0x00007ff78c650000 - 0x00007ff78c660000 	C:\Program Files\Java\jdk-17.0.1\bin\javaw.exe
0x00007fffacdf0000 - 0x00007fffad004000 	C:\WINDOWS\SYSTEM32\ntdll.dll
0x00007fffac6d0000 - 0x00007fffac792000 	C:\WINDOWS\System32\KERNEL32.DLL
0x00007fffaa360000 - 0x00007fffaa703000 	C:\WINDOWS\System32\KERNELBASE.dll
0x00007fffaa7b0000 - 0x00007fffaa8c1000 	C:\WINDOWS\System32\ucrtbase.dll
0x00007fff60ad0000 - 0x00007fff60ae8000 	C:\Program Files\Java\jdk-17.0.1\bin\jli.dll
0x00007fffab750000 - 0x00007fffab7fe000 	C:\WINDOWS\System32\ADVAPI32.dll
0x00007fffaabd0000 - 0x00007fffaac77000 	C:\WINDOWS\System32\msvcrt.dll
0x00007fffabd20000 - 0x00007fffabdc4000 	C:\WINDOWS\System32\sechost.dll
0x00007fffacc90000 - 0x00007fffacda7000 	C:\WINDOWS\System32\RPCRT4.dll
0x00007fffac800000 - 0x00007fffac9aa000 	C:\WINDOWS\System32\USER32.dll
0x00007fff7ed70000 - 0x00007fff7ed8a000 	C:\Program Files\Java\jdk-17.0.1\bin\VCRUNTIME140.dll
0x00007fffaa8d0000 - 0x00007fffaa8f6000 	C:\WINDOWS\System32\win32u.dll
0x00007fffaadf0000 - 0x00007fffaae19000 	C:\WINDOWS\System32\GDI32.dll
0x00007fffaaab0000 - 0x00007fffaabc9000 	C:\WINDOWS\System32\gdi32full.dll
0x00007fffaa710000 - 0x00007fffaa7aa000 	C:\WINDOWS\System32\msvcp_win.dll
0x00007fff91ce0000 - 0x00007fff91f6e000 	C:\WINDOWS\WinSxS\amd64_microsoft.windows.common-controls_6595b64144ccf1df_6.0.22621.1635_none_270f70857386168e\COMCTL32.dll
0x00007fff9e680000 - 0x00007fff9e68a000 	C:\WINDOWS\SYSTEM32\VERSION.dll
0x00007fffaac80000 - 0x00007fffaacb1000 	C:\WINDOWS\System32\IMM32.DLL
0x00007fff84a50000 - 0x00007fff84a5c000 	C:\Program Files\Java\jdk-17.0.1\bin\vcruntime140_1.dll
0x00007fff40230000 - 0x00007fff402bd000 	C:\Program Files\Java\jdk-17.0.1\bin\msvcp140.dll
0x00007fff3c7e0000 - 0x00007fff3d39e000 	C:\Program Files\Java\jdk-17.0.1\bin\server\jvm.dll
0x00007fffac7a0000 - 0x00007fffac7a8000 	C:\WINDOWS\System32\PSAPI.DLL
0x00007fff614c0000 - 0x00007fff614c9000 	C:\WINDOWS\SYSTEM32\WSOCK32.dll
0x00007fff9f700000 - 0x00007fff9f734000 	C:\WINDOWS\SYSTEM32\WINMM.dll
0x00007fffabca0000 - 0x00007fffabd11000 	C:\WINDOWS\System32\WS2_32.dll
0x00007fffa92a0000 - 0x00007fffa92b8000 	C:\WINDOWS\SYSTEM32\kernel.appcore.dll
0x00007fff5eed0000 - 0x00007fff5eeda000 	C:\Program Files\Java\jdk-17.0.1\bin\jimage.dll
0x00007fffa46e0000 - 0x00007fffa490e000 	C:\WINDOWS\SYSTEM32\DBGHELP.DLL
0x00007fffab900000 - 0x00007fffabc89000 	C:\WINDOWS\System32\combase.dll
0x00007fffabed0000 - 0x00007fffabfa7000 	C:\WINDOWS\System32\OLEAUT32.dll
0x00007fff77b50000 - 0x00007fff77b82000 	C:\WINDOWS\SYSTEM32\dbgcore.DLL
0x00007fffaa9c0000 - 0x00007fffaaa3a000 	C:\WINDOWS\System32\bcryptPrimitives.dll
0x00007fff41150000 - 0x00007fff41175000 	C:\Program Files\Java\jdk-17.0.1\bin\java.dll
0x00007fff40150000 - 0x00007fff40226000 	C:\Program Files\Java\jdk-17.0.1\bin\svml.dll
0x00007fffaae20000 - 0x00007fffab619000 	C:\WINDOWS\System32\SHELL32.dll
0x00007fffa81e0000 - 0x00007fffa8aae000 	C:\WINDOWS\SYSTEM32\windows.storage.dll
0x00007fffa80a0000 - 0x00007fffa81de000 	C:\WINDOWS\SYSTEM32\wintypes.dll
0x00007fffabdd0000 - 0x00007fffabec1000 	C:\WINDOWS\System32\SHCORE.dll
0x00007fffaad90000 - 0x00007fffaadee000 	C:\WINDOWS\System32\shlwapi.dll
0x00007fffaa120000 - 0x00007fffaa146000 	C:\WINDOWS\SYSTEM32\profapi.dll
0x00007fff5e230000 - 0x00007fff5e249000 	C:\Program Files\Java\jdk-17.0.1\bin\net.dll
0x00007fff9eab0000 - 0x00007fff9ebe7000 	C:\WINDOWS\SYSTEM32\WINHTTP.dll
0x00007fffa97a0000 - 0x00007fffa9809000 	C:\WINDOWS\system32\mswsock.dll
0x00007fff41130000 - 0x00007fff41145000 	C:\Program Files\Java\jdk-17.0.1\bin\nio.dll
0x00007fff40130000 - 0x00007fff40148000 	C:\Program Files\Java\jdk-17.0.1\bin\zip.dll
0x00007fff5eec0000 - 0x00007fff5eed0000 	C:\Program Files\Java\jdk-17.0.1\bin\verify.dll
0x00007fff5ea50000 - 0x00007fff5ea59000 	C:\Program Files\Java\jdk-17.0.1\bin\management.dll
0x00007fff5e5c0000 - 0x00007fff5e5cb000 	C:\Program Files\Java\jdk-17.0.1\bin\management_ext.dll
0x00007fff5cfc0000 - 0x00007fff5cfd7000 	C:\WINDOWS\system32\napinsp.dll
0x00007fff5cfa0000 - 0x00007fff5cfbb000 	C:\WINDOWS\system32\pnrpnsp.dll
0x00007fffa8d80000 - 0x00007fffa8e73000 	C:\WINDOWS\SYSTEM32\DNSAPI.dll
0x00007fffa8d10000 - 0x00007fffa8d3d000 	C:\WINDOWS\SYSTEM32\IPHLPAPI.DLL
0x00007fffabc90000 - 0x00007fffabc99000 	C:\WINDOWS\System32\NSI.dll
0x00007fff5cd30000 - 0x00007fff5cd41000 	C:\WINDOWS\System32\winrnr.dll
0x00007fff9e9b0000 - 0x00007fff9e9c5000 	C:\WINDOWS\system32\wshbth.dll
0x00007fff5c4f0000 - 0x00007fff5c511000 	C:\WINDOWS\system32\nlansp_c.dll
0x00007fff84810000 - 0x00007fff8481a000 	C:\Windows\System32\rasadhlp.dll
0x00007fff9d3f0000 - 0x00007fff9d474000 	C:\WINDOWS\System32\fwpuclnt.dll
0x00007fffa9a00000 - 0x00007fffa9a1b000 	C:\WINDOWS\SYSTEM32\CRYPTSP.dll
0x00007fffa9210000 - 0x00007fffa9245000 	C:\WINDOWS\system32\rsaenh.dll
0x00007fffa98a0000 - 0x00007fffa98cc000 	C:\WINDOWS\SYSTEM32\USERENV.dll
0x00007fffa9bc0000 - 0x00007fffa9be8000 	C:\WINDOWS\SYSTEM32\bcrypt.dll
0x00007fffa9a20000 - 0x00007fffa9a2c000 	C:\WINDOWS\SYSTEM32\CRYPTBASE.dll
0x00007fff9e990000 - 0x00007fff9e9a9000 	C:\WINDOWS\SYSTEM32\dhcpcsvc6.DLL
0x00007fff9e910000 - 0x00007fff9e92f000 	C:\WINDOWS\SYSTEM32\dhcpcsvc.DLL
0x00007fff9f960000 - 0x00007fff9f96e000 	C:\Program Files\Java\jdk-17.0.1\bin\sunmscapi.dll
0x00007fffaa1f0000 - 0x00007fffaa357000 	C:\WINDOWS\System32\CRYPT32.dll
0x00007fffa9b90000 - 0x00007fffa9bbe000 	C:\WINDOWS\SYSTEM32\ncrypt.dll
0x00007fffa9b50000 - 0x00007fffa9b87000 	C:\WINDOWS\SYSTEM32\NTASN1.dll
0x00007fff478a0000 - 0x00007fff478a8000 	C:\WINDOWS\system32\wshunix.dll

dbghelp: loaded successfully - version: 4.0.5 - missing functions: none
symbol engine: initialized successfully - sym options: 0x614 - pdb path: .;C:\Program Files\Java\jdk-17.0.1\bin;C:\WINDOWS\SYSTEM32;C:\WINDOWS\WinSxS\amd64_microsoft.windows.common-controls_6595b64144ccf1df_6.0.22621.1635_none_270f70857386168e;C:\Program Files\Java\jdk-17.0.1\bin\server

VM Arguments:
jvm_args: -Dfile.encoding=UTF-8 -XX:+ShowCodeDetailsInExceptionMessages 
java_command: com.trantanphong.Application
java_class_path (initial): D:\ThucTapTotNghiep\QuanLyBanNuocHoa\target\classes;C:\Users\mrpho\.m2\repository\org\springframework\boot\spring-boot-starter-data-jpa\2.7.5\spring-boot-starter-data-jpa-2.7.5.jar;C:\Users\mrpho\.m2\repository\org\springframework\boot\spring-boot-starter-aop\2.7.5\spring-boot-starter-aop-2.7.5.jar;C:\Users\mrpho\.m2\repository\org\aspectj\aspectjweaver\1.9.7\aspectjweaver-1.9.7.jar;C:\Users\mrpho\.m2\repository\org\springframework\boot\spring-boot-starter-jdbc\2.7.5\spring-boot-starter-jdbc-2.7.5.jar;C:\Users\mrpho\.m2\repository\com\zaxxer\HikariCP\4.0.3\HikariCP-4.0.3.jar;C:\Users\mrpho\.m2\repository\org\springframework\spring-jdbc\5.3.23\spring-jdbc-5.3.23.jar;C:\Users\mrpho\.m2\repository\jakarta\transaction\jakarta.transaction-api\1.3.3\jakarta.transaction-api-1.3.3.jar;C:\Users\mrpho\.m2\repository\jakarta\persistence\jakarta.persistence-api\2.2.3\jakarta.persistence-api-2.2.3.jar;C:\Users\mrpho\.m2\repository\org\hibernate\hibernate-core\5.6.12.Final\hibernate-core-5.6.12.Final.jar;C:\Users\mrpho\.m2\repository\org\jboss\logging\jboss-logging\3.4.3.Final\jboss-logging-3.4.3.Final.jar;C:\Users\mrpho\.m2\repository\net\bytebuddy\byte-buddy\1.12.18\byte-buddy-1.12.18.jar;C:\Users\mrpho\.m2\repository\antlr\antlr\2.7.7\antlr-2.7.7.jar;C:\Users\mrpho\.m2\repository\org\jboss\jandex\2.4.2.Final\jandex-2.4.2.Final.jar;C:\Users\mrpho\.m2\repository\com\fasterxml\classmate\1.5.1\classmate-1.5.1.jar;C:\Users\mrpho\.m2\repository\org\hibernate\common\hibernate-commons-annotations\5.1.2.Final\hibernate-commons-annotations-5.1.2.Final.jar;C:\Users\mrpho\.m2\repository\org\glassfish\jaxb\jaxb-runtime\2.3.7\jaxb-runtime-2.3.7.jar;C:\Users\mrpho\.m2\repository\org\glassfish\jaxb\txw2\2.3.7\txw2-2.3.7.jar;C:\Users\mrpho\.m2\repository\com\sun\istack\istack-commons-runtime\3.0.12\istack-commons-runtime-3.0.12.jar;C:\Users\mrpho\.m2\repository\com\sun\activation\jakarta.activation\1.2.2\jakarta.activation-1.2.2.jar;C:\Users\mrpho\.m2\repository\or
Launcher Type: SUN_STANDARD

[Global flags]
     intx CICompilerCount                          = 4                                         {product} {ergonomic}
     uint ConcGCThreads                            = 2                                         {product} {ergonomic}
     uint G1ConcRefinementThreads                  = 8                                         {product} {ergonomic}
   size_t G1HeapRegionSize                         = 1048576                                   {product} {ergonomic}
    uintx GCDrainStackTargetSize                   = 64                                        {product} {ergonomic}
   size_t InitialHeapSize                          = 132120576                                 {product} {ergonomic}
   size_t MarkStackSize                            = 4194304                                   {product} {ergonomic}
   size_t MaxHeapSize                              = 2090860544                                {product} {ergonomic}
   size_t MaxNewSize                               = 1254096896                                {product} {ergonomic}
   size_t MinHeapDeltaBytes                        = 1048576                                   {product} {ergonomic}
   size_t MinHeapSize                              = 8388608                                   {product} {ergonomic}
    uintx NonNMethodCodeHeapSize                   = 5839372                                {pd product} {ergonomic}
    uintx NonProfiledCodeHeapSize                  = 122909434                              {pd product} {ergonomic}
    uintx ProfiledCodeHeapSize                     = 122909434                              {pd product} {ergonomic}
    uintx ReservedCodeCacheSize                    = 251658240                              {pd product} {ergonomic}
     bool SegmentedCodeCache                       = true                                      {product} {ergonomic}
     bool ShowCodeDetailsInExceptionMessages       = true                                   {manageable} {command line}
   size_t SoftMaxHeapSize                          = 2090860544                             {manageable} {ergonomic}
     bool UseCompressedClassPointers               = true                           {product lp64_product} {ergonomic}
     bool UseCompressedOops                        = true                           {product lp64_product} {ergonomic}
     bool UseG1GC                                  = true                                      {product} {ergonomic}
     bool UseLargePagesIndividualAllocation        = false                                  {pd product} {ergonomic}

Logging:
Log output configuration:
 #0: stdout all=warning uptime,level,tags
 #1: stderr all=off uptime,level,tags

Environment Variables:
PATH=;C:\Program Files\Common Files\Oracle\Java\javapath;C:\WINDOWS\system32;C:\WINDOWS;C:\WINDOWS\System32\Wbem;C:\WINDOWS\System32\WindowsPowerShell\v1.0\;C:\WINDOWS\System32\OpenSSH\;C:\Program Files (x86)\Dev-Cpp\MinGW64\bin;C:\Program Files\Microsoft SQL Server\Client SDK\ODBC\170\Tools\Binn\;C:\Program Files (x86)\Microsoft SQL Server\150\Tools\Binn\;C:\Program Files\Microsoft SQL Server\150\Tools\Binn\;C:\Program Files\Microsoft SQL Server\150\DTS\Binn\;C:\Program Files\Azure Data Studio\bin;C:\Program Files (x86)\NVIDIA Corporation\PhysX\Common;C:\Program Files\Java\jdk-17.0.1\bin\;C:\Program Files\Microsoft SQL Server\120\DTS\Binn\;C:\Program Files\Microsoft SQL Server\Client SDK\ODBC\110\Tools\Binn\;C:\Program Files (x86)\Microsoft SQL Server\120\Tools\Binn\;C:\Program Files\Microsoft SQL Server\120\Tools\Binn\;C:\Program Files (x86)\Microsoft SQL Server\120\Tools\Binn\ManagementStudio\;C:\Program Files (x86)\Microsoft SQL Server\120\DTS\Binn\;C:\Program Files\dotnet\;C:\Program Files\Microsoft SQL Server\130\Tools\Binn\;C:\Program Files (x86)\dotnet\;C:\Program Files\Git\cmd;C:\WINDOWS\system32;C:\WINDOWS;C:\WINDOWS\System32\Wbem;C:\WINDOWS\System32\WindowsPowerShell\v1.0\;C:\WINDOWS\System32\OpenSSH\;C:\Program Files\nodejs\;C:\Users\mrpho\AppData\Local\Programs\Python\Python39;C:\Users\mrpho\AppData\Local\Programs\Python\Python39\Scripts;C:\Program Files\NVIDIA Corporation\Nsight Compute 2022.4.0\;C:\Users\mrpho\AppData\Local\Microsoft\WindowsApps;C:\Program Files\JetBrains\PyCharm Community Edition 2021.2\bin;;C:\Users\mrpho\AppData\Local\Programs\Microsoft VS Code\bin;C:\Program Files\Azure Data Studio\bin;C:\Users\mrpho\OneDrive\Documents\flutter_windows_2.8.1-stable\flutter\bin;C:\Users\mrpho\.dotnet\tools;C:\Users\mrpho\AppData\Local\GitHubDesktop\bin;C:\Users\mrpho\AppData\Roaming\npm;C:\Program Files\NVIDIA GPU Computing Toolkit\CUDA\v12.0\bin;C:\Program Files\NVIDIA GPU Computing Toolkit\CUDA\v12.0\libnvvp;
USERNAME=mrpho
OS=Windows_NT
PROCESSOR_IDENTIFIER=Intel64 Family 6 Model 126 Stepping 5, GenuineIntel



---------------  S Y S T E M  ---------------

OS:
 Windows 10 , 64 bit Build 22621 (10.0.22621.1928)
OS uptime: 0 days 0:22 hours

CPU: total 8 (initial active 8) (4 cores per cpu, 2 threads per core) family 6 model 126 stepping 5 microcode 0x86, cx8, cmov, fxsr, ht, mmx, 3dnowpref, sse, sse2, sse3, ssse3, sse4.1, sse4.2, popcnt, lzcnt, tsc, tscinvbit, avx, avx2, aes, erms, clmul, bmi1, bmi2, adx, avx512f, avx512dq, avx512cd, avx512bw, avx512vl, sha, fma, vzeroupper, avx512_vpopcntdq, avx512_vpclmulqdq, avx512_vaes, avx512_vnni, clflush, clflushopt, avx512_vbmi2, avx512_vbmi

Memory: 4k page, system-wide physical 7973M (601M free)
TotalPageFile size 12730M (AvailPageFile size 11M)
current process WorkingSet (physical memory assigned to process): 304M, peak: 330M
current process commit charge ("private bytes"): 373M, peak: 392M

vm_info: Java HotSpot(TM) 64-Bit Server VM (17.0.1+12-LTS-39) for windows-amd64 JRE (17.0.1+12-LTS-39), built on Sep 27 2021 18:41:35 by "mach5one" with MS VC++ 16.8 (VS2019)

END.
