#
# There is insufficient memory for the Java Runtime Environment to continue.
# Native memory allocation (malloc) failed to allocate 2097152 bytes for AllocateHeap
# Possible reasons:
#   The system is out of physical RAM or swap space
#   The process is running with CompressedOops enabled, and the Java Heap may be blocking the growth of the native heap
# Possible solutions:
#   Reduce memory load on the system
#   Increase physical memory or swap space
#   Check if swap backing store is full
#   Decrease Java heap size (-Xmx/-Xms)
#   Decrease number of Java threads
#   Decrease Java thread stack sizes (-Xss)
#   Set larger code cache with -XX:ReservedCodeCacheSize=
#   JVM is running with Unscaled Compressed Oops mode in which the Java heap is
#     placed in the first 4GB address space. The Java Heap base address is the
#     maximum limit for the native heap growth. Please use -XX:HeapBaseMinAddress
#     to set the Java Heap base and to place the Java Heap above 4GB virtual address.
# This output file may be truncated or incomplete.
#
#  Out of Memory Error (allocation.cpp:44), pid=7412, tid=18176
#
# JRE version: OpenJDK Runtime Environment Temurin-17.0.7+7 (17.0.7+7) (build 17.0.7+7)
# Java VM: OpenJDK 64-Bit Server VM Temurin-17.0.7+7 (17.0.7+7, mixed mode, emulated-client, tiered, compressed oops, compressed class ptrs, g1 gc, windows-amd64)
# No core dump will be written. Minidumps are not enabled by default on client versions of Windows
#

---------------  S U M M A R Y ------------

Command Line: -XX:+HeapDumpOnOutOfMemoryError -Xmx1024m -Dsts.lsp.client=vscode -Dsts.log.file=/dev/null -XX:TieredStopAtLevel=1 -Xlog:jni+resolve=off -Dspring.config.location=file:c:\Users\mrpho\.vscode\extensions\vmware.vscode-spring-boot-1.47.0\language-server\BOOT-INF\classes\application.properties org.springframework.ide.vscode.boot.app.BootLanguageServerBootApp

Host: Intel(R) Core(TM) i5-1035G1 CPU @ 1.00GHz, 8 cores, 7G,  Windows 11 , 64 bit Build 22621 (10.0.22621.1928)
Time: Fri Jul 21 12:27:37 2023 SE Asia Standard Time elapsed time: 436.979174 seconds (0d 0h 7m 16s)

---------------  T H R E A D  ---------------

Current thread (0x00000273949d2b40):  VMThread "VM Thread" [stack: 0x000000bc48000000,0x000000bc48100000] [id=18176]

Stack: [0x000000bc48000000,0x000000bc48100000]
Native frames: (J=compiled Java code, j=interpreted, Vv=VM code, C=native code)
V  [jvm.dll+0x67754a]
V  [jvm.dll+0x834304]
V  [jvm.dll+0x835aae]
V  [jvm.dll+0x836113]
V  [jvm.dll+0x24696f]
V  [jvm.dll+0xa681f]
V  [jvm.dll+0x2f7481]
V  [jvm.dll+0x2f30f0]
V  [jvm.dll+0x2db6c7]
V  [jvm.dll+0x31e777]
V  [jvm.dll+0x83a5bb]
V  [jvm.dll+0x83b2f4]
V  [jvm.dll+0x83b80c]
V  [jvm.dll+0x83bbe4]
V  [jvm.dll+0x83bcb0]
V  [jvm.dll+0x7e4e7a]
V  [jvm.dll+0x676395]
C  [ucrtbase.dll+0x29363]
C  [KERNEL32.DLL+0x126ad]
C  [ntdll.dll+0x5aa68]

VM_Operation (0x000000bc496ff170): G1CollectFull, mode: safepoint, requested by thread 0x0000027394b6e9c0


---------------  P R O C E S S  ---------------

Threads class SMR info:
_java_thread_list=0x000002739a7d6c30, length=31, elements={
0x0000027394a1d9b0, 0x0000027394a1e880, 0x0000027394b68880, 0x0000027394b69550,
0x0000027394b6d1b0, 0x0000027394b6f360, 0x0000027394b74700, 0x0000027394b753b0,
0x0000027394b6be70, 0x0000027394b6db50, 0x0000027394b6c340, 0x0000027394b6c810,
0x0000027394b6e9c0, 0x0000027394b6cce0, 0x0000027394b6d680, 0x0000027394b6ee90,
0x0000027394b6e020, 0x000002739a6a87f0, 0x000002739a6a8cc0, 0x000002739a6a9660,
0x000002739a6ae360, 0x000002739a6aae70, 0x000002739b8d8610, 0x000002739b8d9950,
0x000002739b8dac90, 0x000002739b8d9480, 0x000002739b8d77a0, 0x000002739b8d6e00,
0x000002739b8dbfd0, 0x000002739b8dce40, 0x000002739b8dc970
}

Java Threads: ( => current thread )
  0x0000027394a1d9b0 JavaThread "Reference Handler" daemon [_thread_blocked, id=12748, stack(0x000000bc48100000,0x000000bc48200000)]
  0x0000027394a1e880 JavaThread "Finalizer" daemon [_thread_blocked, id=7120, stack(0x000000bc48200000,0x000000bc48300000)]
  0x0000027394b68880 JavaThread "Signal Dispatcher" daemon [_thread_blocked, id=8520, stack(0x000000bc48300000,0x000000bc48400000)]
  0x0000027394b69550 JavaThread "Attach Listener" daemon [_thread_blocked, id=13944, stack(0x000000bc48400000,0x000000bc48500000)]
  0x0000027394b6d1b0 JavaThread "Service Thread" daemon [_thread_blocked, id=12896, stack(0x000000bc48500000,0x000000bc48600000)]
  0x0000027394b6f360 JavaThread "Monitor Deflation Thread" daemon [_thread_blocked, id=12900, stack(0x000000bc48600000,0x000000bc48700000)]
  0x0000027394b74700 JavaThread "C1 CompilerThread0" daemon [_thread_blocked, id=9700, stack(0x000000bc48700000,0x000000bc48800000)]
  0x0000027394b753b0 JavaThread "Sweeper thread" daemon [_thread_blocked, id=7448, stack(0x000000bc48800000,0x000000bc48900000)]
  0x0000027394b6be70 JavaThread "Notification Thread" daemon [_thread_blocked, id=15320, stack(0x000000bc48b00000,0x000000bc48c00000)]
  0x0000027394b6db50 JavaThread "Common-Cleaner" daemon [_thread_blocked, id=19504, stack(0x000000bc48d00000,0x000000bc48e00000)]
  0x0000027394b6c340 JavaThread "boundedElastic-evictor-1" daemon [_thread_blocked, id=2600, stack(0x000000bc49400000,0x000000bc49500000)]
  0x0000027394b6c810 JavaThread "boundedElastic-evictor-2" daemon [_thread_blocked, id=11444, stack(0x000000bc49500000,0x000000bc49600000)]
  0x0000027394b6e9c0 JavaThread "pool-10-thread-1" [_thread_blocked, id=14652, stack(0x000000bc49600000,0x000000bc49700000)]
  0x0000027394b6cce0 JavaThread "LanguageServerApp-lifecycle" [_thread_blocked, id=20184, stack(0x000000bc49800000,0x000000bc49900000)]
  0x0000027394b6d680 JavaThread "DestroyJavaVM" [_thread_blocked, id=7176, stack(0x000000bc47a00000,0x000000bc47b00000)]
  0x0000027394b6ee90 JavaThread "pool-11-thread-1" [_thread_in_native, id=15348, stack(0x000000bc49900000,0x000000bc49a00000)]
  0x0000027394b6e020 JavaThread "Simple-Language-Server main thread" daemon [_thread_blocked, id=15548, stack(0x000000bc49a00000,0x000000bc49b00000)]
  0x000002739a6a87f0 JavaThread "parallel-1" daemon [_thread_blocked, id=17232, stack(0x000000bc4ab00000,0x000000bc4ac00000)]
  0x000002739a6a8cc0 JavaThread "ForkJoinPool.commonPool-worker-2" daemon [_thread_blocked, id=18132, stack(0x000000bc4ad00000,0x000000bc4ae00000)]
  0x000002739a6a9660 JavaThread "pool-4-thread-1" [_thread_blocked, id=13356, stack(0x000000bc4b100000,0x000000bc4b200000)]
  0x000002739a6ae360 JavaThread "parallel-2" daemon [_thread_blocked, id=2520, stack(0x000000bc4b200000,0x000000bc4b300000)]
  0x000002739a6aae70 JavaThread "ForkJoinPool.commonPool-worker-3" daemon [_thread_blocked, id=14212, stack(0x000000bc4b700000,0x000000bc4b800000)]
  0x000002739b8d8610 JavaThread "ForkJoinPool.commonPool-worker-5" daemon [_thread_blocked, id=20400, stack(0x000000bc4ba00000,0x000000bc4bb00000)]
  0x000002739b8d9950 JavaThread "parallel-3" daemon [_thread_blocked, id=18364, stack(0x000000bc4bd00000,0x000000bc4be00000)]
  0x000002739b8dac90 JavaThread "parallel-4" daemon [_thread_blocked, id=19368, stack(0x000000bc4be00000,0x000000bc4bf00000)]
  0x000002739b8d9480 JavaThread "parallel-5" daemon [_thread_blocked, id=19496, stack(0x000000bc4b000000,0x000000bc4b100000)]
  0x000002739b8d77a0 JavaThread "parallel-6" daemon [_thread_blocked, id=13892, stack(0x000000bc4b900000,0x000000bc4ba00000)]
  0x000002739b8d6e00 JavaThread "parallel-7" daemon [_thread_blocked, id=19276, stack(0x000000bc49f00000,0x000000bc4a000000)]
  0x000002739b8dbfd0 JavaThread "parallel-8" daemon [_thread_blocked, id=14924, stack(0x000000bc4a000000,0x000000bc4a100000)]
  0x000002739b8dce40 JavaThread "Reconciler-1" daemon [_thread_blocked, id=980, stack(0x000000bc4a100000,0x000000bc4a200000)]
  0x000002739b8dc970 JavaThread "pool-6-thread-1" [_thread_blocked, id=17224, stack(0x000000bc4a300000,0x000000bc4a400000)]

Other Threads:
=>0x00000273949d2b40 VMThread "VM Thread" [stack: 0x000000bc48000000,0x000000bc48100000] [id=18176]
  0x0000027394d75da0 WatcherThread [stack: 0x000000bc48c00000,0x000000bc48d00000] [id=13868]
  0x0000027389c25840 GCTaskThread "GC Thread#0" [stack: 0x000000bc47b00000,0x000000bc47c00000] [id=7300]
  0x0000027394cacd20 GCTaskThread "GC Thread#1" [stack: 0x000000bc48a00000,0x000000bc48b00000] [id=11484]
  0x0000027394cacfd0 GCTaskThread "GC Thread#2" [stack: 0x000000bc48e00000,0x000000bc48f00000] [id=14780]
  0x0000027394ce5340 GCTaskThread "GC Thread#3" [stack: 0x000000bc48f00000,0x000000bc49000000] [id=12028]
  0x000002739997fc70 GCTaskThread "GC Thread#4" [stack: 0x000000bc49000000,0x000000bc49100000] [id=16140]
  0x00000273996089c0 GCTaskThread "GC Thread#5" [stack: 0x000000bc49100000,0x000000bc49200000] [id=19844]
  0x0000027399608c70 GCTaskThread "GC Thread#6" [stack: 0x000000bc49200000,0x000000bc49300000] [id=19132]
  0x0000027399609330 GCTaskThread "GC Thread#7" [stack: 0x000000bc49300000,0x000000bc49400000] [id=4852]
  0x0000027389c2e690 ConcurrentGCThread "G1 Main Marker" [stack: 0x000000bc47c00000,0x000000bc47d00000] [id=7044]
  0x0000027389c2efb0 ConcurrentGCThread "G1 Conc#0" [stack: 0x000000bc47d00000,0x000000bc47e00000] [id=18172]
  0x0000027399e64450 ConcurrentGCThread "G1 Conc#1" [stack: 0x000000bc49700000,0x000000bc49800000] [id=17916]
  0x0000027389c94320 ConcurrentGCThread "G1 Refine#0" [stack: 0x000000bc47e00000,0x000000bc47f00000] [id=12888]
  0x000002739a097bd0 ConcurrentGCThread "G1 Refine#1" [stack: 0x000000bc4b400000,0x000000bc4b500000] [id=17052]
  0x000002739a098d10 ConcurrentGCThread "G1 Refine#2" [stack: 0x000000bc4b500000,0x000000bc4b600000] [id=20036]
  0x000002739a098ff0 ConcurrentGCThread "G1 Refine#3" [stack: 0x000000bc4b600000,0x000000bc4b700000] [id=10140]
  0x000002739a098190 ConcurrentGCThread "G1 Refine#4" [stack: 0x000000bc4bb00000,0x000000bc4bc00000] [id=15900]
  0x000002739bd122e0 ConcurrentGCThread "G1 Refine#5" [stack: 0x000000bc47700000,0x000000bc47800000] [id=9748]
  0x000002739bd12e60 ConcurrentGCThread "G1 Refine#6" [stack: 0x000000bc4bc00000,0x000000bc4bd00000] [id=12032]
  0x000002739bd128a0 ConcurrentGCThread "G1 Refine#7" [stack: 0x000000bc4bf00000,0x000000bc4c000000] [id=11932]
  0x0000027389c94c50 ConcurrentGCThread "G1 Service" [stack: 0x000000bc47f00000,0x000000bc48000000] [id=12880]

Threads with active compile tasks:

VM state: at safepoint (normal execution)

VM Mutex/Monitor currently owned by a thread:  ([mutex/lock_event])
[0x0000027389be4760] Threads_lock - owner thread: 0x00000273949d2b40
[0x0000027389be3f80] Heap_lock - owner thread: 0x0000027394b6e9c0

Heap address: 0x00000000c0000000, size: 1024 MB, Compressed Oops mode: 32-bit

CDS archive(s) not mapped
Compressed class space mapped at: 0x0000000100000000-0x0000000140000000, reserved size: 1073741824
Narrow klass base: 0x0000000000000000, Narrow klass shift: 3, Narrow klass range: 0x140000000

GC Precious Log:
 CPUs: 8 total, 8 available
 Memory: 7973M
 Large Page Support: Disabled
 NUMA Support: Disabled
 Compressed Oops: Enabled (32-bit)
 Heap Region Size: 1M
 Heap Min Capacity: 8M
 Heap Initial Capacity: 126M
 Heap Max Capacity: 1G
 Pre-touch: Disabled
 Parallel Workers: 8
 Concurrent Workers: 2
 Concurrent Refinement Workers: 8
 Periodic GC: Disabled

Heap:
 garbage-first heap   total 160768K, used 47736K [0x00000000c0000000, 0x0000000100000000)
  region size 1024K, 1 young (1024K), 0 survivors (0K)
 Metaspace       used 66827K, committed 67648K, reserved 1114112K
  class space    used 9043K, committed 9344K, reserved 1048576K

Heap Regions: E=young(eden), S=young(survivor), O=old, HS=humongous(starts), HC=humongous(continues), CS=collection set, F=free, OA=open archive, CA=closed archive, TAMS=top-at-mark-start (previous, next)
|   0|0x00000000c0000000, 0x00000000c0100000, 0x00000000c0100000|100%|HS|  |TAMS 0x00000000c0100000, 0x00000000c0000000| Untracked 
|   1|0x00000000c0100000, 0x00000000c0200000, 0x00000000c0200000|100%| O|  |TAMS 0x00000000c0200000, 0x00000000c0100000| Untracked 
|   2|0x00000000c0200000, 0x00000000c02fffd8, 0x00000000c0300000| 99%| O|  |TAMS 0x00000000c02fffd8, 0x00000000c0200000| Untracked 
|   3|0x00000000c0300000, 0x00000000c0400000, 0x00000000c0400000|100%| O|  |TAMS 0x00000000c0400000, 0x00000000c0300000| Untracked 
|   4|0x00000000c0400000, 0x00000000c04ffff8, 0x00000000c0500000| 99%| O|  |TAMS 0x00000000c04ffff8, 0x00000000c0400000| Untracked 
|   5|0x00000000c0500000, 0x00000000c05ffff0, 0x00000000c0600000| 99%| O|  |TAMS 0x00000000c05ffff0, 0x00000000c0500000| Untracked 
|   6|0x00000000c0600000, 0x00000000c0700000, 0x00000000c0700000|100%| O|  |TAMS 0x00000000c0700000, 0x00000000c0600000| Untracked 
|   7|0x00000000c0700000, 0x00000000c0800000, 0x00000000c0800000|100%| O|  |TAMS 0x00000000c0800000, 0x00000000c0700000| Untracked 
|   8|0x00000000c0800000, 0x00000000c0900000, 0x00000000c0900000|100%| O|  |TAMS 0x00000000c0900000, 0x00000000c0800000| Untracked 
|   9|0x00000000c0900000, 0x00000000c0a00000, 0x00000000c0a00000|100%| O|  |TAMS 0x00000000c0a00000, 0x00000000c0900000| Untracked 
|  10|0x00000000c0a00000, 0x00000000c0affff0, 0x00000000c0b00000| 99%| O|  |TAMS 0x00000000c0affff0, 0x00000000c0a00000| Untracked 
|  11|0x00000000c0b00000, 0x00000000c0bffff8, 0x00000000c0c00000| 99%| O|  |TAMS 0x00000000c0bffff8, 0x00000000c0b00000| Untracked 
|  12|0x00000000c0c00000, 0x00000000c0cfffb0, 0x00000000c0d00000| 99%| O|  |TAMS 0x00000000c0cfffb0, 0x00000000c0c00000| Untracked 
|  13|0x00000000c0d00000, 0x00000000c0dffff0, 0x00000000c0e00000| 99%| O|  |TAMS 0x00000000c0dffff0, 0x00000000c0d00000| Untracked 
|  14|0x00000000c0e00000, 0x00000000c0eff790, 0x00000000c0f00000| 99%| O|  |TAMS 0x00000000c0eff790, 0x00000000c0e00000| Untracked 
|  15|0x00000000c0f00000, 0x00000000c0ffffe8, 0x00000000c1000000| 99%| O|  |TAMS 0x00000000c0ffffe8, 0x00000000c0f00000| Untracked 
|  16|0x00000000c1000000, 0x00000000c10fffe8, 0x00000000c1100000| 99%| O|  |TAMS 0x00000000c10fffe8, 0x00000000c1000000| Untracked 
|  17|0x00000000c1100000, 0x00000000c1200000, 0x00000000c1200000|100%| O|  |TAMS 0x00000000c1200000, 0x00000000c1100000| Untracked 
|  18|0x00000000c1200000, 0x00000000c12ffff8, 0x00000000c1300000| 99%| O|  |TAMS 0x00000000c12ffff8, 0x00000000c1200000| Untracked 
|  19|0x00000000c1300000, 0x00000000c13ffff0, 0x00000000c1400000| 99%| O|  |TAMS 0x00000000c13ffff0, 0x00000000c1300000| Untracked 
|  20|0x00000000c1400000, 0x00000000c14fffe8, 0x00000000c1500000| 99%| O|  |TAMS 0x00000000c14fffe8, 0x00000000c1400000| Untracked 
|  21|0x00000000c1500000, 0x00000000c15ffff0, 0x00000000c1600000| 99%| O|  |TAMS 0x00000000c15ffff0, 0x00000000c1500000| Untracked 
|  22|0x00000000c1600000, 0x00000000c16fffe8, 0x00000000c1700000| 99%| O|  |TAMS 0x00000000c16fffe8, 0x00000000c1600000| Untracked 
|  23|0x00000000c1700000, 0x00000000c17fffe0, 0x00000000c1800000| 99%| O|  |TAMS 0x00000000c17fffe0, 0x00000000c1700000| Untracked 
|  24|0x00000000c1800000, 0x00000000c18f7380, 0x00000000c1900000| 96%| O|  |TAMS 0x00000000c18f7380, 0x00000000c1800000| Untracked 
|  25|0x00000000c1900000, 0x00000000c19fffe0, 0x00000000c1a00000| 99%| O|  |TAMS 0x00000000c19fffe0, 0x00000000c1900000| Untracked 
|  26|0x00000000c1a00000, 0x00000000c1affff8, 0x00000000c1b00000| 99%| O|  |TAMS 0x00000000c1affff8, 0x00000000c1a00000| Untracked 
|  27|0x00000000c1b00000, 0x00000000c1bffff0, 0x00000000c1c00000| 99%| O|  |TAMS 0x00000000c1bffff0, 0x00000000c1b00000| Untracked 
|  28|0x00000000c1c00000, 0x00000000c1cffff0, 0x00000000c1d00000| 99%| O|  |TAMS 0x00000000c1cffff0, 0x00000000c1c00000| Untracked 
|  29|0x00000000c1d00000, 0x00000000c1dfff98, 0x00000000c1e00000| 99%| O|  |TAMS 0x00000000c1dfff98, 0x00000000c1d00000| Untracked 
|  30|0x00000000c1e00000, 0x00000000c1f00000, 0x00000000c1f00000|100%| O|  |TAMS 0x00000000c1f00000, 0x00000000c1e00000| Untracked 
|  31|0x00000000c1f00000, 0x00000000c1ffffd0, 0x00000000c2000000| 99%| O|  |TAMS 0x00000000c1ffffd0, 0x00000000c1f00000| Untracked 
|  32|0x00000000c2000000, 0x00000000c20ffff0, 0x00000000c2100000| 99%| O|  |TAMS 0x00000000c20ffff0, 0x00000000c2000000| Untracked 
|  33|0x00000000c2100000, 0x00000000c21fffd8, 0x00000000c2200000| 99%| O|  |TAMS 0x00000000c21fffd8, 0x00000000c2100000| Untracked 
|  34|0x00000000c2200000, 0x00000000c2300000, 0x00000000c2300000|100%| O|  |TAMS 0x00000000c2300000, 0x00000000c2200000| Untracked 
|  35|0x00000000c2300000, 0x00000000c23ffff8, 0x00000000c2400000| 99%| O|  |TAMS 0x00000000c23ffff8, 0x00000000c2300000| Untracked 
|  36|0x00000000c2400000, 0x00000000c24d9050, 0x00000000c2500000| 84%| O|  |TAMS 0x00000000c2400000, 0x00000000c2400000| Untracked 
|  37|0x00000000c2500000, 0x00000000c25ffe38, 0x00000000c2600000| 99%| O|  |TAMS 0x00000000c25ffe38, 0x00000000c2500000| Untracked 
|  38|0x00000000c2600000, 0x00000000c26d1c70, 0x00000000c2700000| 81%| O|  |TAMS 0x00000000c2600000, 0x00000000c2600000| Untracked 
|  39|0x00000000c2700000, 0x00000000c27fffb8, 0x00000000c2800000| 99%| O|  |TAMS 0x00000000c27fffb8, 0x00000000c2700000| Untracked 
|  40|0x00000000c2800000, 0x00000000c2800000, 0x00000000c2900000|  0%| F|  |TAMS 0x00000000c2800000, 0x00000000c2800000| Untracked 
|  41|0x00000000c2900000, 0x00000000c2900000, 0x00000000c2a00000|  0%| F|  |TAMS 0x00000000c2900000, 0x00000000c2900000| Untracked 
|  42|0x00000000c2a00000, 0x00000000c2a00000, 0x00000000c2b00000|  0%| F|  |TAMS 0x00000000c2a00000, 0x00000000c2a00000| Untracked 
|  43|0x00000000c2b00000, 0x00000000c2bfcf78, 0x00000000c2c00000| 98%| O|  |TAMS 0x00000000c2bfcf78, 0x00000000c2b00000| Untracked 
|  44|0x00000000c2c00000, 0x00000000c2cffff0, 0x00000000c2d00000| 99%| O|  |TAMS 0x00000000c2cffff0, 0x00000000c2c00000| Untracked 
|  45|0x00000000c2d00000, 0x00000000c2d00000, 0x00000000c2e00000|  0%| F|  |TAMS 0x00000000c2d00000, 0x00000000c2d00000| Untracked 
|  46|0x00000000c2e00000, 0x00000000c2effff8, 0x00000000c2f00000| 99%| O|  |TAMS 0x00000000c2effff8, 0x00000000c2e00000| Untracked 
|  47|0x00000000c2f00000, 0x00000000c2f00000, 0x00000000c3000000|  0%| F|  |TAMS 0x00000000c2f00000, 0x00000000c2f00000| Untracked 
|  48|0x00000000c3000000, 0x00000000c30ffff0, 0x00000000c3100000| 99%| O|  |TAMS 0x00000000c30ffff0, 0x00000000c3000000| Untracked 
|  49|0x00000000c3100000, 0x00000000c31fff80, 0x00000000c3200000| 99%| O|  |TAMS 0x00000000c31fff80, 0x00000000c3100000| Untracked 
|  50|0x00000000c3200000, 0x00000000c3200000, 0x00000000c3300000|  0%| F|  |TAMS 0x00000000c3200000, 0x00000000c3200000| Untracked 
|  51|0x00000000c3300000, 0x00000000c3300000, 0x00000000c3400000|  0%| F|  |TAMS 0x00000000c3300000, 0x00000000c3300000| Untracked 
|  52|0x00000000c3400000, 0x00000000c3400000, 0x00000000c3500000|  0%| F|  |TAMS 0x00000000c3400000, 0x00000000c3400000| Untracked 
|  53|0x00000000c3500000, 0x00000000c3500000, 0x00000000c3600000|  0%| F|  |TAMS 0x00000000c3500000, 0x00000000c3500000| Untracked 
|  54|0x00000000c3600000, 0x00000000c3600000, 0x00000000c3700000|  0%| F|  |TAMS 0x00000000c3600000, 0x00000000c3600000| Untracked 
|  55|0x00000000c3700000, 0x00000000c3700000, 0x00000000c3800000|  0%| F|  |TAMS 0x00000000c3700000, 0x00000000c3700000| Untracked 
|  56|0x00000000c3800000, 0x00000000c3900000, 0x00000000c3900000|100%|HS|  |TAMS 0x00000000c3900000, 0x00000000c3800000| Untracked 
|  57|0x00000000c3900000, 0x00000000c3900000, 0x00000000c3a00000|  0%| F|  |TAMS 0x00000000c3900000, 0x00000000c3900000| Untracked 
|  58|0x00000000c3a00000, 0x00000000c3a00000, 0x00000000c3b00000|  0%| F|  |TAMS 0x00000000c3a00000, 0x00000000c3a00000| Untracked 
|  59|0x00000000c3b00000, 0x00000000c3b00000, 0x00000000c3c00000|  0%| F|  |TAMS 0x00000000c3b00000, 0x00000000c3b00000| Untracked 
|  60|0x00000000c3c00000, 0x00000000c3c00000, 0x00000000c3d00000|  0%| F|  |TAMS 0x00000000c3c00000, 0x00000000c3c00000| Untracked 
|  61|0x00000000c3d00000, 0x00000000c3d00000, 0x00000000c3e00000|  0%| F|  |TAMS 0x00000000c3d00000, 0x00000000c3d00000| Untracked 
|  62|0x00000000c3e00000, 0x00000000c3e00000, 0x00000000c3f00000|  0%| F|  |TAMS 0x00000000c3e00000, 0x00000000c3e00000| Untracked 
|  63|0x00000000c3f00000, 0x00000000c3f00000, 0x00000000c4000000|  0%| F|  |TAMS 0x00000000c3f00000, 0x00000000c3f00000| Untracked 
|  64|0x00000000c4000000, 0x00000000c4000000, 0x00000000c4100000|  0%| F|  |TAMS 0x00000000c4000000, 0x00000000c4000000| Untracked 
|  65|0x00000000c4100000, 0x00000000c4100000, 0x00000000c4200000|  0%| F|  |TAMS 0x00000000c4100000, 0x00000000c4100000| Untracked 
|  66|0x00000000c4200000, 0x00000000c4200000, 0x00000000c4300000|  0%| F|  |TAMS 0x00000000c4200000, 0x00000000c4200000| Untracked 
|  67|0x00000000c4300000, 0x00000000c4300000, 0x00000000c4400000|  0%| F|  |TAMS 0x00000000c4300000, 0x00000000c4300000| Untracked 
|  68|0x00000000c4400000, 0x00000000c4400000, 0x00000000c4500000|  0%| F|  |TAMS 0x00000000c4400000, 0x00000000c4400000| Untracked 
|  69|0x00000000c4500000, 0x00000000c4500000, 0x00000000c4600000|  0%| F|  |TAMS 0x00000000c4500000, 0x00000000c4500000| Untracked 
|  70|0x00000000c4600000, 0x00000000c4600000, 0x00000000c4700000|  0%| F|  |TAMS 0x00000000c4600000, 0x00000000c4600000| Untracked 
|  71|0x00000000c4700000, 0x00000000c4700000, 0x00000000c4800000|  0%| F|  |TAMS 0x00000000c4700000, 0x00000000c4700000| Untracked 
|  72|0x00000000c4800000, 0x00000000c4800000, 0x00000000c4900000|  0%| F|  |TAMS 0x00000000c4800000, 0x00000000c4800000| Untracked 
|  73|0x00000000c4900000, 0x00000000c4900000, 0x00000000c4a00000|  0%| F|  |TAMS 0x00000000c4900000, 0x00000000c4900000| Untracked 
|  74|0x00000000c4a00000, 0x00000000c4a00000, 0x00000000c4b00000|  0%| F|  |TAMS 0x00000000c4a00000, 0x00000000c4a00000| Untracked 
|  75|0x00000000c4b00000, 0x00000000c4b00000, 0x00000000c4c00000|  0%| F|  |TAMS 0x00000000c4b00000, 0x00000000c4b00000| Untracked 
|  76|0x00000000c4c00000, 0x00000000c4c00000, 0x00000000c4d00000|  0%| F|  |TAMS 0x00000000c4c00000, 0x00000000c4c00000| Untracked 
|  77|0x00000000c4d00000, 0x00000000c4d00000, 0x00000000c4e00000|  0%| F|  |TAMS 0x00000000c4d00000, 0x00000000c4d00000| Untracked 
|  78|0x00000000c4e00000, 0x00000000c4e00000, 0x00000000c4f00000|  0%| F|  |TAMS 0x00000000c4e00000, 0x00000000c4e00000| Untracked 
|  79|0x00000000c4f00000, 0x00000000c4f00000, 0x00000000c5000000|  0%| F|  |TAMS 0x00000000c4f00000, 0x00000000c4f00000| Untracked 
|  80|0x00000000c5000000, 0x00000000c5000000, 0x00000000c5100000|  0%| F|  |TAMS 0x00000000c5000000, 0x00000000c5000000| Untracked 
|  81|0x00000000c5100000, 0x00000000c5100000, 0x00000000c5200000|  0%| F|  |TAMS 0x00000000c5100000, 0x00000000c5100000| Untracked 
|  82|0x00000000c5200000, 0x00000000c5200000, 0x00000000c5300000|  0%| F|  |TAMS 0x00000000c5200000, 0x00000000c5200000| Untracked 
|  83|0x00000000c5300000, 0x00000000c5400000, 0x00000000c5400000|100%| O|  |TAMS 0x00000000c5400000, 0x00000000c5300000| Untracked 
|  84|0x00000000c5400000, 0x00000000c5400000, 0x00000000c5500000|  0%| F|  |TAMS 0x00000000c5400000, 0x00000000c5400000| Untracked 
|  85|0x00000000c5500000, 0x00000000c5500000, 0x00000000c5600000|  0%| F|  |TAMS 0x00000000c5500000, 0x00000000c5500000| Untracked 
|  86|0x00000000c5600000, 0x00000000c5600000, 0x00000000c5700000|  0%| F|  |TAMS 0x00000000c5600000, 0x00000000c5600000| Untracked 
|  87|0x00000000c5700000, 0x00000000c5700000, 0x00000000c5800000|  0%| F|  |TAMS 0x00000000c5700000, 0x00000000c5700000| Untracked 
|  88|0x00000000c5800000, 0x00000000c5800000, 0x00000000c5900000|  0%| F|  |TAMS 0x00000000c5800000, 0x00000000c5800000| Untracked 
|  89|0x00000000c5900000, 0x00000000c5900000, 0x00000000c5a00000|  0%| F|  |TAMS 0x00000000c5900000, 0x00000000c5900000| Untracked 
|  90|0x00000000c5a00000, 0x00000000c5a00000, 0x00000000c5b00000|  0%| F|  |TAMS 0x00000000c5a00000, 0x00000000c5a00000| Untracked 
|  91|0x00000000c5b00000, 0x00000000c5b00000, 0x00000000c5c00000|  0%| F|  |TAMS 0x00000000c5b00000, 0x00000000c5b00000| Untracked 
|  92|0x00000000c5c00000, 0x00000000c5c00000, 0x00000000c5d00000|  0%| F|  |TAMS 0x00000000c5c00000, 0x00000000c5c00000| Untracked 
|  93|0x00000000c5d00000, 0x00000000c5d00000, 0x00000000c5e00000|  0%| F|  |TAMS 0x00000000c5d00000, 0x00000000c5d00000| Untracked 
|  94|0x00000000c5e00000, 0x00000000c5e00000, 0x00000000c5f00000|  0%| F|  |TAMS 0x00000000c5e00000, 0x00000000c5e00000| Untracked 
|  95|0x00000000c5f00000, 0x00000000c5f00000, 0x00000000c6000000|  0%| F|  |TAMS 0x00000000c5f00000, 0x00000000c5f00000| Untracked 
|  96|0x00000000c6000000, 0x00000000c6000000, 0x00000000c6100000|  0%| F|  |TAMS 0x00000000c6000000, 0x00000000c6000000| Untracked 
|  97|0x00000000c6100000, 0x00000000c6100000, 0x00000000c6200000|  0%| F|  |TAMS 0x00000000c6100000, 0x00000000c6100000| Untracked 
|  98|0x00000000c6200000, 0x00000000c6200000, 0x00000000c6300000|  0%| F|  |TAMS 0x00000000c6200000, 0x00000000c6200000| Untracked 
|  99|0x00000000c6300000, 0x00000000c6300000, 0x00000000c6400000|  0%| F|  |TAMS 0x00000000c6300000, 0x00000000c6300000| Untracked 
| 100|0x00000000c6400000, 0x00000000c6400000, 0x00000000c6500000|  0%| F|  |TAMS 0x00000000c6400000, 0x00000000c6400000| Untracked 
| 101|0x00000000c6500000, 0x00000000c6500000, 0x00000000c6600000|  0%| F|  |TAMS 0x00000000c6500000, 0x00000000c6500000| Untracked 
| 102|0x00000000c6600000, 0x00000000c6600000, 0x00000000c6700000|  0%| F|  |TAMS 0x00000000c6600000, 0x00000000c6600000| Untracked 
| 103|0x00000000c6700000, 0x00000000c6700000, 0x00000000c6800000|  0%| F|  |TAMS 0x00000000c6700000, 0x00000000c6700000| Untracked 
| 104|0x00000000c6800000, 0x00000000c6800000, 0x00000000c6900000|  0%| F|  |TAMS 0x00000000c6800000, 0x00000000c6800000| Untracked 
| 105|0x00000000c6900000, 0x00000000c6900000, 0x00000000c6a00000|  0%| F|  |TAMS 0x00000000c6900000, 0x00000000c6900000| Untracked 
| 106|0x00000000c6a00000, 0x00000000c6a00000, 0x00000000c6b00000|  0%| F|  |TAMS 0x00000000c6a00000, 0x00000000c6a00000| Untracked 
| 107|0x00000000c6b00000, 0x00000000c6b00000, 0x00000000c6c00000|  0%| F|  |TAMS 0x00000000c6b00000, 0x00000000c6b00000| Untracked 
| 108|0x00000000c6c00000, 0x00000000c6c00000, 0x00000000c6d00000|  0%| F|  |TAMS 0x00000000c6c00000, 0x00000000c6c00000| Untracked 
| 109|0x00000000c6d00000, 0x00000000c6d00000, 0x00000000c6e00000|  0%| F|  |TAMS 0x00000000c6d00000, 0x00000000c6d00000| Untracked 
| 110|0x00000000c6e00000, 0x00000000c6e00000, 0x00000000c6f00000|  0%| F|  |TAMS 0x00000000c6e00000, 0x00000000c6e00000| Untracked 
| 111|0x00000000c6f00000, 0x00000000c6f00000, 0x00000000c7000000|  0%| F|  |TAMS 0x00000000c6f00000, 0x00000000c6f00000| Untracked 
| 112|0x00000000c7000000, 0x00000000c7000000, 0x00000000c7100000|  0%| F|  |TAMS 0x00000000c7000000, 0x00000000c7000000| Untracked 
| 113|0x00000000c7100000, 0x00000000c7100000, 0x00000000c7200000|  0%| F|  |TAMS 0x00000000c7100000, 0x00000000c7100000| Untracked 
| 114|0x00000000c7200000, 0x00000000c7200000, 0x00000000c7300000|  0%| F|  |TAMS 0x00000000c7200000, 0x00000000c7200000| Untracked 
| 115|0x00000000c7300000, 0x00000000c7300000, 0x00000000c7400000|  0%| F|  |TAMS 0x00000000c7300000, 0x00000000c7300000| Untracked 
| 116|0x00000000c7400000, 0x00000000c7400000, 0x00000000c7500000|  0%| F|  |TAMS 0x00000000c7400000, 0x00000000c7400000| Untracked 
| 117|0x00000000c7500000, 0x00000000c7500000, 0x00000000c7600000|  0%| F|  |TAMS 0x00000000c7500000, 0x00000000c7500000| Untracked 
| 118|0x00000000c7600000, 0x00000000c7600000, 0x00000000c7700000|  0%| F|  |TAMS 0x00000000c7600000, 0x00000000c7600000| Untracked 
| 119|0x00000000c7700000, 0x00000000c7700000, 0x00000000c7800000|  0%| F|  |TAMS 0x00000000c7700000, 0x00000000c7700000| Untracked 
| 120|0x00000000c7800000, 0x00000000c7800000, 0x00000000c7900000|  0%| F|  |TAMS 0x00000000c7800000, 0x00000000c7800000| Untracked 
| 121|0x00000000c7900000, 0x00000000c7900000, 0x00000000c7a00000|  0%| F|  |TAMS 0x00000000c7900000, 0x00000000c7900000| Untracked 
| 122|0x00000000c7a00000, 0x00000000c7a00000, 0x00000000c7b00000|  0%| F|  |TAMS 0x00000000c7a00000, 0x00000000c7a00000| Untracked 
| 123|0x00000000c7b00000, 0x00000000c7b00000, 0x00000000c7c00000|  0%| F|  |TAMS 0x00000000c7b00000, 0x00000000c7b00000| Untracked 
| 124|0x00000000c7c00000, 0x00000000c7c00000, 0x00000000c7d00000|  0%| F|  |TAMS 0x00000000c7c00000, 0x00000000c7c00000| Untracked 
| 125|0x00000000c7d00000, 0x00000000c7d00000, 0x00000000c7e00000|  0%| F|  |TAMS 0x00000000c7d00000, 0x00000000c7d00000| Untracked 
| 126|0x00000000c7e00000, 0x00000000c7e00000, 0x00000000c7f00000|  0%| F|  |TAMS 0x00000000c7e00000, 0x00000000c7e00000| Untracked 
| 127|0x00000000c7f00000, 0x00000000c7f00000, 0x00000000c8000000|  0%| F|  |TAMS 0x00000000c7f00000, 0x00000000c7f00000| Untracked 
| 128|0x00000000c8000000, 0x00000000c8000000, 0x00000000c8100000|  0%| F|  |TAMS 0x00000000c8000000, 0x00000000c8000000| Untracked 
| 129|0x00000000c8100000, 0x00000000c8100000, 0x00000000c8200000|  0%| F|  |TAMS 0x00000000c8100000, 0x00000000c8100000| Untracked 
| 130|0x00000000c8200000, 0x00000000c8200000, 0x00000000c8300000|  0%| F|  |TAMS 0x00000000c8200000, 0x00000000c8200000| Untracked 
| 131|0x00000000c8300000, 0x00000000c8300000, 0x00000000c8400000|  0%| F|  |TAMS 0x00000000c8300000, 0x00000000c8300000| Untracked 
| 132|0x00000000c8400000, 0x00000000c8400000, 0x00000000c8500000|  0%| F|  |TAMS 0x00000000c8400000, 0x00000000c8400000| Untracked 
| 133|0x00000000c8500000, 0x00000000c8500000, 0x00000000c8600000|  0%| F|  |TAMS 0x00000000c8500000, 0x00000000c8500000| Untracked 
| 134|0x00000000c8600000, 0x00000000c8600000, 0x00000000c8700000|  0%| F|  |TAMS 0x00000000c8600000, 0x00000000c8600000| Untracked 
| 135|0x00000000c8700000, 0x00000000c8700000, 0x00000000c8800000|  0%| F|  |TAMS 0x00000000c8700000, 0x00000000c8700000| Untracked 
| 136|0x00000000c8800000, 0x00000000c8800000, 0x00000000c8900000|  0%| F|  |TAMS 0x00000000c8800000, 0x00000000c8800000| Untracked 
| 137|0x00000000c8900000, 0x00000000c8900000, 0x00000000c8a00000|  0%| F|  |TAMS 0x00000000c8900000, 0x00000000c8900000| Untracked 
| 138|0x00000000c8a00000, 0x00000000c8a00000, 0x00000000c8b00000|  0%| F|  |TAMS 0x00000000c8a00000, 0x00000000c8a00000| Untracked 
| 139|0x00000000c8b00000, 0x00000000c8b00000, 0x00000000c8c00000|  0%| F|  |TAMS 0x00000000c8b00000, 0x00000000c8b00000| Untracked 
| 140|0x00000000c8c00000, 0x00000000c8c00000, 0x00000000c8d00000|  0%| F|  |TAMS 0x00000000c8c00000, 0x00000000c8c00000| Untracked 
| 141|0x00000000c8d00000, 0x00000000c8d00000, 0x00000000c8e00000|  0%| F|  |TAMS 0x00000000c8d00000, 0x00000000c8d00000| Untracked 
| 142|0x00000000c8e00000, 0x00000000c8e00000, 0x00000000c8f00000|  0%| F|  |TAMS 0x00000000c8e00000, 0x00000000c8e00000| Untracked 
| 143|0x00000000c8f00000, 0x00000000c8f00000, 0x00000000c9000000|  0%| F|  |TAMS 0x00000000c8f00000, 0x00000000c8f00000| Untracked 
| 144|0x00000000c9000000, 0x00000000c9000000, 0x00000000c9100000|  0%| F|  |TAMS 0x00000000c9000000, 0x00000000c9000000| Untracked 
| 145|0x00000000c9100000, 0x00000000c9100000, 0x00000000c9200000|  0%| F|  |TAMS 0x00000000c9100000, 0x00000000c9100000| Untracked 
| 146|0x00000000c9200000, 0x00000000c9200000, 0x00000000c9300000|  0%| F|  |TAMS 0x00000000c9200000, 0x00000000c9200000| Untracked 
| 147|0x00000000c9300000, 0x00000000c9300000, 0x00000000c9400000|  0%| F|  |TAMS 0x00000000c9300000, 0x00000000c9300000| Untracked 
| 148|0x00000000c9400000, 0x00000000c9400000, 0x00000000c9500000|  0%| F|  |TAMS 0x00000000c9400000, 0x00000000c9400000| Untracked 
| 149|0x00000000c9500000, 0x00000000c9500000, 0x00000000c9600000|  0%| F|  |TAMS 0x00000000c9500000, 0x00000000c9500000| Untracked 
| 150|0x00000000c9600000, 0x00000000c9600000, 0x00000000c9700000|  0%| F|  |TAMS 0x00000000c9600000, 0x00000000c9600000| Untracked 
| 151|0x00000000c9700000, 0x00000000c9700000, 0x00000000c9800000|  0%| F|  |TAMS 0x00000000c9700000, 0x00000000c9700000| Untracked 
| 152|0x00000000c9800000, 0x00000000c9800000, 0x00000000c9900000|  0%| F|  |TAMS 0x00000000c9800000, 0x00000000c9800000| Untracked 
| 153|0x00000000c9900000, 0x00000000c9900000, 0x00000000c9a00000|  0%| F|  |TAMS 0x00000000c9900000, 0x00000000c9900000| Untracked 
| 154|0x00000000c9a00000, 0x00000000c9a00000, 0x00000000c9b00000|  0%| F|  |TAMS 0x00000000c9a00000, 0x00000000c9a00000| Untracked 
| 155|0x00000000c9b00000, 0x00000000c9b00000, 0x00000000c9c00000|  0%| F|  |TAMS 0x00000000c9b00000, 0x00000000c9b00000| Untracked 
| 156|0x00000000c9c00000, 0x00000000c9c20fb8, 0x00000000c9d00000| 12%| E|  |TAMS 0x00000000c9c00000, 0x00000000c9c00000| Complete 

Card table byte_map: [0x000002738fb70000,0x000002738fd70000] _byte_map_base: 0x000002738f570000

Marking Bits (Prev, Next): (CMBitMap*) 0x0000027389c25da0, (CMBitMap*) 0x0000027389c25d60
 Prev Bits: [0x0000027390f70000, 0x0000027391f70000)
 Next Bits: [0x000002738ff70000, 0x0000027390f70000)

Polling page: 0x0000027387d40000

Metaspace:

Usage:
  Non-class:     56.43 MB used.
      Class:      8.83 MB used.
       Both:     65.26 MB used.

Virtual space:
  Non-class space:       64.00 MB reserved,      56.94 MB ( 89%) committed,  1 nodes.
      Class space:        1.00 GB reserved,       9.12 MB ( <1%) committed,  1 nodes.
             Both:        1.06 GB reserved,      66.06 MB (  6%) committed. 

Chunk freelists:
   Non-Class:  6.40 MB
       Class:  7.02 MB
        Both:  13.42 MB

MaxMetaspaceSize: unlimited
CompressedClassSpaceSize: 1.00 GB
Initial GC threshold: 21.00 MB
Current GC threshold: 110.12 MB
CDS: off
MetaspaceReclaimPolicy: balanced
 - commit_granule_bytes: 65536.
 - commit_granule_words: 8192.
 - virtual_space_node_default_size: 8388608.
 - enlarge_chunks_in_place: 1.
 - new_chunks_are_fully_committed: 0.
 - uncommit_free_chunks: 1.
 - use_allocation_guard: 0.
 - handle_deallocations: 1.


Internal statistics:

num_allocs_failed_limit: 6.
num_arena_births: 740.
num_arena_deaths: 232.
num_vsnodes_births: 2.
num_vsnodes_deaths: 0.
num_space_committed: 1057.
num_space_uncommitted: 0.
num_chunks_returned_to_freelist: 285.
num_chunks_taken_from_freelist: 2918.
num_chunk_merges: 97.
num_chunk_splits: 2043.
num_chunks_enlarged: 1527.
num_inconsistent_stats: 0.

CodeCache: size=49152Kb used=20075Kb max_used=21501Kb free=29076Kb
 bounds [0x000002738c860000, 0x000002738dda0000, 0x000002738f860000]
 total_blobs=11337 nmethods=10671 adapters=592
 compilation: enabled
              stopped_count=0, restarted_count=0
 full_count=0

Compilation events (20 events):
Event: 259.629 Thread 0x0000027394b74700 10845       1       org.eclipse.lsp4j.CodeActionParams::getRange (5 bytes)
Event: 259.630 Thread 0x0000027394b74700 nmethod 10845 0x000002738d882510 code [0x000002738d8826a0, 0x000002738d882778]
Event: 259.866 Thread 0x0000027394b74700 10846       1       org.eclipse.jdt.internal.compiler.classfmt.ClassFileStruct::i4At (69 bytes)
Event: 259.866 Thread 0x0000027394b74700 nmethod 10846 0x000002738d882110 code [0x000002738d8822a0, 0x000002738d8823f8]
Event: 259.881 Thread 0x0000027394b74700 10847       1       ch.qos.logback.classic.Logger::debug (16 bytes)
Event: 259.881 Thread 0x0000027394b74700 nmethod 10847 0x000002738d881e10 code [0x000002738d881fa0, 0x000002738d8820a8]
Event: 259.882 Thread 0x0000027394b74700 10848       1       org.eclipse.jdt.internal.compiler.codegen.ConstantPool::literalIndex (392 bytes)
Event: 259.884 Thread 0x0000027394b74700 nmethod 10848 0x000002738d880410 code [0x000002738d8806e0, 0x000002738d881308]
Event: 294.006 Thread 0x0000027394b74700 10849       1       java.util.concurrent.ThreadPoolExecutor::getQueue (5 bytes)
Event: 294.006 Thread 0x0000027394b74700 nmethod 10849 0x000002738d880110 code [0x000002738d8802a0, 0x000002738d880378]
Event: 294.006 Thread 0x0000027394b74700 10850       1       java.util.concurrent.ScheduledThreadPoolExecutor$DelayedWorkQueue::setIndex (16 bytes)
Event: 294.006 Thread 0x0000027394b74700 nmethod 10850 0x000002738d87fd90 code [0x000002738d87ff20, 0x000002738d880038]
Event: 304.753 Thread 0x0000027394b74700 10853       1       java.lang.invoke.LambdaForm$MH/0x000000010008bc00::invoke (148 bytes)
Event: 304.753 Thread 0x0000027394b74700 nmethod 10853 0x000002738dd9ed90 code [0x000002738dd9efc0, 0x000002738dd9f3c8]
Event: 325.034 Thread 0x0000027394b74700 10854       1       java.util.concurrent.TimeUnit::convert (77 bytes)
Event: 325.034 Thread 0x0000027394b74700 nmethod 10854 0x000002738dd9e790 code [0x000002738dd9e980, 0x000002738dd9ec08]
Event: 353.994 Thread 0x0000027394b74700 10855       1       java.util.concurrent.ScheduledThreadPoolExecutor$ScheduledFutureTask::getDelay (16 bytes)
Event: 353.994 Thread 0x0000027394b74700 nmethod 10855 0x000002738dd9e410 code [0x000002738dd9e5a0, 0x000002738dd9e6c8]
Event: 355.581 Thread 0x0000027394b74700 10856       1       java.util.concurrent.locks.LockSupport::parkNanos (29 bytes)
Event: 355.582 Thread 0x0000027394b74700 nmethod 10856 0x000002738dd9e010 code [0x000002738dd9e1c0, 0x000002738dd9e3a8]

GC Heap History (20 events):
Event: 335.283 GC heap before
{Heap before GC invocations=63 (full 4):
 garbage-first heap   total 163840K, used 47736K [0x00000000c0000000, 0x0000000100000000)
  region size 1024K, 1 young (1024K), 0 survivors (0K)
 Metaspace       used 66827K, committed 67648K, reserved 1114112K
  class space    used 9043K, committed 9344K, reserved 1048576K
}
Event: 335.323 GC heap after
{Heap after GC invocations=64 (full 5):
 garbage-first heap   total 163840K, used 47736K [0x00000000c0000000, 0x0000000100000000)
  region size 1024K, 0 young (0K), 0 survivors (0K)
 Metaspace       used 66827K, committed 67648K, reserved 1114112K
  class space    used 9043K, committed 9344K, reserved 1048576K
}
Event: 345.421 GC heap before
{Heap before GC invocations=64 (full 5):
 garbage-first heap   total 163840K, used 47736K [0x00000000c0000000, 0x0000000100000000)
  region size 1024K, 1 young (1024K), 0 survivors (0K)
 Metaspace       used 66827K, committed 67648K, reserved 1114112K
  class space    used 9043K, committed 9344K, reserved 1048576K
}
Event: 345.453 GC heap after
{Heap after GC invocations=65 (full 6):
 garbage-first heap   total 163840K, used 47736K [0x00000000c0000000, 0x0000000100000000)
  region size 1024K, 0 young (0K), 0 survivors (0K)
 Metaspace       used 66827K, committed 67648K, reserved 1114112K
  class space    used 9043K, committed 9344K, reserved 1048576K
}
Event: 355.546 GC heap before
{Heap before GC invocations=65 (full 6):
 garbage-first heap   total 163840K, used 47736K [0x00000000c0000000, 0x0000000100000000)
  region size 1024K, 1 young (1024K), 0 survivors (0K)
 Metaspace       used 66827K, committed 67648K, reserved 1114112K
  class space    used 9043K, committed 9344K, reserved 1048576K
}
Event: 355.581 GC heap after
{Heap after GC invocations=66 (full 7):
 garbage-first heap   total 163840K, used 47736K [0x00000000c0000000, 0x0000000100000000)
  region size 1024K, 0 young (0K), 0 survivors (0K)
 Metaspace       used 66827K, committed 67648K, reserved 1114112K
  class space    used 9043K, committed 9344K, reserved 1048576K
}
Event: 365.687 GC heap before
{Heap before GC invocations=66 (full 7):
 garbage-first heap   total 163840K, used 47736K [0x00000000c0000000, 0x0000000100000000)
  region size 1024K, 1 young (1024K), 0 survivors (0K)
 Metaspace       used 66827K, committed 67648K, reserved 1114112K
  class space    used 9043K, committed 9344K, reserved 1048576K
}
Event: 365.716 GC heap after
{Heap after GC invocations=67 (full 8):
 garbage-first heap   total 163840K, used 47736K [0x00000000c0000000, 0x0000000100000000)
  region size 1024K, 0 young (0K), 0 survivors (0K)
 Metaspace       used 66827K, committed 67648K, reserved 1114112K
  class space    used 9043K, committed 9344K, reserved 1048576K
}
Event: 375.871 GC heap before
{Heap before GC invocations=67 (full 8):
 garbage-first heap   total 163840K, used 47736K [0x00000000c0000000, 0x0000000100000000)
  region size 1024K, 1 young (1024K), 0 survivors (0K)
 Metaspace       used 66827K, committed 67648K, reserved 1114112K
  class space    used 9043K, committed 9344K, reserved 1048576K
}
Event: 375.929 GC heap after
{Heap after GC invocations=68 (full 9):
 garbage-first heap   total 160768K, used 47736K [0x00000000c0000000, 0x0000000100000000)
  region size 1024K, 0 young (0K), 0 survivors (0K)
 Metaspace       used 66827K, committed 67648K, reserved 1114112K
  class space    used 9043K, committed 9344K, reserved 1048576K
}
Event: 386.120 GC heap before
{Heap before GC invocations=68 (full 9):
 garbage-first heap   total 160768K, used 47736K [0x00000000c0000000, 0x0000000100000000)
  region size 1024K, 1 young (1024K), 0 survivors (0K)
 Metaspace       used 66827K, committed 67648K, reserved 1114112K
  class space    used 9043K, committed 9344K, reserved 1048576K
}
Event: 386.185 GC heap after
{Heap after GC invocations=69 (full 10):
 garbage-first heap   total 160768K, used 47736K [0x00000000c0000000, 0x0000000100000000)
  region size 1024K, 0 young (0K), 0 survivors (0K)
 Metaspace       used 66827K, committed 67648K, reserved 1114112K
  class space    used 9043K, committed 9344K, reserved 1048576K
}
Event: 396.365 GC heap before
{Heap before GC invocations=69 (full 10):
 garbage-first heap   total 160768K, used 47736K [0x00000000c0000000, 0x0000000100000000)
  region size 1024K, 1 young (1024K), 0 survivors (0K)
 Metaspace       used 66827K, committed 67648K, reserved 1114112K
  class space    used 9043K, committed 9344K, reserved 1048576K
}
Event: 396.429 GC heap after
{Heap after GC invocations=70 (full 11):
 garbage-first heap   total 160768K, used 47736K [0x00000000c0000000, 0x0000000100000000)
  region size 1024K, 0 young (0K), 0 survivors (0K)
 Metaspace       used 66827K, committed 67648K, reserved 1114112K
  class space    used 9043K, committed 9344K, reserved 1048576K
}
Event: 406.531 GC heap before
{Heap before GC invocations=70 (full 11):
 garbage-first heap   total 160768K, used 47736K [0x00000000c0000000, 0x0000000100000000)
  region size 1024K, 1 young (1024K), 0 survivors (0K)
 Metaspace       used 66827K, committed 67648K, reserved 1114112K
  class space    used 9043K, committed 9344K, reserved 1048576K
}
Event: 406.559 GC heap after
{Heap after GC invocations=71 (full 12):
 garbage-first heap   total 160768K, used 47736K [0x00000000c0000000, 0x0000000100000000)
  region size 1024K, 0 young (0K), 0 survivors (0K)
 Metaspace       used 66827K, committed 67648K, reserved 1114112K
  class space    used 9043K, committed 9344K, reserved 1048576K
}
Event: 416.768 GC heap before
{Heap before GC invocations=71 (full 12):
 garbage-first heap   total 160768K, used 47736K [0x00000000c0000000, 0x0000000100000000)
  region size 1024K, 1 young (1024K), 0 survivors (0K)
 Metaspace       used 66827K, committed 67648K, reserved 1114112K
  class space    used 9043K, committed 9344K, reserved 1048576K
}
Event: 416.822 GC heap after
{Heap after GC invocations=72 (full 13):
 garbage-first heap   total 160768K, used 47736K [0x00000000c0000000, 0x0000000100000000)
  region size 1024K, 0 young (0K), 0 survivors (0K)
 Metaspace       used 66827K, committed 67648K, reserved 1114112K
  class space    used 9043K, committed 9344K, reserved 1048576K
}
Event: 426.913 GC heap before
{Heap before GC invocations=72 (full 13):
 garbage-first heap   total 160768K, used 47736K [0x00000000c0000000, 0x0000000100000000)
  region size 1024K, 1 young (1024K), 0 survivors (0K)
 Metaspace       used 66827K, committed 67648K, reserved 1114112K
  class space    used 9043K, committed 9344K, reserved 1048576K
}
Event: 426.945 GC heap after
{Heap after GC invocations=73 (full 14):
 garbage-first heap   total 160768K, used 47736K [0x00000000c0000000, 0x0000000100000000)
  region size 1024K, 0 young (0K), 0 survivors (0K)
 Metaspace       used 66827K, committed 67648K, reserved 1114112K
  class space    used 9043K, committed 9344K, reserved 1048576K
}

Dll operation events (9 events):
Event: 0.013 Loaded shared library c:\Users\mrpho\.vscode\extensions\redhat.java-1.20.0-win32-x64\jre\17.0.7-win32-x86_64\bin\java.dll
Event: 0.631 Loaded shared library C:\Users\mrpho\.vscode\extensions\redhat.java-1.20.0-win32-x64\jre\17.0.7-win32-x86_64\bin\net.dll
Event: 0.634 Loaded shared library C:\Users\mrpho\.vscode\extensions\redhat.java-1.20.0-win32-x64\jre\17.0.7-win32-x86_64\bin\nio.dll
Event: 1.288 Loaded shared library C:\Users\mrpho\.vscode\extensions\redhat.java-1.20.0-win32-x64\jre\17.0.7-win32-x86_64\bin\zip.dll
Event: 12.229 Loaded shared library C:\Users\mrpho\.vscode\extensions\redhat.java-1.20.0-win32-x64\jre\17.0.7-win32-x86_64\bin\jimage.dll
Event: 24.359 Loaded shared library C:\Users\mrpho\.vscode\extensions\redhat.java-1.20.0-win32-x64\jre\17.0.7-win32-x86_64\bin\management.dll
Event: 24.420 Loaded shared library C:\Users\mrpho\.vscode\extensions\redhat.java-1.20.0-win32-x64\jre\17.0.7-win32-x86_64\bin\management_ext.dll
Event: 26.867 Loaded shared library C:\Users\mrpho\.vscode\extensions\redhat.java-1.20.0-win32-x64\jre\17.0.7-win32-x86_64\bin\sunmscapi.dll
Event: 48.468 Loaded shared library c:\Users\mrpho\.vscode\extensions\redhat.java-1.20.0-win32-x64\jre\17.0.7-win32-x86_64\bin\verify.dll

Deoptimization events (20 events):
Event: 45.211 Thread 0x000002739a6a9660 DEOPT PACKING pc=0x000002738d86b6e6 sp=0x000000bc4b1fe580
Event: 45.211 Thread 0x000002739a6a9660 DEOPT UNPACKING pc=0x000002738c8bace3 sp=0x000000bc4b1fda40 mode 3
Event: 49.561 Thread 0x0000027394b6e4f0 DEOPT PACKING pc=0x000002738cde0952 sp=0x000000bc49cfdcc0
Event: 49.562 Thread 0x0000027394b6e4f0 DEOPT UNPACKING pc=0x000002738c8bace3 sp=0x000000bc49cfd1c8 mode 3
Event: 50.254 Thread 0x0000027394b6e4f0 DEOPT PACKING pc=0x000002738db3dbf4 sp=0x000000bc49cfdf40
Event: 50.254 Thread 0x0000027394b6e4f0 DEOPT UNPACKING pc=0x000002738c8bace3 sp=0x000000bc49cfd470 mode 0
Event: 50.254 Thread 0x0000027394b6e4f0 DEOPT PACKING pc=0x000002738db9029c sp=0x000000bc49cfe170
Event: 50.254 Thread 0x0000027394b6e4f0 DEOPT UNPACKING pc=0x000002738c8bace3 sp=0x000000bc49cfd678 mode 0
Event: 50.254 Thread 0x0000027394b6e4f0 DEOPT PACKING pc=0x000002738dacc1f4 sp=0x000000bc49cfe260
Event: 50.254 Thread 0x0000027394b6e4f0 DEOPT UNPACKING pc=0x000002738c8bace3 sp=0x000000bc49cfd758 mode 0
Event: 50.254 Thread 0x0000027394b6e4f0 DEOPT PACKING pc=0x000002738dac2974 sp=0x000000bc49cfe330
Event: 50.254 Thread 0x0000027394b6e4f0 DEOPT UNPACKING pc=0x000002738c8bace3 sp=0x000000bc49cfd808 mode 0
Event: 50.254 Thread 0x0000027394b6e4f0 DEOPT PACKING pc=0x000002738dabf8a4 sp=0x000000bc49cfe3e0
Event: 50.254 Thread 0x0000027394b6e4f0 DEOPT UNPACKING pc=0x000002738c8bace3 sp=0x000000bc49cfd960 mode 0
Event: 50.255 Thread 0x0000027394b6e4f0 DEOPT PACKING pc=0x000002738db512ac sp=0x000000bc49cfe700
Event: 50.255 Thread 0x0000027394b6e4f0 DEOPT UNPACKING pc=0x000002738c8bace3 sp=0x000000bc49cfdb90 mode 0
Event: 59.830 Thread 0x000002739a6a8320 DEOPT PACKING pc=0x000002738d85b420 sp=0x000000bc4affe2f0
Event: 59.830 Thread 0x000002739a6a8320 DEOPT UNPACKING pc=0x000002738c8bace3 sp=0x000000bc4affd770 mode 3
Event: 176.144 Thread 0x000002739b8dbb00 DEOPT PACKING pc=0x000002738ca862fd sp=0x000000bc478fdcf0
Event: 176.145 Thread 0x000002739b8dbb00 DEOPT UNPACKING pc=0x000002738c8bace3 sp=0x000000bc478fd258 mode 3

Classes unloaded (20 events):
Event: 304.863 Thread 0x00000273949d2b40 Unloading class 0x0000000100220800 'java/lang/invoke/LambdaForm$MH+0x0000000100220800'
Event: 304.863 Thread 0x00000273949d2b40 Unloading class 0x0000000100215000 'java/lang/invoke/LambdaForm$DMH+0x0000000100215000'
Event: 304.863 Thread 0x00000273949d2b40 Unloading class 0x0000000100091c00 'java/lang/invoke/LambdaForm$MH+0x0000000100091c00'
Event: 304.863 Thread 0x00000273949d2b40 Unloading class 0x0000000100091800 'java/lang/invoke/LambdaForm$MH+0x0000000100091800'
Event: 304.863 Thread 0x00000273949d2b40 Unloading class 0x0000000100091400 'java/lang/invoke/LambdaForm$MH+0x0000000100091400'
Event: 304.863 Thread 0x00000273949d2b40 Unloading class 0x0000000100091000 'java/lang/invoke/LambdaForm$MH+0x0000000100091000'
Event: 304.863 Thread 0x00000273949d2b40 Unloading class 0x0000000100090c00 'java/lang/invoke/LambdaForm$MH+0x0000000100090c00'
Event: 304.863 Thread 0x00000273949d2b40 Unloading class 0x0000000100090800 'java/lang/invoke/LambdaForm$MH+0x0000000100090800'
Event: 304.863 Thread 0x00000273949d2b40 Unloading class 0x0000000100090400 'java/lang/invoke/LambdaForm$MH+0x0000000100090400'
Event: 304.863 Thread 0x00000273949d2b40 Unloading class 0x0000000100090000 'java/lang/invoke/LambdaForm$MH+0x0000000100090000'
Event: 304.863 Thread 0x00000273949d2b40 Unloading class 0x000000010008b800 'java/lang/invoke/LambdaForm$MH+0x000000010008b800'
Event: 304.863 Thread 0x00000273949d2b40 Unloading class 0x000000010008b400 'java/lang/invoke/LambdaForm$MH+0x000000010008b400'
Event: 304.863 Thread 0x00000273949d2b40 Unloading class 0x000000010008b000 'java/lang/invoke/LambdaForm$MH+0x000000010008b000'
Event: 304.863 Thread 0x00000273949d2b40 Unloading class 0x000000010008ac00 'java/lang/invoke/LambdaForm$MH+0x000000010008ac00'
Event: 304.863 Thread 0x00000273949d2b40 Unloading class 0x000000010008a800 'java/lang/invoke/LambdaForm$MH+0x000000010008a800'
Event: 304.863 Thread 0x00000273949d2b40 Unloading class 0x000000010008a400 'java/lang/invoke/LambdaForm$MH+0x000000010008a400'
Event: 304.863 Thread 0x00000273949d2b40 Unloading class 0x0000000100089c00 'java/lang/invoke/LambdaForm$MH+0x0000000100089c00'
Event: 304.863 Thread 0x00000273949d2b40 Unloading class 0x0000000100089400 'java/lang/invoke/LambdaForm$MH+0x0000000100089400'
Event: 304.863 Thread 0x00000273949d2b40 Unloading class 0x0000000100088c00 'java/lang/invoke/LambdaForm$MH+0x0000000100088c00'
Event: 304.863 Thread 0x00000273949d2b40 Unloading class 0x0000000100088400 'java/lang/invoke/LambdaForm$MH+0x0000000100088400'

Classes redefined (0 events):
No events

Internal exceptions (20 events):
Event: 230.822 Thread 0x000002739b8dce40 Exception <a 'sun/nio/fs/WindowsException'{0x00000000ef8cd510}> (0x00000000ef8cd510) 
thrown [s\src\hotspot\share\prims\jni.cpp, line 516]
Event: 230.822 Thread 0x000002739b8dce40 Exception <a 'sun/nio/fs/WindowsException'{0x00000000ef8ce448}> (0x00000000ef8ce448) 
thrown [s\src\hotspot\share\prims\jni.cpp, line 516]
Event: 230.822 Thread 0x000002739b8dce40 Exception <a 'sun/nio/fs/WindowsException'{0x00000000ef8ce818}> (0x00000000ef8ce818) 
thrown [s\src\hotspot\share\prims\jni.cpp, line 516]
Event: 230.822 Thread 0x000002739b8dce40 Exception <a 'sun/nio/fs/WindowsException'{0x00000000ef8cf548}> (0x00000000ef8cf548) 
thrown [s\src\hotspot\share\prims\jni.cpp, line 516]
Event: 230.822 Thread 0x000002739b8dce40 Exception <a 'sun/nio/fs/WindowsException'{0x00000000ef8cfc48}> (0x00000000ef8cfc48) 
thrown [s\src\hotspot\share\prims\jni.cpp, line 516]
Event: 230.822 Thread 0x000002739b8dce40 Exception <a 'sun/nio/fs/WindowsException'{0x00000000ef8cffd8}> (0x00000000ef8cffd8) 
thrown [s\src\hotspot\share\prims\jni.cpp, line 516]
Event: 230.822 Thread 0x000002739b8dce40 Exception <a 'sun/nio/fs/WindowsException'{0x00000000ef8d0f10}> (0x00000000ef8d0f10) 
thrown [s\src\hotspot\share\prims\jni.cpp, line 516]
Event: 230.822 Thread 0x000002739b8dce40 Exception <a 'sun/nio/fs/WindowsException'{0x00000000ef8d12e0}> (0x00000000ef8d12e0) 
thrown [s\src\hotspot\share\prims\jni.cpp, line 516]
Event: 231.014 Thread 0x000002739b8dce40 Exception <a 'sun/nio/fs/WindowsException'{0x00000000eed77af0}> (0x00000000eed77af0) 
thrown [s\src\hotspot\share\prims\jni.cpp, line 516]
Event: 231.015 Thread 0x000002739b8dce40 Exception <a 'sun/nio/fs/WindowsException'{0x00000000eed781b0}> (0x00000000eed781b0) 
thrown [s\src\hotspot\share\prims\jni.cpp, line 516]
Event: 231.015 Thread 0x000002739b8dce40 Exception <a 'sun/nio/fs/WindowsException'{0x00000000eed78520}> (0x00000000eed78520) 
thrown [s\src\hotspot\share\prims\jni.cpp, line 516]
Event: 231.015 Thread 0x000002739b8dce40 Exception <a 'sun/nio/fs/WindowsException'{0x00000000eed79528}> (0x00000000eed79528) 
thrown [s\src\hotspot\share\prims\jni.cpp, line 516]
Event: 231.016 Thread 0x000002739b8dce40 Exception <a 'sun/nio/fs/WindowsException'{0x00000000eed798d8}> (0x00000000eed798d8) 
thrown [s\src\hotspot\share\prims\jni.cpp, line 516]
Event: 231.016 Thread 0x000002739b8dce40 Exception <a 'sun/nio/fs/WindowsException'{0x00000000eed7a608}> (0x00000000eed7a608) 
thrown [s\src\hotspot\share\prims\jni.cpp, line 516]
Event: 231.016 Thread 0x000002739b8dce40 Exception <a 'sun/nio/fs/WindowsException'{0x00000000eed7ad08}> (0x00000000eed7ad08) 
thrown [s\src\hotspot\share\prims\jni.cpp, line 516]
Event: 231.017 Thread 0x000002739b8dce40 Exception <a 'sun/nio/fs/WindowsException'{0x00000000eed7b098}> (0x00000000eed7b098) 
thrown [s\src\hotspot\share\prims\jni.cpp, line 516]
Event: 231.019 Thread 0x000002739b8dce40 Exception <a 'sun/nio/fs/WindowsException'{0x00000000eed7bfd0}> (0x00000000eed7bfd0) 
thrown [s\src\hotspot\share\prims\jni.cpp, line 516]
Event: 231.019 Thread 0x000002739b8dce40 Exception <a 'sun/nio/fs/WindowsException'{0x00000000eed7c3a0}> (0x00000000eed7c3a0) 
thrown [s\src\hotspot\share\prims\jni.cpp, line 516]
Event: 294.512 Thread 0x0000027394b6e9c0 Exception <a 'java/lang/NoSuchMethodError'{0x00000000f5af1eb0}: 'void java.lang.invoke.DirectMethodHandle$Holder.invokeStatic(java.lang.Object, long)'> (0x00000000f5af1eb0) 
thrown [s\src\hotspot\share\interpreter\linkResolver.cpp, line 759]
Event: 294.512 Thread 0x0000027394b6e9c0 Exception <a 'java/lang/NoSuchMethodError'{0x00000000f5af7260}: 'java.lang.Object java.lang.invoke.DirectMethodHandle$Holder.newInvokeSpecial(java.lang.Object, long)'> (0x00000000f5af7260) 
thrown [s\src\hotspot\share\interpreter\linkResolver.cpp, line 759]

VM Operations (20 events):
Event: 335.323 Executing VM operation: G1CollectFull done
Event: 345.421 Executing VM operation: G1CollectFull
Event: 345.453 Executing VM operation: G1CollectFull done
Event: 355.546 Executing VM operation: G1CollectFull
Event: 355.581 Executing VM operation: G1CollectFull done
Event: 365.687 Executing VM operation: G1CollectFull
Event: 365.717 Executing VM operation: G1CollectFull done
Event: 375.870 Executing VM operation: G1CollectFull
Event: 375.929 Executing VM operation: G1CollectFull done
Event: 386.120 Executing VM operation: G1CollectFull
Event: 386.185 Executing VM operation: G1CollectFull done
Event: 396.364 Executing VM operation: G1CollectFull
Event: 396.429 Executing VM operation: G1CollectFull done
Event: 406.531 Executing VM operation: G1CollectFull
Event: 406.560 Executing VM operation: G1CollectFull done
Event: 416.768 Executing VM operation: G1CollectFull
Event: 416.822 Executing VM operation: G1CollectFull done
Event: 426.913 Executing VM operation: G1CollectFull
Event: 426.945 Executing VM operation: G1CollectFull done
Event: 436.975 Executing VM operation: G1CollectFull

Events (20 events):
Event: 186.275 Thread 0x000002739a369b50 Thread added: 0x000002739a369b50
Event: 187.724 Thread 0x000002739a369b50 Thread exited: 0x000002739a369b50
Event: 192.739 Thread 0x000002739a368710 Thread exited: 0x000002739a368710
Event: 205.019 Thread 0x000002739a36a060 Thread exited: 0x000002739a36a060
Event: 265.739 Thread 0x0000027394b6f830 Thread exited: 0x0000027394b6f830
Event: 273.600 Thread 0x000002739b8dbb00 Thread exited: 0x000002739b8dbb00
Event: 294.501 loading class java/lang/ProcessBuilder
Event: 294.501 loading class java/lang/ProcessBuilder done
Event: 294.501 loading class java/lang/ProcessImpl
Event: 294.503 loading class java/lang/ProcessImpl done
Event: 294.513 loading class java/lang/ProcessImpl$2
Event: 294.513 loading class java/lang/ProcessImpl$2 done
Event: 294.514 loading class java/lang/Process$PipeInputStream
Event: 294.514 loading class java/lang/Process$PipeInputStream done
Event: 294.516 loading class jdk/internal/event/ProcessStartEvent
Event: 294.516 loading class jdk/internal/event/ProcessStartEvent done
Event: 319.382 Thread 0x000002739b8dd310 Thread exited: 0x000002739b8dd310
Event: 319.884 Thread 0x0000027394b6e4f0 Thread exited: 0x0000027394b6e4f0
Event: 319.899 Thread 0x000002739a6a8320 Thread exited: 0x000002739a6a8320
Event: 379.891 Thread 0x000002739a6a74b0 Thread exited: 0x000002739a6a74b0


Dynamic libraries:
0x00007ff6cfa80000 - 0x00007ff6cfa8e000 	c:\Users\mrpho\.vscode\extensions\redhat.java-1.20.0-win32-x64\jre\17.0.7-win32-x86_64\bin\java.exe
0x00007fffacdf0000 - 0x00007fffad004000 	C:\WINDOWS\SYSTEM32\ntdll.dll
0x00007fffac6d0000 - 0x00007fffac792000 	C:\WINDOWS\System32\KERNEL32.DLL
0x00007fffaa360000 - 0x00007fffaa703000 	C:\WINDOWS\System32\KERNELBASE.dll
0x00007fffaa7b0000 - 0x00007fffaa8c1000 	C:\WINDOWS\System32\ucrtbase.dll
0x00007fff51b40000 - 0x00007fff51b59000 	c:\Users\mrpho\.vscode\extensions\redhat.java-1.20.0-win32-x64\jre\17.0.7-win32-x86_64\bin\VCRUNTIME140.dll
0x00007fff59bc0000 - 0x00007fff59bd7000 	c:\Users\mrpho\.vscode\extensions\redhat.java-1.20.0-win32-x64\jre\17.0.7-win32-x86_64\bin\jli.dll
0x00007fffac800000 - 0x00007fffac9aa000 	C:\WINDOWS\System32\USER32.dll
0x00007fffaa8d0000 - 0x00007fffaa8f6000 	C:\WINDOWS\System32\win32u.dll
0x00007fffaadf0000 - 0x00007fffaae19000 	C:\WINDOWS\System32\GDI32.dll
0x00007fffaaab0000 - 0x00007fffaabc9000 	C:\WINDOWS\System32\gdi32full.dll
0x00007fff91ce0000 - 0x00007fff91f6e000 	C:\WINDOWS\WinSxS\amd64_microsoft.windows.common-controls_6595b64144ccf1df_6.0.22621.1635_none_270f70857386168e\COMCTL32.dll
0x00007fffaabd0000 - 0x00007fffaac77000 	C:\WINDOWS\System32\msvcrt.dll
0x00007fffaa710000 - 0x00007fffaa7aa000 	C:\WINDOWS\System32\msvcp_win.dll
0x00007fffaac80000 - 0x00007fffaacb1000 	C:\WINDOWS\System32\IMM32.DLL
0x00007fff61ad0000 - 0x00007fff61adc000 	c:\Users\mrpho\.vscode\extensions\redhat.java-1.20.0-win32-x64\jre\17.0.7-win32-x86_64\bin\vcruntime140_1.dll
0x00007fff14dd0000 - 0x00007fff14e61000 	c:\Users\mrpho\.vscode\extensions\redhat.java-1.20.0-win32-x64\jre\17.0.7-win32-x86_64\bin\msvcp140.dll
0x00007fff07080000 - 0x00007fff07cc8000 	c:\Users\mrpho\.vscode\extensions\redhat.java-1.20.0-win32-x64\jre\17.0.7-win32-x86_64\bin\server\jvm.dll
0x00007fffab750000 - 0x00007fffab7fe000 	C:\WINDOWS\System32\ADVAPI32.dll
0x00007fffabd20000 - 0x00007fffabdc4000 	C:\WINDOWS\System32\sechost.dll
0x00007fffacc90000 - 0x00007fffacda7000 	C:\WINDOWS\System32\RPCRT4.dll
0x00007fff614c0000 - 0x00007fff614c9000 	C:\WINDOWS\SYSTEM32\WSOCK32.dll
0x00007fffabca0000 - 0x00007fffabd11000 	C:\WINDOWS\System32\WS2_32.dll
0x00007fff9f700000 - 0x00007fff9f734000 	C:\WINDOWS\SYSTEM32\WINMM.dll
0x00007fff9e680000 - 0x00007fff9e68a000 	C:\WINDOWS\SYSTEM32\VERSION.dll
0x00007fffa92a0000 - 0x00007fffa92b8000 	C:\WINDOWS\SYSTEM32\kernel.appcore.dll
0x00007fff60a30000 - 0x00007fff60a3a000 	c:\Users\mrpho\.vscode\extensions\redhat.java-1.20.0-win32-x64\jre\17.0.7-win32-x86_64\bin\jimage.dll
0x00007fffa46e0000 - 0x00007fffa490e000 	C:\WINDOWS\SYSTEM32\DBGHELP.DLL
0x00007fffab900000 - 0x00007fffabc89000 	C:\WINDOWS\System32\combase.dll
0x00007fffabed0000 - 0x00007fffabfa7000 	C:\WINDOWS\System32\OLEAUT32.dll
0x00007fff77b50000 - 0x00007fff77b82000 	C:\WINDOWS\SYSTEM32\dbgcore.DLL
0x00007fffaa9c0000 - 0x00007fffaaa3a000 	C:\WINDOWS\System32\bcryptPrimitives.dll
0x00007fff06ea0000 - 0x00007fff06ec5000 	c:\Users\mrpho\.vscode\extensions\redhat.java-1.20.0-win32-x64\jre\17.0.7-win32-x86_64\bin\java.dll
0x00007fff14d70000 - 0x00007fff14d88000 	c:\Users\mrpho\.vscode\extensions\redhat.java-1.20.0-win32-x64\jre\17.0.7-win32-x86_64\bin\zip.dll
0x00007fffaae20000 - 0x00007fffab619000 	C:\WINDOWS\System32\SHELL32.dll
0x00007fffa81e0000 - 0x00007fffa8aae000 	C:\WINDOWS\SYSTEM32\windows.storage.dll
0x00007fffa80a0000 - 0x00007fffa81de000 	C:\WINDOWS\SYSTEM32\wintypes.dll
0x00007fffabdd0000 - 0x00007fffabec1000 	C:\WINDOWS\System32\SHCORE.dll
0x00007fffaad90000 - 0x00007fffaadee000 	C:\WINDOWS\System32\shlwapi.dll
0x00007fffaa120000 - 0x00007fffaa146000 	C:\WINDOWS\SYSTEM32\profapi.dll
0x00007fff31c80000 - 0x00007fff31c99000 	C:\Users\mrpho\.vscode\extensions\redhat.java-1.20.0-win32-x64\jre\17.0.7-win32-x86_64\bin\net.dll
0x00007fff9eab0000 - 0x00007fff9ebe7000 	C:\WINDOWS\SYSTEM32\WINHTTP.dll
0x00007fffa97a0000 - 0x00007fffa9809000 	C:\WINDOWS\system32\mswsock.dll
0x00007fff31c60000 - 0x00007fff31c75000 	C:\Users\mrpho\.vscode\extensions\redhat.java-1.20.0-win32-x64\jre\17.0.7-win32-x86_64\bin\nio.dll
0x00007fffa9a00000 - 0x00007fffa9a1b000 	C:\WINDOWS\SYSTEM32\CRYPTSP.dll
0x00007fffa9210000 - 0x00007fffa9245000 	C:\WINDOWS\system32\rsaenh.dll
0x00007fffa98a0000 - 0x00007fffa98cc000 	C:\WINDOWS\SYSTEM32\USERENV.dll
0x00007fffa9bc0000 - 0x00007fffa9be8000 	C:\WINDOWS\SYSTEM32\bcrypt.dll
0x00007fffa9a20000 - 0x00007fffa9a2c000 	C:\WINDOWS\SYSTEM32\CRYPTBASE.dll
0x00007fffa8d10000 - 0x00007fffa8d3d000 	C:\WINDOWS\SYSTEM32\IPHLPAPI.DLL
0x00007fffabc90000 - 0x00007fffabc99000 	C:\WINDOWS\System32\NSI.dll
0x00007fff9e990000 - 0x00007fff9e9a9000 	C:\WINDOWS\SYSTEM32\dhcpcsvc6.DLL
0x00007fff9e910000 - 0x00007fff9e92f000 	C:\WINDOWS\SYSTEM32\dhcpcsvc.DLL
0x00007fffa8d80000 - 0x00007fffa8e73000 	C:\WINDOWS\SYSTEM32\DNSAPI.dll
0x00007fff5eef0000 - 0x00007fff5eef9000 	C:\Users\mrpho\.vscode\extensions\redhat.java-1.20.0-win32-x64\jre\17.0.7-win32-x86_64\bin\management.dll
0x00007fff5eee0000 - 0x00007fff5eeeb000 	C:\Users\mrpho\.vscode\extensions\redhat.java-1.20.0-win32-x64\jre\17.0.7-win32-x86_64\bin\management_ext.dll
0x00007fffac7a0000 - 0x00007fffac7a8000 	C:\WINDOWS\System32\PSAPI.DLL
0x00007fff5ef00000 - 0x00007fff5ef0e000 	C:\Users\mrpho\.vscode\extensions\redhat.java-1.20.0-win32-x64\jre\17.0.7-win32-x86_64\bin\sunmscapi.dll
0x00007fffaa1f0000 - 0x00007fffaa357000 	C:\WINDOWS\System32\CRYPT32.dll
0x00007fffa9b90000 - 0x00007fffa9bbe000 	C:\WINDOWS\SYSTEM32\ncrypt.dll
0x00007fffa9b50000 - 0x00007fffa9b87000 	C:\WINDOWS\SYSTEM32\NTASN1.dll
0x00007fff84810000 - 0x00007fff8481a000 	C:\Windows\System32\rasadhlp.dll
0x00007fff9d3f0000 - 0x00007fff9d474000 	C:\WINDOWS\System32\fwpuclnt.dll
0x00007fff5dcd0000 - 0x00007fff5dce0000 	c:\Users\mrpho\.vscode\extensions\redhat.java-1.20.0-win32-x64\jre\17.0.7-win32-x86_64\bin\verify.dll

dbghelp: loaded successfully - version: 4.0.5 - missing functions: none
symbol engine: initialized successfully - sym options: 0x614 - pdb path: .;c:\Users\mrpho\.vscode\extensions\redhat.java-1.20.0-win32-x64\jre\17.0.7-win32-x86_64\bin;C:\WINDOWS\SYSTEM32;C:\WINDOWS\WinSxS\amd64_microsoft.windows.common-controls_6595b64144ccf1df_6.0.22621.1635_none_270f70857386168e;c:\Users\mrpho\.vscode\extensions\redhat.java-1.20.0-win32-x64\jre\17.0.7-win32-x86_64\bin\server

VM Arguments:
jvm_args: -XX:+HeapDumpOnOutOfMemoryError -Xmx1024m -Dsts.lsp.client=vscode -Dsts.log.file=/dev/null -XX:TieredStopAtLevel=1 -Xlog:jni+resolve=off -Dspring.config.location=file:c:\Users\mrpho\.vscode\extensions\vmware.vscode-spring-boot-1.47.0\language-server\BOOT-INF\classes\application.properties 
java_command: org.springframework.ide.vscode.boot.app.BootLanguageServerBootApp
java_class_path (initial): c:\Users\mrpho\.vscode\extensions\vmware.vscode-spring-boot-1.47.0\language-server\BOOT-INF\classes;c:\Users\mrpho\.vscode\extensions\vmware.vscode-spring-boot-1.47.0\language-server\BOOT-INF\lib\annotations-24.0.1.jar;c:\Users\mrpho\.vscode\extensions\vmware.vscode-spring-boot-1.47.0\language-server\BOOT-INF\lib\antlr-runtime-3.5.3.jar;c:\Users\mrpho\.vscode\extensions\vmware.vscode-spring-boot-1.47.0\language-server\BOOT-INF\lib\antlr4-4.11.1.jar;c:\Users\mrpho\.vscode\extensions\vmware.vscode-spring-boot-1.47.0\language-server\BOOT-INF\lib\antlr4-runtime-4.11.1.jar;c:\Users\mrpho\.vscode\extensions\vmware.vscode-spring-boot-1.47.0\language-server\BOOT-INF\lib\aopalliance-1.0.jar;c:\Users\mrpho\.vscode\extensions\vmware.vscode-spring-boot-1.47.0\language-server\BOOT-INF\lib\asm-9.5.jar;c:\Users\mrpho\.vscode\extensions\vmware.vscode-spring-boot-1.47.0\language-server\BOOT-INF\lib\asm-analysis-9.5.jar;c:\Users\mrpho\.vscode\extensions\vmware.vscode-spring-boot-1.47.0\language-server\BOOT-INF\lib\asm-tree-9.5.jar;c:\Users\mrpho\.vscode\extensions\vmware.vscode-spring-boot-1.47.0\language-server\BOOT-INF\lib\asm-util-9.5.jar;c:\Users\mrpho\.vscode\extensions\vmware.vscode-spring-boot-1.47.0\language-server\BOOT-INF\lib\auto-common-1.2.1.jar;c:\Users\mrpho\.vscode\extensions\vmware.vscode-spring-boot-1.47.0\language-server\BOOT-INF\lib\auto-value-annotations-1.9.jar;c:\Users\mrpho\.vscode\extensions\vmware.vscode-spring-boot-1.47.0\language-server\BOOT-INF\lib\caffeine-3.1.2.jar;c:\Users\mrpho\.vscode\extensions\vmware.vscode-spring-boot-1.47.0\language-server\BOOT-INF\lib\checker-qual-3.12.0.jar;c:\Users\mrpho\.vscode\extensions\vmware.vscode-spring-boot-1.47.0\language-server\BOOT-INF\lib\classgraph-4.8.149.jar;c:\Users\mrpho\.vscode\extensions\vmware.vscode-spring-boot-1.47.0\language-server\BOOT-INF\lib\commons-codec-1.15.jar;c:\Users\mrpho\.vscode\extensions\vmware.vscode-spring-boot-1.47.0\language-server\BOOT-INF\lib\commons-compres
Launcher Type: SUN_STANDARD

[Global flags]
     intx CICompilerCount                          = 4                                         {product} {ergonomic}
     uint ConcGCThreads                            = 2                                         {product} {ergonomic}
     uint G1ConcRefinementThreads                  = 8                                         {product} {ergonomic}
   size_t G1HeapRegionSize                         = 1048576                                   {product} {ergonomic}
    uintx GCDrainStackTargetSize                   = 64                                        {product} {ergonomic}
     bool HeapDumpOnOutOfMemoryError               = true                                   {manageable} {command line}
   size_t InitialHeapSize                          = 132120576                                 {product} {ergonomic}
   size_t MarkStackSize                            = 4194304                                   {product} {ergonomic}
   size_t MaxHeapSize                              = 1073741824                                {product} {command line}
   size_t MaxNewSize                               = 643825664                                 {product} {ergonomic}
   size_t MinHeapDeltaBytes                        = 1048576                                   {product} {ergonomic}
   size_t MinHeapSize                              = 8388608                                   {product} {ergonomic}
    uintx NonProfiledCodeHeapSize                  = 0                                      {pd product} {ergonomic}
     bool ProfileInterpreter                       = false                                  {pd product} {command line}
    uintx ProfiledCodeHeapSize                     = 0                                      {pd product} {ergonomic}
   size_t SoftMaxHeapSize                          = 1073741824                             {manageable} {ergonomic}
     intx TieredStopAtLevel                        = 1                                         {product} {command line}
     bool UseCompressedClassPointers               = true                           {product lp64_product} {ergonomic}
     bool UseCompressedOops                        = true                           {product lp64_product} {ergonomic}
     bool UseG1GC                                  = true                                      {product} {ergonomic}
     bool UseLargePagesIndividualAllocation        = false                                  {pd product} {ergonomic}

Logging:
Log output configuration:
 #0: stdout all=warning,jni+resolve=off uptime,level,tags
 #1: stderr all=off uptime,level,tags

Environment Variables:
PATH=;C:\Program Files\Common Files\Oracle\Java\javapath;C:\WINDOWS\system32;C:\WINDOWS;C:\WINDOWS\System32\Wbem;C:\WINDOWS\System32\WindowsPowerShell\v1.0\;C:\WINDOWS\System32\OpenSSH\;C:\Program Files (x86)\Dev-Cpp\MinGW64\bin;C:\Program Files\Microsoft SQL Server\Client SDK\ODBC\170\Tools\Binn\;C:\Program Files (x86)\Microsoft SQL Server\150\Tools\Binn\;C:\Program Files\Microsoft SQL Server\150\Tools\Binn\;C:\Program Files\Microsoft SQL Server\150\DTS\Binn\;C:\Program Files\Azure Data Studio\bin;C:\Program Files (x86)\NVIDIA Corporation\PhysX\Common;C:\Program Files\Java\jdk-17.0.1\bin\;C:\Program Files\Microsoft SQL Server\120\DTS\Binn\;C:\Program Files\Microsoft SQL Server\Client SDK\ODBC\110\Tools\Binn\;C:\Program Files (x86)\Microsoft SQL Server\120\Tools\Binn\;C:\Program Files\Microsoft SQL Server\120\Tools\Binn\;C:\Program Files (x86)\Microsoft SQL Server\120\Tools\Binn\ManagementStudio\;C:\Program Files (x86)\Microsoft SQL Server\120\DTS\Binn\;C:\Program Files\dotnet\;C:\Program Files\Microsoft SQL Server\130\Tools\Binn\;C:\Program Files (x86)\dotnet\;C:\Program Files\Git\cmd;C:\WINDOWS\system32;C:\WINDOWS;C:\WINDOWS\System32\Wbem;C:\WINDOWS\System32\WindowsPowerShell\v1.0\;C:\WINDOWS\System32\OpenSSH\;C:\Program Files\nodejs\;C:\Users\mrpho\AppData\Local\Programs\Python\Python39;C:\Users\mrpho\AppData\Local\Programs\Python\Python39\Scripts;C:\Program Files\NVIDIA Corporation\Nsight Compute 2022.4.0\;C:\Users\mrpho\AppData\Local\Microsoft\WindowsApps;C:\Program Files\JetBrains\PyCharm Community Edition 2021.2\bin;;C:\Users\mrpho\AppData\Local\Programs\Microsoft VS Code\bin;C:\Program Files\Azure Data Studio\bin;C:\Users\mrpho\OneDrive\Documents\flutter_windows_2.8.1-stable\flutter\bin;C:\Users\mrpho\.dotnet\tools;C:\Users\mrpho\AppData\Local\GitHubDesktop\bin;C:\Users\mrpho\AppData\Roaming\npm;C:\Program Files\NVIDIA GPU Computing Toolkit\CUDA\v12.0\bin;C:\Program Files\NVIDIA GPU Computing Toolkit\CUDA\v12.0\libnvvp;
USERNAME=mrpho
OS=Windows_NT
PROCESSOR_IDENTIFIER=Intel64 Family 6 Model 126 Stepping 5, GenuineIntel
TMP=C:\Users\mrpho\AppData\Local\Temp
TEMP=C:\Users\mrpho\AppData\Local\Temp



---------------  S Y S T E M  ---------------

OS:
 Windows 11 , 64 bit Build 22621 (10.0.22621.1928)
OS uptime: 0 days 0:10 hours

CPU: total 8 (initial active 8) (4 cores per cpu, 2 threads per core) family 6 model 126 stepping 5 microcode 0x86, cx8, cmov, fxsr, ht, mmx, 3dnowpref, sse, sse2, sse3, ssse3, sse4.1, sse4.2, popcnt, lzcnt, tsc, tscinvbit, avx, avx2, aes, erms, clmul, bmi1, bmi2, adx, avx512f, avx512dq, avx512cd, avx512bw, avx512vl, sha, fma, vzeroupper, avx512_vpopcntdq, avx512_vpclmulqdq, avx512_vaes, avx512_vnni, clflush, clflushopt, avx512_vbmi2, avx512_vbmi

Memory: 4k page, system-wide physical 7973M (555M free)
TotalPageFile size 12148M (AvailPageFile size 7M)
current process WorkingSet (physical memory assigned to process): 312M, peak: 999M
current process commit charge ("private bytes"): 355M, peak: 1119M

vm_info: OpenJDK 64-Bit Server VM (17.0.7+7) for windows-amd64 JRE (17.0.7+7), built on Apr 18 2023 22:10:42 by "temurin" with MS VC++ 16.7 (VS2019)

END.
