#
# There is insufficient memory for the Java Runtime Environment to continue.
# Native memory allocation (malloc) failed to allocate 1369296 bytes for Chunk::new
# Possible reasons:
#   The system is out of physical RAM or swap space
#   The process is running with CompressedOops enabled, and the Java Heap may be blocking the growth of the native heap
# Possible solutions:
#   Reduce memory load on the system
#   Increase physical memory or swap space
#   Check if swap backing store is full
#   Decrease Java heap size (-Xmx/-Xms)
#   Decrease number of Java threads
#   Decrease Java thread stack sizes (-Xss)
#   Set larger code cache with -XX:ReservedCodeCacheSize=
#   JVM is running with Unscaled Compressed Oops mode in which the Java heap is
#     placed in the first 4GB address space. The Java Heap base address is the
#     maximum limit for the native heap growth. Please use -XX:HeapBaseMinAddress
#     to set the Java Heap base and to place the Java Heap above 4GB virtual address.
# This output file may be truncated or incomplete.
#
#  Out of Memory Error (arena.cpp:189), pid=18312, tid=3856
#
# JRE version: OpenJDK Runtime Environment Temurin-17.0.7+7 (17.0.7+7) (build 17.0.7+7)
# Java VM: OpenJDK 64-Bit Server VM Temurin-17.0.7+7 (17.0.7+7, mixed mode, tiered, compressed oops, compressed class ptrs, parallel gc, windows-amd64)
# No core dump will be written. Minidumps are not enabled by default on client versions of Windows
#

---------------  S U M M A R Y ------------

Command Line: --add-modules=ALL-SYSTEM --add-opens=java.base/java.util=ALL-UNNAMED --add-opens=java.base/java.lang=ALL-UNNAMED --add-opens=java.base/sun.nio.fs=ALL-UNNAMED -Declipse.application=org.eclipse.jdt.ls.core.id1 -Dosgi.bundles.defaultStartLevel=4 -Declipse.product=org.eclipse.jdt.ls.core.product -Djava.import.generatesMetadataFilesAtProjectRoot=false -Dfile.encoding=utf8 -XX:+UseParallelGC -XX:GCTimeRatio=4 -XX:AdaptiveSizePolicyWeight=90 -Dsun.zip.disableMemoryMapping=true -Xmx1G -Xms100m -Xlog:disable -javaagent:c:\Users\mrpho\.vscode\extensions\redhat.java-1.20.0-win32-x64\lombok\lombok-1.18.28.jar -XX:+HeapDumpOnOutOfMemoryError -XX:HeapDumpPath=c:\Users\mrpho\AppData\Roaming\Code\User\workspaceStorage\fa1dcb944bc06db73ace05d07c856a94\redhat.java -Daether.dependencyCollector.impl=bf c:\Users\mrpho\.vscode\extensions\redhat.java-1.20.0-win32-x64\server\plugins\org.eclipse.equinox.launcher_1.6.500.v20230622-2056.jar -configuration c:\Users\mrpho\AppData\Roaming\Code\User\globalStorage\redhat.java\1.20.0\config_win -data c:\Users\mrpho\AppData\Roaming\Code\User\workspaceStorage\fa1dcb944bc06db73ace05d07c856a94\redhat.java\jdt_ws

Host: Intel(R) Core(TM) i5-1035G1 CPU @ 1.00GHz, 8 cores, 7G,  Windows 11 , 64 bit Build 22621 (10.0.22621.1928)
Time: Fri Jul 21 12:23:26 2023 SE Asia Standard Time elapsed time: 37.645684 seconds (0d 0h 0m 37s)

---------------  T H R E A D  ---------------

Current thread (0x000002463266cad0):  JavaThread "C2 CompilerThread1" daemon [_thread_in_native, id=3856, stack(0x0000006ce7900000,0x0000006ce7a00000)]


Current CompileTask:
C2:  37645 12220       4       org.eclipse.jdt.internal.compiler.lookup.BinaryTypeBinding::createMethod (1719 bytes)

Stack: [0x0000006ce7900000,0x0000006ce7a00000]
Native frames: (J=compiled Java code, j=interpreted, Vv=VM code, C=native code)
V  [jvm.dll+0x67754a]
V  [jvm.dll+0x834304]
V  [jvm.dll+0x835aae]
V  [jvm.dll+0x836113]
V  [jvm.dll+0x24696f]
V  [jvm.dll+0xac0ac]
V  [jvm.dll+0xac67c]
V  [jvm.dll+0x2adbef]
V  [jvm.dll+0x580067]
V  [jvm.dll+0x221e72]
V  [jvm.dll+0x22224f]
V  [jvm.dll+0x21b4a5]
V  [jvm.dll+0x21895b]
V  [jvm.dll+0x1a4d8d]
V  [jvm.dll+0x2284da]
V  [jvm.dll+0x226615]
V  [jvm.dll+0x7ea90b]
V  [jvm.dll+0x7e4e7a]
V  [jvm.dll+0x676395]
C  [ucrtbase.dll+0x29363]
C  [KERNEL32.DLL+0x126ad]
C  [ntdll.dll+0x5aa68]


---------------  P R O C E S S  ---------------

Threads class SMR info:
_java_thread_list=0x000002462db03180, length=40, elements={
0x0000024611590280, 0x0000024611644660, 0x00000246116458c0, 0x000002461164e2d0,
0x000002462c6b6000, 0x000002462c6bb080, 0x000002462c6bd950, 0x000002462c6c3120,
0x000002462c6c4270, 0x000002462c6cdae0, 0x00000246115f4200, 0x000002462c99d3f0,
0x000002462de9aef0, 0x000002462e0baad0, 0x000002462e03c970, 0x000002462e03bb00,
0x000002462e03d310, 0x000002462e03a2f0, 0x000002462e03bfd0, 0x000002462e03a7c0,
0x000002462e03ac90, 0x000002462e03c4a0, 0x000002462e03b160, 0x000002462e03b630,
0x000002462e03ce40, 0x000002462e8968c0, 0x000002462e8963f0, 0x000002462e8938a0,
0x000002462e88f540, 0x000002462e895a50, 0x000002462e892a30, 0x000002462e894710,
0x000002462e88f070, 0x000002462e8950b0, 0x000002462e8916f0, 0x000002462e891bc0,
0x000002462e895580, 0x000002463d4e4c10, 0x000002463266cad0, 0x0000024632836860
}

Java Threads: ( => current thread )
  0x0000024611590280 JavaThread "main" [_thread_blocked, id=3208, stack(0x0000006ce4a00000,0x0000006ce4b00000)]
  0x0000024611644660 JavaThread "Reference Handler" daemon [_thread_blocked, id=2120, stack(0x0000006ce4d00000,0x0000006ce4e00000)]
  0x00000246116458c0 JavaThread "Finalizer" daemon [_thread_blocked, id=10392, stack(0x0000006ce4e00000,0x0000006ce4f00000)]
  0x000002461164e2d0 JavaThread "Signal Dispatcher" daemon [_thread_blocked, id=13072, stack(0x0000006ce4f00000,0x0000006ce5000000)]
  0x000002462c6b6000 JavaThread "Attach Listener" daemon [_thread_blocked, id=17656, stack(0x0000006ce5000000,0x0000006ce5100000)]
  0x000002462c6bb080 JavaThread "Service Thread" daemon [_thread_blocked, id=12068, stack(0x0000006ce5100000,0x0000006ce5200000)]
  0x000002462c6bd950 JavaThread "Monitor Deflation Thread" daemon [_thread_blocked, id=8200, stack(0x0000006ce5200000,0x0000006ce5300000)]
  0x000002462c6c3120 JavaThread "C2 CompilerThread0" daemon [_thread_blocked, id=18500, stack(0x0000006ce5300000,0x0000006ce5400000)]
  0x000002462c6c4270 JavaThread "C1 CompilerThread0" daemon [_thread_blocked, id=10796, stack(0x0000006ce5400000,0x0000006ce5500000)]
  0x000002462c6cdae0 JavaThread "Sweeper thread" daemon [_thread_blocked, id=7716, stack(0x0000006ce5500000,0x0000006ce5600000)]
  0x00000246115f4200 JavaThread "Common-Cleaner" daemon [_thread_blocked, id=5508, stack(0x0000006ce5600000,0x0000006ce5700000)]
  0x000002462c99d3f0 JavaThread "Notification Thread" daemon [_thread_blocked, id=5292, stack(0x0000006ce5800000,0x0000006ce5900000)]
  0x000002462de9aef0 JavaThread "Active Thread: Equinox Container: cc9c14e2-90fe-47da-b39f-60119f6bf527" [_thread_blocked, id=9444, stack(0x0000006ce6000000,0x0000006ce6100000)]
  0x000002462e0baad0 JavaThread "Framework Event Dispatcher: Equinox Container: cc9c14e2-90fe-47da-b39f-60119f6bf527" daemon [_thread_blocked, id=4904, stack(0x0000006ce6100000,0x0000006ce6200000)]
  0x000002462e03c970 JavaThread "Start Level: Equinox Container: cc9c14e2-90fe-47da-b39f-60119f6bf527" daemon [_thread_blocked, id=13740, stack(0x0000006ce6200000,0x0000006ce6300000)]
  0x000002462e03bb00 JavaThread "SCR Component Actor" daemon [_thread_blocked, id=7348, stack(0x0000006ce6400000,0x0000006ce6500000)]
  0x000002462e03d310 JavaThread "Worker-JM" [_thread_blocked, id=13096, stack(0x0000006ce6300000,0x0000006ce6400000)]
  0x000002462e03a2f0 JavaThread "Worker-0" [_thread_blocked, id=10652, stack(0x0000006ce6700000,0x0000006ce6800000)]
  0x000002462e03bfd0 JavaThread "Worker-1" [_thread_blocked, id=14460, stack(0x0000006ce6800000,0x0000006ce6900000)]
  0x000002462e03a7c0 JavaThread "Worker-2" [_thread_blocked, id=14280, stack(0x0000006ce6900000,0x0000006ce6a00000)]
  0x000002462e03ac90 JavaThread "Java indexing" daemon [_thread_in_Java, id=13060, stack(0x0000006ce6a00000,0x0000006ce6b00000)]
  0x000002462e03c4a0 JavaThread "Worker-3" [_thread_blocked, id=5204, stack(0x0000006ce6b00000,0x0000006ce6c00000)]
  0x000002462e03b160 JavaThread "JNA Cleaner" daemon [_thread_blocked, id=13016, stack(0x0000006ce6c00000,0x0000006ce6d00000)]
  0x000002462e03b630 JavaThread "Worker-4: Java indexing... " [_thread_blocked, id=13800, stack(0x0000006ce6e00000,0x0000006ce6f00000)]
  0x000002462e03ce40 JavaThread "Worker-5" [_thread_blocked, id=1740, stack(0x0000006ce6f00000,0x0000006ce7000000)]
  0x000002462e8968c0 JavaThread "pool-2-thread-1" [_thread_blocked, id=20164, stack(0x0000006ce7000000,0x0000006ce7100000)]
  0x000002462e8963f0 JavaThread "WorkspaceEventsHandler" [_thread_blocked, id=2876, stack(0x0000006ce7100000,0x0000006ce7200000)]
  0x000002462e8938a0 JavaThread "pool-1-thread-1" [_thread_in_native, id=3028, stack(0x0000006ce7200000,0x0000006ce7300000)]
  0x000002462e88f540 JavaThread "Worker-6" [_thread_blocked, id=2920, stack(0x0000006ce7300000,0x0000006ce7400000)]
  0x000002462e895a50 JavaThread "ForkJoinPool.commonPool-worker-1" daemon [_thread_blocked, id=12268, stack(0x0000006ce6600000,0x0000006ce6700000)]
  0x000002462e892a30 JavaThread "ForkJoinPool.commonPool-worker-2" daemon [_thread_blocked, id=4612, stack(0x0000006ce7400000,0x0000006ce7500000)]
  0x000002462e894710 JavaThread "Bundle File Closer" daemon [_thread_blocked, id=17136, stack(0x0000006ce7600000,0x0000006ce7700000)]
  0x000002462e88f070 JavaThread "ForkJoinPool.commonPool-worker-3" daemon [_thread_blocked, id=12428, stack(0x0000006ce5f00000,0x0000006ce6000000)]
  0x000002462e8950b0 JavaThread "ForkJoinPool.commonPool-worker-4" daemon [_thread_blocked, id=11408, stack(0x0000006ce6d00000,0x0000006ce6e00000)]
  0x000002462e8916f0 JavaThread "ForkJoinPool.commonPool-worker-5" daemon [_thread_in_Java, id=7320, stack(0x0000006ce7500000,0x0000006ce7600000)]
  0x000002462e891bc0 JavaThread "ForkJoinPool.commonPool-worker-6" daemon [_thread_blocked, id=14328, stack(0x0000006ce7700000,0x0000006ce7800000)]
  0x000002462e895580 JavaThread "ForkJoinPool.commonPool-worker-7" daemon [_thread_blocked, id=4468, stack(0x0000006ce7800000,0x0000006ce7900000)]
  0x000002463d4e4c10 JavaThread "Keep-Alive-Timer" daemon [_thread_blocked, id=12656, stack(0x0000006ce8100000,0x0000006ce8200000)]
=>0x000002463266cad0 JavaThread "C2 CompilerThread1" daemon [_thread_in_native, id=3856, stack(0x0000006ce7900000,0x0000006ce7a00000)]
  0x0000024632836860 JavaThread "C2 CompilerThread2" daemon [_thread_blocked, id=14224, stack(0x0000006ce7b00000,0x0000006ce7c00000)]

Other Threads:
  0x0000024627369bc0 VMThread "VM Thread" [stack: 0x0000006ce4c00000,0x0000006ce4d00000] [id=18016]
  0x000002462c9b1db0 WatcherThread [stack: 0x0000006ce5900000,0x0000006ce5a00000] [id=14112]
  0x00000246115a6170 GCTaskThread "GC Thread#0" [stack: 0x0000006ce4b00000,0x0000006ce4c00000] [id=18236]
  0x000002462dbe68a0 GCTaskThread "GC Thread#1" [stack: 0x0000006ce5700000,0x0000006ce5800000] [id=15424]
  0x000002462d6e3a70 GCTaskThread "GC Thread#2" [stack: 0x0000006ce5a00000,0x0000006ce5b00000] [id=13020]
  0x000002462c844810 GCTaskThread "GC Thread#3" [stack: 0x0000006ce5b00000,0x0000006ce5c00000] [id=8648]
  0x000002462c844ac0 GCTaskThread "GC Thread#4" [stack: 0x0000006ce5c00000,0x0000006ce5d00000] [id=13748]
  0x000002462c844d70 GCTaskThread "GC Thread#5" [stack: 0x0000006ce5d00000,0x0000006ce5e00000] [id=13052]
  0x000002462c845020 GCTaskThread "GC Thread#6" [stack: 0x0000006ce5e00000,0x0000006ce5f00000] [id=4848]
  0x000002462e149360 GCTaskThread "GC Thread#7" [stack: 0x0000006ce6500000,0x0000006ce6600000] [id=1244]

Threads with active compile tasks:
C2 CompilerThread1    37669 12220       4       org.eclipse.jdt.internal.compiler.lookup.BinaryTypeBinding::createMethod (1719 bytes)

VM state: not at safepoint (normal execution)

VM Mutex/Monitor currently owned by a thread: None

Heap address: 0x00000000c0000000, size: 1024 MB, Compressed Oops mode: 32-bit

CDS archive(s) not mapped
Compressed class space mapped at: 0x0000000100000000-0x0000000140000000, reserved size: 1073741824
Narrow klass base: 0x0000000000000000, Narrow klass shift: 3, Narrow klass range: 0x140000000

GC Precious Log:
 CPUs: 8 total, 8 available
 Memory: 7973M
 Large Page Support: Disabled
 NUMA Support: Disabled
 Compressed Oops: Enabled (32-bit)
 Alignments: Space 512K, Generation 512K, Heap 2M
 Heap Min Capacity: 100M
 Heap Initial Capacity: 100M
 Heap Max Capacity: 1G
 Pre-touch: Disabled
 Parallel Workers: 8

Heap:
 PSYoungGen      total 20480K, used 14932K [0x00000000eab00000, 0x00000000ecf00000, 0x0000000100000000)
  eden space 11776K, 52% used [0x00000000eab00000,0x00000000eb118518,0x00000000eb680000)
  from space 8704K, 99% used [0x00000000ec180000,0x00000000ec9fd6b8,0x00000000eca00000)
  to   space 11264K, 0% used [0x00000000eb680000,0x00000000eb680000,0x00000000ec180000)
 ParOldGen       total 381952K, used 342629K [0x00000000c0000000, 0x00000000d7500000, 0x00000000eab00000)
  object space 381952K, 89% used [0x00000000c0000000,0x00000000d4e99780,0x00000000d7500000)
 Metaspace       used 72412K, committed 73536K, reserved 1179648K
  class space    used 7708K, committed 8192K, reserved 1048576K

Card table byte_map: [0x0000024624be0000,0x0000024624df0000] _byte_map_base: 0x00000246245e0000

Marking Bits: (ParMarkBitMap*) 0x00007fff07c052c0
 Begin Bits: [0x0000024624f50000, 0x0000024625f50000)
 End Bits:   [0x0000024625f50000, 0x0000024626f50000)

Polling page: 0x0000024611650000

Metaspace:

Usage:
  Non-class:     63.19 MB used.
      Class:      7.53 MB used.
       Both:     70.71 MB used.

Virtual space:
  Non-class space:      128.00 MB reserved,      63.81 MB ( 50%) committed,  2 nodes.
      Class space:        1.00 GB reserved,       8.00 MB ( <1%) committed,  1 nodes.
             Both:        1.12 GB reserved,      71.81 MB (  6%) committed. 

Chunk freelists:
   Non-Class:  15.98 MB
       Class:  8.02 MB
        Both:  24.01 MB

MaxMetaspaceSize: unlimited
CompressedClassSpaceSize: 1.00 GB
Initial GC threshold: 21.00 MB
Current GC threshold: 119.50 MB
CDS: off
MetaspaceReclaimPolicy: balanced
 - commit_granule_bytes: 65536.
 - commit_granule_words: 8192.
 - virtual_space_node_default_size: 8388608.
 - enlarge_chunks_in_place: 1.
 - new_chunks_are_fully_committed: 0.
 - uncommit_free_chunks: 1.
 - use_allocation_guard: 0.
 - handle_deallocations: 1.


Internal statistics:

num_allocs_failed_limit: 6.
num_arena_births: 754.
num_arena_deaths: 16.
num_vsnodes_births: 3.
num_vsnodes_deaths: 0.
num_space_committed: 1150.
num_space_uncommitted: 1.
num_chunks_returned_to_freelist: 38.
num_chunks_taken_from_freelist: 3649.
num_chunk_merges: 13.
num_chunk_splits: 2187.
num_chunks_enlarged: 1189.
num_inconsistent_stats: 0.

CodeHeap 'non-profiled nmethods': size=120000Kb used=8803Kb max_used=8803Kb free=111196Kb
 bounds [0x000002461d4b0000, 0x000002461dd50000, 0x00000246249e0000]
CodeHeap 'profiled nmethods': size=120000Kb used=20588Kb max_used=20588Kb free=99411Kb
 bounds [0x00000246159e0000, 0x0000024616e00000, 0x000002461cf10000]
CodeHeap 'non-nmethods': size=5760Kb used=1398Kb max_used=1489Kb free=4361Kb
 bounds [0x000002461cf10000, 0x000002461d180000, 0x000002461d4b0000]
 total_blobs=10707 nmethods=9978 adapters=643
 compilation: enabled
              stopped_count=0, restarted_count=0
 full_count=0

Compilation events (20 events):
Event: 37.403 Thread 0x0000024632836860 nmethod 12224 0x000002461dd3dd10 code [0x000002461dd3dea0, 0x000002461dd3df48]
Event: 37.403 Thread 0x0000024632836860 12216       4       java.util.stream.AbstractPipeline::wrapAndCopyInto (18 bytes)
Event: 37.409 Thread 0x0000024632836860 nmethod 12216 0x000002461dd3e010 code [0x000002461dd3e1c0, 0x000002461dd3e4f8]
Event: 37.409 Thread 0x0000024632836860 12219       4       org.eclipse.jdt.internal.compiler.lookup.MethodBinding::setAnnotations (17 bytes)
Event: 37.419 Thread 0x0000024632836860 nmethod 12219 0x000002461dd3ea10 code [0x000002461dd3ebc0, 0x000002461dd3f008]
Event: 37.420 Thread 0x0000024632836860 12227       4       org.eclipse.jdt.internal.compiler.lookup.BinaryTypeBinding::enclosingType (54 bytes)
Event: 37.421 Thread 0x0000024632836860 nmethod 12227 0x000002461dd3f310 code [0x000002461dd3f4a0, 0x000002461dd3f5a8]
Event: 37.450 Thread 0x0000024632836860 12234       4       org.eclipse.jdt.internal.core.JavaModel::getExternalTarget (85 bytes)
Event: 37.463 Thread 0x0000024632836860 nmethod 12234 0x000002461dd3f690 code [0x000002461dd3f880, 0x000002461dd40148]
Event: 37.466 Thread 0x000002462c6c3120 nmethod 12232 0x000002461dd40910 code [0x000002461dd40c00, 0x000002461dd42710]
Event: 37.494 Thread 0x000002462c6c4270 12235       3       jdk.internal.jrtfs.JrtFileSystem::iteratorOf (98 bytes)
Event: 37.496 Thread 0x000002462c6c4270 nmethod 12235 0x0000024616df9410 code [0x0000024616df9800, 0x0000024616dfb518]
Event: 37.500 Thread 0x000002462c6c4270 12236       3       org.eclipse.jdt.internal.compiler.util.Util::scanTypeBoundSignature (202 bytes)
Event: 37.500 Thread 0x000002462c6c4270 nmethod 12236 0x0000024616dfbf10 code [0x0000024616dfc160, 0x0000024616dfc808]
Event: 37.528 Thread 0x0000024632836860 12237       4       org.eclipse.jdt.internal.core.JavaElement::getSourceMapper (8 bytes)
Event: 37.529 Thread 0x0000024632836860 nmethod 12237 0x000002461dd43b10 code [0x000002461dd43c80, 0x000002461dd43d18]
Event: 37.542 Thread 0x0000024632836860 12238       4       org.eclipse.jdt.internal.compiler.classfmt.AnnotationInfo::decodeDefaultValue (902 bytes)
Event: 37.560 Thread 0x000002462c6c3120 12239       4       org.eclipse.jdt.internal.core.BinaryMethod::isConstructor (34 bytes)
Event: 37.593 Thread 0x0000024632836860 nmethod 12238 0x000002461dd43e10 code [0x000002461dd440a0, 0x000002461dd457a0]
Event: 37.600 Thread 0x000002462c6c3120 nmethod 12239 0x000002461dd46510 code [0x000002461dd467c0, 0x000002461dd47798]

GC Heap History (20 events):
Event: 36.945 GC heap before
{Heap before GC invocations=436 (full 15):
 PSYoungGen      total 24064K, used 24041K [0x00000000eab00000, 0x00000000ecf00000, 0x0000000100000000)
  eden space 16384K, 100% used [0x00000000eab00000,0x00000000ebb00000,0x00000000ebb00000)
  from space 7680K, 99% used [0x00000000ebc00000,0x00000000ec37a6c0,0x00000000ec380000)
  to   space 10240K, 0% used [0x00000000ec500000,0x00000000ec500000,0x00000000ecf00000)
 ParOldGen       total 326656K, used 321154K [0x00000000c0000000, 0x00000000d3f00000, 0x00000000eab00000)
  object space 326656K, 98% used [0x00000000c0000000,0x00000000d39a0b90,0x00000000d3f00000)
 Metaspace       used 72402K, committed 73472K, reserved 1114112K
  class space    used 7708K, committed 8192K, reserved 1048576K
}
Event: 36.951 GC heap after
{Heap after GC invocations=436 (full 15):
 PSYoungGen      total 24576K, used 6339K [0x00000000eab00000, 0x00000000ecb80000, 0x0000000100000000)
  eden space 17920K, 0% used [0x00000000eab00000,0x00000000eab00000,0x00000000ebc80000)
  from space 6656K, 95% used [0x00000000ec500000,0x00000000ecb30ca0,0x00000000ecb80000)
  to   space 7680K, 0% used [0x00000000ebc80000,0x00000000ebc80000,0x00000000ec400000)
 ParOldGen       total 326656K, used 325962K [0x00000000c0000000, 0x00000000d3f00000, 0x00000000eab00000)
  object space 326656K, 99% used [0x00000000c0000000,0x00000000d3e52b60,0x00000000d3f00000)
 Metaspace       used 72402K, committed 73472K, reserved 1114112K
  class space    used 7708K, committed 8192K, reserved 1048576K
}
Event: 36.951 GC heap before
{Heap before GC invocations=437 (full 16):
 PSYoungGen      total 24576K, used 6339K [0x00000000eab00000, 0x00000000ecb80000, 0x0000000100000000)
  eden space 17920K, 0% used [0x00000000eab00000,0x00000000eab00000,0x00000000ebc80000)
  from space 6656K, 95% used [0x00000000ec500000,0x00000000ecb30ca0,0x00000000ecb80000)
  to   space 7680K, 0% used [0x00000000ebc80000,0x00000000ebc80000,0x00000000ec400000)
 ParOldGen       total 326656K, used 325962K [0x00000000c0000000, 0x00000000d3f00000, 0x00000000eab00000)
  object space 326656K, 99% used [0x00000000c0000000,0x00000000d3e52b60,0x00000000d3f00000)
 Metaspace       used 72402K, committed 73472K, reserved 1114112K
  class space    used 7708K, committed 8192K, reserved 1048576K
}
Event: 37.103 GC heap after
{Heap after GC invocations=437 (full 16):
 PSYoungGen      total 24576K, used 1557K [0x00000000eab00000, 0x00000000ecb80000, 0x0000000100000000)
  eden space 17920K, 0% used [0x00000000eab00000,0x00000000eab00000,0x00000000ebc80000)
  from space 6656K, 23% used [0x00000000ec500000,0x00000000ec685578,0x00000000ecb80000)
  to   space 7680K, 0% used [0x00000000ebc80000,0x00000000ebc80000,0x00000000ec400000)
 ParOldGen       total 381952K, used 326206K [0x00000000c0000000, 0x00000000d7500000, 0x00000000eab00000)
  object space 381952K, 85% used [0x00000000c0000000,0x00000000d3e8fbd8,0x00000000d7500000)
 Metaspace       used 72402K, committed 73472K, reserved 1114112K
  class space    used 7708K, committed 8192K, reserved 1048576K
}
Event: 37.163 GC heap before
{Heap before GC invocations=438 (full 16):
 PSYoungGen      total 24576K, used 19477K [0x00000000eab00000, 0x00000000ecb80000, 0x0000000100000000)
  eden space 17920K, 100% used [0x00000000eab00000,0x00000000ebc80000,0x00000000ebc80000)
  from space 6656K, 23% used [0x00000000ec500000,0x00000000ec685578,0x00000000ecb80000)
  to   space 7680K, 0% used [0x00000000ebc80000,0x00000000ebc80000,0x00000000ec400000)
 ParOldGen       total 381952K, used 326206K [0x00000000c0000000, 0x00000000d7500000, 0x00000000eab00000)
  object space 381952K, 85% used [0x00000000c0000000,0x00000000d3e8fbd8,0x00000000d7500000)
 Metaspace       used 72402K, committed 73472K, reserved 1114112K
  class space    used 7708K, committed 8192K, reserved 1048576K
}
Event: 37.175 GC heap after
{Heap after GC invocations=438 (full 16):
 PSYoungGen      total 23552K, used 5439K [0x00000000eab00000, 0x00000000ec880000, 0x0000000100000000)
  eden space 17920K, 0% used [0x00000000eab00000,0x00000000eab00000,0x00000000ebc80000)
  from space 5632K, 96% used [0x00000000ebc80000,0x00000000ec1cfd20,0x00000000ec200000)
  to   space 6144K, 0% used [0x00000000ec280000,0x00000000ec280000,0x00000000ec880000)
 ParOldGen       total 381952K, used 326206K [0x00000000c0000000, 0x00000000d7500000, 0x00000000eab00000)
  object space 381952K, 85% used [0x00000000c0000000,0x00000000d3e8fbd8,0x00000000d7500000)
 Metaspace       used 72402K, committed 73472K, reserved 1114112K
  class space    used 7708K, committed 8192K, reserved 1048576K
}
Event: 37.227 GC heap before
{Heap before GC invocations=439 (full 16):
 PSYoungGen      total 23552K, used 23334K [0x00000000eab00000, 0x00000000ec880000, 0x0000000100000000)
  eden space 17920K, 99% used [0x00000000eab00000,0x00000000ebc79e88,0x00000000ebc80000)
  from space 5632K, 96% used [0x00000000ebc80000,0x00000000ec1cfd20,0x00000000ec200000)
  to   space 6144K, 0% used [0x00000000ec280000,0x00000000ec280000,0x00000000ec880000)
 ParOldGen       total 381952K, used 326206K [0x00000000c0000000, 0x00000000d7500000, 0x00000000eab00000)
  object space 381952K, 85% used [0x00000000c0000000,0x00000000d3e8fbd8,0x00000000d7500000)
 Metaspace       used 72402K, committed 73472K, reserved 1114112K
  class space    used 7708K, committed 8192K, reserved 1048576K
}
Event: 37.231 GC heap after
{Heap after GC invocations=439 (full 16):
 PSYoungGen      total 20480K, used 6132K [0x00000000eab00000, 0x00000000ecf80000, 0x0000000100000000)
  eden space 14336K, 0% used [0x00000000eab00000,0x00000000eab00000,0x00000000eb900000)
  from space 6144K, 99% used [0x00000000ec280000,0x00000000ec87d0d8,0x00000000ec880000)
  to   space 9728K, 0% used [0x00000000eb900000,0x00000000eb900000,0x00000000ec280000)
 ParOldGen       total 381952K, used 328979K [0x00000000c0000000, 0x00000000d7500000, 0x00000000eab00000)
  object space 381952K, 86% used [0x00000000c0000000,0x00000000d4144dc8,0x00000000d7500000)
 Metaspace       used 72402K, committed 73472K, reserved 1114112K
  class space    used 7708K, committed 8192K, reserved 1048576K
}
Event: 37.274 GC heap before
{Heap before GC invocations=440 (full 16):
 PSYoungGen      total 20480K, used 20468K [0x00000000eab00000, 0x00000000ecf80000, 0x0000000100000000)
  eden space 14336K, 100% used [0x00000000eab00000,0x00000000eb900000,0x00000000eb900000)
  from space 6144K, 99% used [0x00000000ec280000,0x00000000ec87d0d8,0x00000000ec880000)
  to   space 9728K, 0% used [0x00000000eb900000,0x00000000eb900000,0x00000000ec280000)
 ParOldGen       total 381952K, used 328979K [0x00000000c0000000, 0x00000000d7500000, 0x00000000eab00000)
  object space 381952K, 86% used [0x00000000c0000000,0x00000000d4144dc8,0x00000000d7500000)
 Metaspace       used 72402K, committed 73472K, reserved 1114112K
  class space    used 7708K, committed 8192K, reserved 1048576K
}
Event: 37.280 GC heap after
{Heap after GC invocations=440 (full 16):
 PSYoungGen      total 24064K, used 8451K [0x00000000eab00000, 0x00000000ecb80000, 0x0000000100000000)
  eden space 14336K, 0% used [0x00000000eab00000,0x00000000eab00000,0x00000000eb900000)
  from space 9728K, 86% used [0x00000000eb900000,0x00000000ec140e20,0x00000000ec280000)
  to   space 8704K, 0% used [0x00000000ec300000,0x00000000ec300000,0x00000000ecb80000)
 ParOldGen       total 381952K, used 329677K [0x00000000c0000000, 0x00000000d7500000, 0x00000000eab00000)
  object space 381952K, 86% used [0x00000000c0000000,0x00000000d41f3590,0x00000000d7500000)
 Metaspace       used 72402K, committed 73472K, reserved 1114112K
  class space    used 7708K, committed 8192K, reserved 1048576K
}
Event: 37.317 GC heap before
{Heap before GC invocations=441 (full 16):
 PSYoungGen      total 24064K, used 22787K [0x00000000eab00000, 0x00000000ecb80000, 0x0000000100000000)
  eden space 14336K, 100% used [0x00000000eab00000,0x00000000eb900000,0x00000000eb900000)
  from space 9728K, 86% used [0x00000000eb900000,0x00000000ec140e20,0x00000000ec280000)
  to   space 8704K, 0% used [0x00000000ec300000,0x00000000ec300000,0x00000000ecb80000)
 ParOldGen       total 381952K, used 329677K [0x00000000c0000000, 0x00000000d7500000, 0x00000000eab00000)
  object space 381952K, 86% used [0x00000000c0000000,0x00000000d41f3590,0x00000000d7500000)
 Metaspace       used 72412K, committed 73536K, reserved 1179648K
  class space    used 7708K, committed 8192K, reserved 1048576K
}
Event: 37.322 GC heap after
{Heap after GC invocations=441 (full 16):
 PSYoungGen      total 21504K, used 8674K [0x00000000eab00000, 0x00000000ed180000, 0x0000000100000000)
  eden space 12800K, 0% used [0x00000000eab00000,0x00000000eab00000,0x00000000eb780000)
  from space 8704K, 99% used [0x00000000ec300000,0x00000000ecb78948,0x00000000ecb80000)
  to   space 11776K, 0% used [0x00000000eb780000,0x00000000eb780000,0x00000000ec300000)
 ParOldGen       total 381952K, used 331875K [0x00000000c0000000, 0x00000000d7500000, 0x00000000eab00000)
  object space 381952K, 86% used [0x00000000c0000000,0x00000000d4418d90,0x00000000d7500000)
 Metaspace       used 72412K, committed 73536K, reserved 1179648K
  class space    used 7708K, committed 8192K, reserved 1048576K
}
Event: 37.437 GC heap before
{Heap before GC invocations=442 (full 16):
 PSYoungGen      total 21504K, used 21474K [0x00000000eab00000, 0x00000000ed180000, 0x0000000100000000)
  eden space 12800K, 100% used [0x00000000eab00000,0x00000000eb780000,0x00000000eb780000)
  from space 8704K, 99% used [0x00000000ec300000,0x00000000ecb78948,0x00000000ecb80000)
  to   space 11776K, 0% used [0x00000000eb780000,0x00000000eb780000,0x00000000ec300000)
 ParOldGen       total 381952K, used 331875K [0x00000000c0000000, 0x00000000d7500000, 0x00000000eab00000)
  object space 381952K, 86% used [0x00000000c0000000,0x00000000d4418d90,0x00000000d7500000)
 Metaspace       used 72412K, committed 73536K, reserved 1179648K
  class space    used 7708K, committed 8192K, reserved 1048576K
}
Event: 37.445 GC heap after
{Heap after GC invocations=442 (full 16):
 PSYoungGen      total 19968K, used 6673K [0x00000000eab00000, 0x00000000eca00000, 0x0000000100000000)
  eden space 12800K, 0% used [0x00000000eab00000,0x00000000eab00000,0x00000000eb780000)
  from space 7168K, 93% used [0x00000000eb780000,0x00000000ebe04640,0x00000000ebe80000)
  to   space 8704K, 0% used [0x00000000ec180000,0x00000000ec180000,0x00000000eca00000)
 ParOldGen       total 381952K, used 336732K [0x00000000c0000000, 0x00000000d7500000, 0x00000000eab00000)
  object space 381952K, 88% used [0x00000000c0000000,0x00000000d48d7100,0x00000000d7500000)
 Metaspace       used 72412K, committed 73536K, reserved 1179648K
  class space    used 7708K, committed 8192K, reserved 1048576K
}
Event: 37.504 GC heap before
{Heap before GC invocations=443 (full 16):
 PSYoungGen      total 19968K, used 19473K [0x00000000eab00000, 0x00000000eca00000, 0x0000000100000000)
  eden space 12800K, 100% used [0x00000000eab00000,0x00000000eb780000,0x00000000eb780000)
  from space 7168K, 93% used [0x00000000eb780000,0x00000000ebe04640,0x00000000ebe80000)
  to   space 8704K, 0% used [0x00000000ec180000,0x00000000ec180000,0x00000000eca00000)
 ParOldGen       total 381952K, used 336732K [0x00000000c0000000, 0x00000000d7500000, 0x00000000eab00000)
  object space 381952K, 88% used [0x00000000c0000000,0x00000000d48d7100,0x00000000d7500000)
 Metaspace       used 72412K, committed 73536K, reserved 1179648K
  class space    used 7708K, committed 8192K, reserved 1048576K
}
Event: 37.508 GC heap after
{Heap after GC invocations=443 (full 16):
 PSYoungGen      total 21504K, used 8692K [0x00000000eab00000, 0x00000000ecb80000, 0x0000000100000000)
  eden space 12800K, 0% used [0x00000000eab00000,0x00000000eab00000,0x00000000eb780000)
  from space 8704K, 99% used [0x00000000ec180000,0x00000000ec9fd060,0x00000000eca00000)
  to   space 10240K, 0% used [0x00000000eb780000,0x00000000eb780000,0x00000000ec180000)
 ParOldGen       total 381952K, used 337309K [0x00000000c0000000, 0x00000000d7500000, 0x00000000eab00000)
  object space 381952K, 88% used [0x00000000c0000000,0x00000000d4967708,0x00000000d7500000)
 Metaspace       used 72412K, committed 73536K, reserved 1179648K
  class space    used 7708K, committed 8192K, reserved 1048576K
}
Event: 37.565 GC heap before
{Heap before GC invocations=444 (full 16):
 PSYoungGen      total 21504K, used 21492K [0x00000000eab00000, 0x00000000ecb80000, 0x0000000100000000)
  eden space 12800K, 100% used [0x00000000eab00000,0x00000000eb780000,0x00000000eb780000)
  from space 8704K, 99% used [0x00000000ec180000,0x00000000ec9fd060,0x00000000eca00000)
  to   space 10240K, 0% used [0x00000000eb780000,0x00000000eb780000,0x00000000ec180000)
 ParOldGen       total 381952K, used 337309K [0x00000000c0000000, 0x00000000d7500000, 0x00000000eab00000)
  object space 381952K, 88% used [0x00000000c0000000,0x00000000d4967708,0x00000000d7500000)
 Metaspace       used 72412K, committed 73536K, reserved 1179648K
  class space    used 7708K, committed 8192K, reserved 1048576K
}
Event: 37.573 GC heap after
{Heap after GC invocations=444 (full 16):
 PSYoungGen      total 23040K, used 7692K [0x00000000eab00000, 0x00000000eca00000, 0x0000000100000000)
  eden space 12800K, 0% used [0x00000000eab00000,0x00000000eab00000,0x00000000eb780000)
  from space 10240K, 75% used [0x00000000eb780000,0x00000000ebf03258,0x00000000ec180000)
  to   space 8704K, 0% used [0x00000000ec180000,0x00000000ec180000,0x00000000eca00000)
 ParOldGen       total 381952K, used 341002K [0x00000000c0000000, 0x00000000d7500000, 0x00000000eab00000)
  object space 381952K, 89% used [0x00000000c0000000,0x00000000d4d02bf8,0x00000000d7500000)
 Metaspace       used 72412K, committed 73536K, reserved 1179648K
  class space    used 7708K, committed 8192K, reserved 1048576K
}
Event: 37.634 GC heap before
{Heap before GC invocations=445 (full 16):
 PSYoungGen      total 23040K, used 20492K [0x00000000eab00000, 0x00000000eca00000, 0x0000000100000000)
  eden space 12800K, 100% used [0x00000000eab00000,0x00000000eb780000,0x00000000eb780000)
  from space 10240K, 75% used [0x00000000eb780000,0x00000000ebf03258,0x00000000ec180000)
  to   space 8704K, 0% used [0x00000000ec180000,0x00000000ec180000,0x00000000eca00000)
 ParOldGen       total 381952K, used 341002K [0x00000000c0000000, 0x00000000d7500000, 0x00000000eab00000)
  object space 381952K, 89% used [0x00000000c0000000,0x00000000d4d02bf8,0x00000000d7500000)
 Metaspace       used 72412K, committed 73536K, reserved 1179648K
  class space    used 7708K, committed 8192K, reserved 1048576K
}
Event: 37.639 GC heap after
{Heap after GC invocations=445 (full 16):
 PSYoungGen      total 20480K, used 8693K [0x00000000eab00000, 0x00000000ecf00000, 0x0000000100000000)
  eden space 11776K, 0% used [0x00000000eab00000,0x00000000eab00000,0x00000000eb680000)
  from space 8704K, 99% used [0x00000000ec180000,0x00000000ec9fd6b8,0x00000000eca00000)
  to   space 11264K, 0% used [0x00000000eb680000,0x00000000eb680000,0x00000000ec180000)
 ParOldGen       total 381952K, used 342629K [0x00000000c0000000, 0x00000000d7500000, 0x00000000eab00000)
  object space 381952K, 89% used [0x00000000c0000000,0x00000000d4e99780,0x00000000d7500000)
 Metaspace       used 72412K, committed 73536K, reserved 1179648K
  class space    used 7708K, committed 8192K, reserved 1048576K
}

Dll operation events (11 events):
Event: 0.032 Loaded shared library c:\Users\mrpho\.vscode\extensions\redhat.java-1.20.0-win32-x64\jre\17.0.7-win32-x86_64\bin\java.dll
Event: 0.345 Loaded shared library c:\Users\mrpho\.vscode\extensions\redhat.java-1.20.0-win32-x64\jre\17.0.7-win32-x86_64\bin\zip.dll
Event: 0.353 Loaded shared library C:\Users\mrpho\.vscode\extensions\redhat.java-1.20.0-win32-x64\jre\17.0.7-win32-x86_64\bin\instrument.dll
Event: 0.383 Loaded shared library C:\Users\mrpho\.vscode\extensions\redhat.java-1.20.0-win32-x64\jre\17.0.7-win32-x86_64\bin\net.dll
Event: 0.387 Loaded shared library C:\Users\mrpho\.vscode\extensions\redhat.java-1.20.0-win32-x64\jre\17.0.7-win32-x86_64\bin\nio.dll
Event: 0.401 Loaded shared library C:\Users\mrpho\.vscode\extensions\redhat.java-1.20.0-win32-x64\jre\17.0.7-win32-x86_64\bin\zip.dll
Event: 0.433 Loaded shared library C:\Users\mrpho\.vscode\extensions\redhat.java-1.20.0-win32-x64\jre\17.0.7-win32-x86_64\bin\jimage.dll
Event: 0.520 Loaded shared library c:\Users\mrpho\.vscode\extensions\redhat.java-1.20.0-win32-x64\jre\17.0.7-win32-x86_64\bin\verify.dll
Event: 2.059 Loaded shared library C:\Users\mrpho\AppData\Roaming\Code\User\globalStorage\redhat.java\1.20.0\config_win\org.eclipse.equinox.launcher\org.eclipse.equinox.launcher.win32.win32.x86_64_1.2.700.v20221108-1024\eclipse_11801.dll
Event: 4.252 Loaded shared library C:\Users\mrpho\AppData\Local\Temp\jna-104170930\jna15300269260138039588.dll
Event: 28.839 Loaded shared library C:\Users\mrpho\.vscode\extensions\redhat.java-1.20.0-win32-x64\jre\17.0.7-win32-x86_64\bin\sunmscapi.dll

Deoptimization events (20 events):
Event: 34.471 Thread 0x000002462e8916f0 DEOPT PACKING pc=0x0000024616cf63a3 sp=0x0000006ce75fd8b0
Event: 34.471 Thread 0x000002462e8916f0 DEOPT UNPACKING pc=0x000002461cf6a9e3 sp=0x0000006ce75fcf68 mode 0
Event: 35.366 Thread 0x000002462e8916f0 Uncommon trap: trap_request=0xffffff45 fr.pc=0x000002461dcf7268 relative=0x0000000000002d28
Event: 35.366 Thread 0x000002462e8916f0 Uncommon trap: reason=unstable_if action=reinterpret pc=0x000002461dcf7268 method=org.eclipse.jdt.internal.compiler.lookup.BinaryTypeBinding.createMethod(Lorg/eclipse/jdt/internal/compiler/env/IBinaryMethod;Lorg/eclipse/jdt/internal/compiler/env/IBinaryTy
Event: 35.366 Thread 0x000002462e8916f0 DEOPT PACKING pc=0x000002461dcf7268 sp=0x0000006ce75fd770
Event: 35.366 Thread 0x000002462e8916f0 DEOPT UNPACKING pc=0x000002461cf69ea3 sp=0x0000006ce75fd710 mode 2
Event: 35.612 Thread 0x000002462e895a50 Uncommon trap: trap_request=0xffffffc6 fr.pc=0x000002461d8cf0a4 relative=0x0000000000001d04
Event: 35.612 Thread 0x000002462e895a50 Uncommon trap: reason=bimorphic_or_optimized_type_check action=maybe_recompile pc=0x000002461d8cf0a4 method=org.eclipse.jdt.internal.core.NameLookup.getModuleDescription(Lorg/eclipse/jdt/internal/core/JavaProject;Lorg/eclipse/jdt/core/IPackageFragmentRoot
Event: 35.612 Thread 0x000002462e895a50 DEOPT PACKING pc=0x000002461d8cf0a4 sp=0x0000006ce66fe0f0
Event: 35.612 Thread 0x000002462e895a50 DEOPT UNPACKING pc=0x000002461cf69ea3 sp=0x0000006ce66fe0c8 mode 2
Event: 36.810 Thread 0x000002462e03ac90 Uncommon trap: trap_request=0xffffffe4 fr.pc=0x000002461dd32cb4 relative=0x0000000000000a14
Event: 36.810 Thread 0x000002462e03ac90 Uncommon trap: reason=range_check action=make_not_entrant pc=0x000002461dd32cb4 method=org.eclipse.jdt.internal.core.search.indexing.BinaryIndexer.removeFirstSyntheticParameter([C)[C @ 16 c2
Event: 36.810 Thread 0x000002462e03ac90 DEOPT PACKING pc=0x000002461dd32cb4 sp=0x0000006ce6afeea0
Event: 36.810 Thread 0x000002462e03ac90 DEOPT UNPACKING pc=0x000002461cf69ea3 sp=0x0000006ce6afee50 mode 2
Event: 37.309 Thread 0x000002462e892a30 DEOPT PACKING pc=0x0000024616de1b2b sp=0x0000006ce74fd5a0
Event: 37.309 Thread 0x000002462e892a30 DEOPT UNPACKING pc=0x000002461cf6a9e3 sp=0x0000006ce74fcc58 mode 0
Event: 37.311 Thread 0x000002462e892a30 DEOPT PACKING pc=0x0000024616de1c8e sp=0x0000006ce74fd900
Event: 37.311 Thread 0x000002462e892a30 DEOPT UNPACKING pc=0x000002461cf6a9e3 sp=0x0000006ce74fcfb8 mode 0
Event: 37.315 Thread 0x000002462e892a30 DEOPT PACKING pc=0x0000024616de1c30 sp=0x0000006ce74fd990
Event: 37.315 Thread 0x000002462e892a30 DEOPT UNPACKING pc=0x000002461cf6a9e3 sp=0x0000006ce74fd048 mode 0

Classes unloaded (20 events):
Event: 15.365 Thread 0x0000024627369bc0 Unloading class 0x00000001005e71b0 'org/codehaus/plexus/languages/java/jpms/JavaModuleDescriptor'
Event: 15.365 Thread 0x0000024627369bc0 Unloading class 0x00000001005e6f58 'org/codehaus/plexus/languages/java/jpms/ResolvePathsResult'
Event: 15.365 Thread 0x0000024627369bc0 Unloading class 0x00000001005e6d60 'org/apache/maven/shared/utils/logging/MessageBuilder'
Event: 15.365 Thread 0x0000024627369bc0 Unloading class 0x00000001005e6b28 'org/codehaus/plexus/compiler/CompilerResult'
Event: 15.365 Thread 0x0000024627369bc0 Unloading class 0x00000001005e6930 'org/codehaus/plexus/compiler/util/scan/SourceInclusionScanner'
Event: 15.365 Thread 0x0000024627369bc0 Unloading class 0x00000001005e6450 'org/codehaus/plexus/compiler/CompilerConfiguration'
Event: 15.365 Thread 0x0000024627369bc0 Unloading class 0x00000001005e6258 'org/codehaus/plexus/compiler/util/scan/mapping/SourceMapping'
Event: 15.365 Thread 0x0000024627369bc0 Unloading class 0x00000001005e6000 'org/codehaus/plexus/compiler/util/scan/InclusionScanException'
Event: 15.365 Thread 0x0000024627369bc0 Unloading class 0x00000001005e5d38 'org/apache/maven/plugin/compiler/CompilationFailureException'
Event: 15.365 Thread 0x0000024627369bc0 Unloading class 0x00000001005e5ae0 'org/codehaus/plexus/compiler/CompilerNotImplementedException'
Event: 15.365 Thread 0x0000024627369bc0 Unloading class 0x00000001005e5888 'org/codehaus/plexus/compiler/CompilerException'
Event: 15.365 Thread 0x0000024627369bc0 Unloading class 0x00000001005e5628 'org/codehaus/plexus/compiler/manager/NoSuchCompilerException'
Event: 15.365 Thread 0x0000024627369bc0 Unloading class 0x00000001005e53f0 'org/codehaus/plexus/languages/java/jpms/LocationManager'
Event: 15.365 Thread 0x0000024627369bc0 Unloading class 0x00000001005e51f8 'org/codehaus/plexus/compiler/javac/InProcessCompiler'
Event: 15.365 Thread 0x0000024627369bc0 Unloading class 0x00000001005e5000 'org/codehaus/plexus/compiler/Compiler'
Event: 15.365 Thread 0x0000024627369bc0 Unloading class 0x00000001005e4c18 'org/codehaus/plexus/compiler/manager/CompilerManager'
Event: 15.365 Thread 0x0000024627369bc0 Unloading class 0x00000001005e48e8 'org/apache/maven/plugin/compiler/TestCompilerMojo'
Event: 15.365 Thread 0x0000024627369bc0 Unloading class 0x00000001005e4668 'org/apache/maven/plugin/compiler/HelpMojo'
Event: 15.365 Thread 0x0000024627369bc0 Unloading class 0x00000001005e4330 'org/apache/maven/plugin/compiler/CompilerMojo'
Event: 15.365 Thread 0x0000024627369bc0 Unloading class 0x00000001005e4000 'org/apache/maven/plugin/compiler/AbstractCompilerMojo'

Classes redefined (0 events):
No events

Internal exceptions (20 events):
Event: 19.305 Thread 0x000002462e88f540 Exception <a 'sun/nio/fs/WindowsException'{0x00000000eaef8830}> (0x00000000eaef8830) 
thrown [s\src\hotspot\share\prims\jni.cpp, line 516]
Event: 19.308 Thread 0x000002462e88f540 Exception <a 'sun/nio/fs/WindowsException'{0x00000000eaf3d808}> (0x00000000eaf3d808) 
thrown [s\src\hotspot\share\prims\jni.cpp, line 516]
Event: 19.324 Thread 0x000002462e88f540 Exception <a 'sun/nio/fs/WindowsException'{0x00000000eafdf2b0}> (0x00000000eafdf2b0) 
thrown [s\src\hotspot\share\prims\jni.cpp, line 516]
Event: 19.494 Thread 0x000002462e88f540 Exception <a 'java/lang/NoSuchMethodError'{0x00000000eb13cbb0}: 'int java.lang.invoke.DirectMethodHandle$Holder.invokeStatic(java.lang.Object)'> (0x00000000eb13cbb0) 
thrown [s\src\hotspot\share\interpreter\linkResolver.cpp, line 759]
Event: 19.703 Thread 0x000002462e88f540 Exception <a 'sun/nio/fs/WindowsException'{0x00000000eb116020}> (0x00000000eb116020) 
thrown [s\src\hotspot\share\prims\jni.cpp, line 516]
Event: 19.704 Thread 0x000002462e88f540 Exception <a 'sun/nio/fs/WindowsException'{0x00000000eb116aa8}> (0x00000000eb116aa8) 
thrown [s\src\hotspot\share\prims\jni.cpp, line 516]
Event: 19.704 Thread 0x000002462e88f540 Exception <a 'sun/nio/fs/WindowsException'{0x00000000eb117a58}> (0x00000000eb117a58) 
thrown [s\src\hotspot\share\prims\jni.cpp, line 516]
Event: 19.705 Thread 0x000002462e88f540 Exception <a 'sun/nio/fs/WindowsException'{0x00000000eb11a338}> (0x00000000eb11a338) 
thrown [s\src\hotspot\share\prims\jni.cpp, line 516]
Event: 19.709 Thread 0x000002462e88f540 Exception <a 'sun/nio/fs/WindowsException'{0x00000000eb120c38}> (0x00000000eb120c38) 
thrown [s\src\hotspot\share\prims\jni.cpp, line 516]
Event: 19.713 Thread 0x000002462e88f540 Exception <a 'sun/nio/fs/WindowsException'{0x00000000eb1270b0}> (0x00000000eb1270b0) 
thrown [s\src\hotspot\share\prims\jni.cpp, line 516]
Event: 19.720 Thread 0x000002462e88f540 Exception <a 'sun/nio/fs/WindowsException'{0x00000000eb12ff40}> (0x00000000eb12ff40) 
thrown [s\src\hotspot\share\prims\jni.cpp, line 516]
Event: 19.724 Thread 0x000002462e88f540 Exception <a 'sun/nio/fs/WindowsException'{0x00000000eb136ac0}> (0x00000000eb136ac0) 
thrown [s\src\hotspot\share\prims\jni.cpp, line 516]
Event: 19.726 Thread 0x000002462e88f540 Exception <a 'sun/nio/fs/WindowsException'{0x00000000eb13a828}> (0x00000000eb13a828) 
thrown [s\src\hotspot\share\prims\jni.cpp, line 516]
Event: 19.744 Thread 0x000002462e88f540 Exception <a 'java/lang/NoSuchMethodError'{0x00000000eab259f8}: 'java.lang.Object java.lang.invoke.DirectMethodHandle$Holder.newInvokeSpecial(java.lang.Object, java.lang.Object, int, java.lang.Object, java.lang.Object)'> (0x00000000eab259f8) 
thrown [s\src\hotspot\share\interpreter\linkResolver.cpp, line 759]
Event: 26.862 Thread 0x000002462e88f070 Exception <a 'java/lang/ArrayIndexOutOfBoundsException'{0x00000000ead28518}: Index 307 out of bounds for length 306> (0x00000000ead28518) 
thrown [s\src\hotspot\share\interpreter\interpreterRuntime.cpp, line 428]
Event: 28.569 Thread 0x000002462e8916f0 Implicit null exception at 0x000002461db1d754 to 0x000002461db1d844
Event: 28.570 Thread 0x000002462e8916f0 Implicit null exception at 0x000002461dae94f6 to 0x000002461daea4c0
Event: 28.570 Thread 0x000002462e8916f0 Implicit null exception at 0x000002461db1e0cc to 0x000002461db1e180
Event: 28.619 Thread 0x000002463d4e5a80 Exception <a 'sun/nio/fs/WindowsException'{0x00000000ebd8b0c0}> (0x00000000ebd8b0c0) 
thrown [s\src\hotspot\share\prims\jni.cpp, line 516]
Event: 31.984 Thread 0x000002462e03ac90 Exception <a 'java/io/IOException'{0x00000000ead19c08}> (0x00000000ead19c08) 
thrown [s\src\hotspot\share\prims\jni.cpp, line 516]

VM Operations (20 events):
Event: 36.888 Executing VM operation: ParallelGCFailedAllocation
Event: 36.892 Executing VM operation: ParallelGCFailedAllocation done
Event: 36.944 Executing VM operation: ParallelGCFailedAllocation
Event: 37.103 Executing VM operation: ParallelGCFailedAllocation done
Event: 37.163 Executing VM operation: ParallelGCFailedAllocation
Event: 37.175 Executing VM operation: ParallelGCFailedAllocation done
Event: 37.226 Executing VM operation: ParallelGCFailedAllocation
Event: 37.231 Executing VM operation: ParallelGCFailedAllocation done
Event: 37.274 Executing VM operation: ParallelGCFailedAllocation
Event: 37.280 Executing VM operation: ParallelGCFailedAllocation done
Event: 37.317 Executing VM operation: ParallelGCFailedAllocation
Event: 37.323 Executing VM operation: ParallelGCFailedAllocation done
Event: 37.436 Executing VM operation: ParallelGCFailedAllocation
Event: 37.445 Executing VM operation: ParallelGCFailedAllocation done
Event: 37.503 Executing VM operation: ParallelGCFailedAllocation
Event: 37.508 Executing VM operation: ParallelGCFailedAllocation done
Event: 37.565 Executing VM operation: ParallelGCFailedAllocation
Event: 37.573 Executing VM operation: ParallelGCFailedAllocation done
Event: 37.633 Executing VM operation: ParallelGCFailedAllocation
Event: 37.639 Executing VM operation: ParallelGCFailedAllocation done

Events (20 events):
Event: 29.936 loading class sun/security/ssl/Alert done
Event: 29.936 loading class sun/security/ssl/Alert$AlertConsumer
Event: 29.936 loading class sun/security/ssl/Alert$AlertConsumer done
Event: 29.936 loading class sun/security/ssl/Alert$Level
Event: 29.936 loading class sun/security/ssl/Alert$Level done
Event: 30.451 Thread 0x000002462e89b330 Thread added: 0x000002462e89b330
Event: 30.485 Thread 0x000002463099ffd0 Thread added: 0x000002463099ffd0
Event: 31.994 loading class java/text/NumberFormat$Field
Event: 31.994 loading class java/text/NumberFormat$Field done
Event: 31.994 Thread 0x000002463099ffd0 Thread exited: 0x000002463099ffd0
Event: 32.210 Thread 0x000002463099ffd0 Thread added: 0x000002463099ffd0
Event: 33.275 Thread 0x000002463099ffd0 Thread exited: 0x000002463099ffd0
Event: 33.470 Thread 0x000002463099ffd0 Thread added: 0x000002463099ffd0
Event: 33.927 Thread 0x000002463099ffd0 Thread exited: 0x000002463099ffd0
Event: 34.472 Thread 0x000002463099ffd0 Thread added: 0x000002463099ffd0
Event: 34.952 Thread 0x000002463d4e7760 Thread exited: 0x000002463d4e7760
Event: 35.281 Thread 0x000002463099ffd0 Thread exited: 0x000002463099ffd0
Event: 35.868 Thread 0x000002462e89b330 Thread exited: 0x000002462e89b330
Event: 37.313 Thread 0x000002463266cad0 Thread added: 0x000002463266cad0
Event: 37.316 Thread 0x0000024632836860 Thread added: 0x0000024632836860


Dynamic libraries:
0x00007ff6cfa80000 - 0x00007ff6cfa8e000 	c:\Users\mrpho\.vscode\extensions\redhat.java-1.20.0-win32-x64\jre\17.0.7-win32-x86_64\bin\java.exe
0x00007fffacdf0000 - 0x00007fffad004000 	C:\WINDOWS\SYSTEM32\ntdll.dll
0x00007fffac6d0000 - 0x00007fffac792000 	C:\WINDOWS\System32\KERNEL32.DLL
0x00007fffaa360000 - 0x00007fffaa703000 	C:\WINDOWS\System32\KERNELBASE.dll
0x00007fffaa7b0000 - 0x00007fffaa8c1000 	C:\WINDOWS\System32\ucrtbase.dll
0x00007fff59bc0000 - 0x00007fff59bd7000 	c:\Users\mrpho\.vscode\extensions\redhat.java-1.20.0-win32-x64\jre\17.0.7-win32-x86_64\bin\jli.dll
0x00007fff51b40000 - 0x00007fff51b59000 	c:\Users\mrpho\.vscode\extensions\redhat.java-1.20.0-win32-x64\jre\17.0.7-win32-x86_64\bin\VCRUNTIME140.dll
0x00007fffac800000 - 0x00007fffac9aa000 	C:\WINDOWS\System32\USER32.dll
0x00007fffaa8d0000 - 0x00007fffaa8f6000 	C:\WINDOWS\System32\win32u.dll
0x00007fff91ce0000 - 0x00007fff91f6e000 	C:\WINDOWS\WinSxS\amd64_microsoft.windows.common-controls_6595b64144ccf1df_6.0.22621.1635_none_270f70857386168e\COMCTL32.dll
0x00007fffaadf0000 - 0x00007fffaae19000 	C:\WINDOWS\System32\GDI32.dll
0x00007fffaabd0000 - 0x00007fffaac77000 	C:\WINDOWS\System32\msvcrt.dll
0x00007fffaaab0000 - 0x00007fffaabc9000 	C:\WINDOWS\System32\gdi32full.dll
0x00007fffaa710000 - 0x00007fffaa7aa000 	C:\WINDOWS\System32\msvcp_win.dll
0x00007fffaac80000 - 0x00007fffaacb1000 	C:\WINDOWS\System32\IMM32.DLL
0x00007fff61ad0000 - 0x00007fff61adc000 	c:\Users\mrpho\.vscode\extensions\redhat.java-1.20.0-win32-x64\jre\17.0.7-win32-x86_64\bin\vcruntime140_1.dll
0x00007fff14dd0000 - 0x00007fff14e61000 	c:\Users\mrpho\.vscode\extensions\redhat.java-1.20.0-win32-x64\jre\17.0.7-win32-x86_64\bin\msvcp140.dll
0x00007fff07080000 - 0x00007fff07cc8000 	c:\Users\mrpho\.vscode\extensions\redhat.java-1.20.0-win32-x64\jre\17.0.7-win32-x86_64\bin\server\jvm.dll
0x00007fffab750000 - 0x00007fffab7fe000 	C:\WINDOWS\System32\ADVAPI32.dll
0x00007fffabd20000 - 0x00007fffabdc4000 	C:\WINDOWS\System32\sechost.dll
0x00007fffacc90000 - 0x00007fffacda7000 	C:\WINDOWS\System32\RPCRT4.dll
0x00007fff9f700000 - 0x00007fff9f734000 	C:\WINDOWS\SYSTEM32\WINMM.dll
0x00007fff614c0000 - 0x00007fff614c9000 	C:\WINDOWS\SYSTEM32\WSOCK32.dll
0x00007fff9e680000 - 0x00007fff9e68a000 	C:\WINDOWS\SYSTEM32\VERSION.dll
0x00007fffabca0000 - 0x00007fffabd11000 	C:\WINDOWS\System32\WS2_32.dll
0x00007fffa92a0000 - 0x00007fffa92b8000 	C:\WINDOWS\SYSTEM32\kernel.appcore.dll
0x00007fff60a30000 - 0x00007fff60a3a000 	c:\Users\mrpho\.vscode\extensions\redhat.java-1.20.0-win32-x64\jre\17.0.7-win32-x86_64\bin\jimage.dll
0x00007fffa46e0000 - 0x00007fffa490e000 	C:\WINDOWS\SYSTEM32\DBGHELP.DLL
0x00007fffab900000 - 0x00007fffabc89000 	C:\WINDOWS\System32\combase.dll
0x00007fffabed0000 - 0x00007fffabfa7000 	C:\WINDOWS\System32\OLEAUT32.dll
0x00007fff77b50000 - 0x00007fff77b82000 	C:\WINDOWS\SYSTEM32\dbgcore.DLL
0x00007fffaa9c0000 - 0x00007fffaaa3a000 	C:\WINDOWS\System32\bcryptPrimitives.dll
0x00007fff5ea50000 - 0x00007fff5ea5e000 	c:\Users\mrpho\.vscode\extensions\redhat.java-1.20.0-win32-x64\jre\17.0.7-win32-x86_64\bin\instrument.dll
0x00007fff06ea0000 - 0x00007fff06ec5000 	c:\Users\mrpho\.vscode\extensions\redhat.java-1.20.0-win32-x64\jre\17.0.7-win32-x86_64\bin\java.dll
0x00007fff14d70000 - 0x00007fff14d88000 	c:\Users\mrpho\.vscode\extensions\redhat.java-1.20.0-win32-x64\jre\17.0.7-win32-x86_64\bin\zip.dll
0x00007fffaae20000 - 0x00007fffab619000 	C:\WINDOWS\System32\SHELL32.dll
0x00007fffa81e0000 - 0x00007fffa8aae000 	C:\WINDOWS\SYSTEM32\windows.storage.dll
0x00007fffa80a0000 - 0x00007fffa81de000 	C:\WINDOWS\SYSTEM32\wintypes.dll
0x00007fffabdd0000 - 0x00007fffabec1000 	C:\WINDOWS\System32\SHCORE.dll
0x00007fffaad90000 - 0x00007fffaadee000 	C:\WINDOWS\System32\shlwapi.dll
0x00007fffaa120000 - 0x00007fffaa146000 	C:\WINDOWS\SYSTEM32\profapi.dll
0x00007fff31c80000 - 0x00007fff31c99000 	C:\Users\mrpho\.vscode\extensions\redhat.java-1.20.0-win32-x64\jre\17.0.7-win32-x86_64\bin\net.dll
0x00007fff9eab0000 - 0x00007fff9ebe7000 	C:\WINDOWS\SYSTEM32\WINHTTP.dll
0x00007fffa97a0000 - 0x00007fffa9809000 	C:\WINDOWS\system32\mswsock.dll
0x00007fff31c60000 - 0x00007fff31c75000 	C:\Users\mrpho\.vscode\extensions\redhat.java-1.20.0-win32-x64\jre\17.0.7-win32-x86_64\bin\nio.dll
0x00007fff5dcd0000 - 0x00007fff5dce0000 	c:\Users\mrpho\.vscode\extensions\redhat.java-1.20.0-win32-x64\jre\17.0.7-win32-x86_64\bin\verify.dll
0x00007fff5e230000 - 0x00007fff5e26e000 	C:\Users\mrpho\AppData\Roaming\Code\User\globalStorage\redhat.java\1.20.0\config_win\org.eclipse.equinox.launcher\org.eclipse.equinox.launcher.win32.win32.x86_64_1.2.700.v20221108-1024\eclipse_11801.dll
0x00007fffaca30000 - 0x00007fffacbcc000 	C:\WINDOWS\System32\ole32.dll
0x00007fffa9a00000 - 0x00007fffa9a1b000 	C:\WINDOWS\SYSTEM32\CRYPTSP.dll
0x00007fffa9210000 - 0x00007fffa9245000 	C:\WINDOWS\system32\rsaenh.dll
0x00007fffa98a0000 - 0x00007fffa98cc000 	C:\WINDOWS\SYSTEM32\USERENV.dll
0x00007fffa9bc0000 - 0x00007fffa9be8000 	C:\WINDOWS\SYSTEM32\bcrypt.dll
0x00007fffa9a20000 - 0x00007fffa9a2c000 	C:\WINDOWS\SYSTEM32\CRYPTBASE.dll
0x00007fffa8d10000 - 0x00007fffa8d3d000 	C:\WINDOWS\SYSTEM32\IPHLPAPI.DLL
0x00007fffabc90000 - 0x00007fffabc99000 	C:\WINDOWS\System32\NSI.dll
0x00007fff9e990000 - 0x00007fff9e9a9000 	C:\WINDOWS\SYSTEM32\dhcpcsvc6.DLL
0x00007fff9e910000 - 0x00007fff9e92f000 	C:\WINDOWS\SYSTEM32\dhcpcsvc.DLL
0x00007fffa8d80000 - 0x00007fffa8e73000 	C:\WINDOWS\SYSTEM32\DNSAPI.dll
0x00007fff43150000 - 0x00007fff43195000 	C:\Users\mrpho\AppData\Local\Temp\jna-104170930\jna15300269260138039588.dll
0x00007fffac7a0000 - 0x00007fffac7a8000 	C:\WINDOWS\System32\PSAPI.DLL
0x00007fff5ef00000 - 0x00007fff5ef0e000 	C:\Users\mrpho\.vscode\extensions\redhat.java-1.20.0-win32-x64\jre\17.0.7-win32-x86_64\bin\sunmscapi.dll
0x00007fffaa1f0000 - 0x00007fffaa357000 	C:\WINDOWS\System32\CRYPT32.dll
0x00007fffa9b90000 - 0x00007fffa9bbe000 	C:\WINDOWS\SYSTEM32\ncrypt.dll
0x00007fffa9b50000 - 0x00007fffa9b87000 	C:\WINDOWS\SYSTEM32\NTASN1.dll
0x00007fff84810000 - 0x00007fff8481a000 	C:\Windows\System32\rasadhlp.dll
0x00007fff9d3f0000 - 0x00007fff9d474000 	C:\WINDOWS\System32\fwpuclnt.dll

dbghelp: loaded successfully - version: 4.0.5 - missing functions: none
symbol engine: initialized successfully - sym options: 0x614 - pdb path: .;c:\Users\mrpho\.vscode\extensions\redhat.java-1.20.0-win32-x64\jre\17.0.7-win32-x86_64\bin;C:\WINDOWS\SYSTEM32;C:\WINDOWS\WinSxS\amd64_microsoft.windows.common-controls_6595b64144ccf1df_6.0.22621.1635_none_270f70857386168e;c:\Users\mrpho\.vscode\extensions\redhat.java-1.20.0-win32-x64\jre\17.0.7-win32-x86_64\bin\server;C:\Users\mrpho\AppData\Roaming\Code\User\globalStorage\redhat.java\1.20.0\config_win\org.eclipse.equinox.launcher\org.eclipse.equinox.launcher.win32.win32.x86_64_1.2.700.v20221108-1024;C:\Users\mrpho\AppData\Local\Temp\jna-104170930

VM Arguments:
jvm_args: --add-modules=ALL-SYSTEM --add-opens=java.base/java.util=ALL-UNNAMED --add-opens=java.base/java.lang=ALL-UNNAMED --add-opens=java.base/sun.nio.fs=ALL-UNNAMED -Declipse.application=org.eclipse.jdt.ls.core.id1 -Dosgi.bundles.defaultStartLevel=4 -Declipse.product=org.eclipse.jdt.ls.core.product -Djava.import.generatesMetadataFilesAtProjectRoot=false -Dfile.encoding=utf8 -XX:+UseParallelGC -XX:GCTimeRatio=4 -XX:AdaptiveSizePolicyWeight=90 -Dsun.zip.disableMemoryMapping=true -Xmx1G -Xms100m -Xlog:disable -javaagent:c:\Users\mrpho\.vscode\extensions\redhat.java-1.20.0-win32-x64\lombok\lombok-1.18.28.jar -XX:+HeapDumpOnOutOfMemoryError -XX:HeapDumpPath=c:\Users\mrpho\AppData\Roaming\Code\User\workspaceStorage\fa1dcb944bc06db73ace05d07c856a94\redhat.java -Daether.dependencyCollector.impl=bf 
java_command: c:\Users\mrpho\.vscode\extensions\redhat.java-1.20.0-win32-x64\server\plugins\org.eclipse.equinox.launcher_1.6.500.v20230622-2056.jar -configuration c:\Users\mrpho\AppData\Roaming\Code\User\globalStorage\redhat.java\1.20.0\config_win -data c:\Users\mrpho\AppData\Roaming\Code\User\workspaceStorage\fa1dcb944bc06db73ace05d07c856a94\redhat.java\jdt_ws
java_class_path (initial): c:\Users\mrpho\.vscode\extensions\redhat.java-1.20.0-win32-x64\server\plugins\org.eclipse.equinox.launcher_1.6.500.v20230622-2056.jar
Launcher Type: SUN_STANDARD

[Global flags]
    uintx AdaptiveSizePolicyWeight                 = 90                                        {product} {command line}
     intx CICompilerCount                          = 4                                         {product} {ergonomic}
    uintx GCTimeRatio                              = 4                                         {product} {command line}
     bool HeapDumpOnOutOfMemoryError               = true                                   {manageable} {command line}
    ccstr HeapDumpPath                             = c:\Users\mrpho\AppData\Roaming\Code\User\workspaceStorage\fa1dcb944bc06db73ace05d07c856a94\redhat.java         {manageable} {command line}
   size_t InitialHeapSize                          = 104857600                                 {product} {command line}
   size_t MaxHeapSize                              = 1073741824                                {product} {command line}
   size_t MaxNewSize                               = 357564416                                 {product} {ergonomic}
   size_t MinHeapDeltaBytes                        = 524288                                    {product} {ergonomic}
   size_t MinHeapSize                              = 104857600                                 {product} {command line}
   size_t NewSize                                  = 34603008                                  {product} {ergonomic}
    uintx NonNMethodCodeHeapSize                   = 5839372                                {pd product} {ergonomic}
    uintx NonProfiledCodeHeapSize                  = 122909434                              {pd product} {ergonomic}
   size_t OldSize                                  = 70254592                                  {product} {ergonomic}
    uintx ProfiledCodeHeapSize                     = 122909434                              {pd product} {ergonomic}
    uintx ReservedCodeCacheSize                    = 251658240                              {pd product} {ergonomic}
     bool SegmentedCodeCache                       = true                                      {product} {ergonomic}
   size_t SoftMaxHeapSize                          = 1073741824                             {manageable} {ergonomic}
     bool UseCompressedClassPointers               = true                           {product lp64_product} {ergonomic}
     bool UseCompressedOops                        = true                           {product lp64_product} {ergonomic}
     bool UseLargePagesIndividualAllocation        = false                                  {pd product} {ergonomic}
     bool UseParallelGC                            = true                                      {product} {command line}

Logging:
Log output configuration:
 #0: stdout all=off uptime,level,tags
 #1: stderr all=off uptime,level,tags

Environment Variables:
PATH=;C:\Program Files\Common Files\Oracle\Java\javapath;C:\WINDOWS\system32;C:\WINDOWS;C:\WINDOWS\System32\Wbem;C:\WINDOWS\System32\WindowsPowerShell\v1.0\;C:\WINDOWS\System32\OpenSSH\;C:\Program Files (x86)\Dev-Cpp\MinGW64\bin;C:\Program Files\Microsoft SQL Server\Client SDK\ODBC\170\Tools\Binn\;C:\Program Files (x86)\Microsoft SQL Server\150\Tools\Binn\;C:\Program Files\Microsoft SQL Server\150\Tools\Binn\;C:\Program Files\Microsoft SQL Server\150\DTS\Binn\;C:\Program Files\Azure Data Studio\bin;C:\Program Files (x86)\NVIDIA Corporation\PhysX\Common;C:\Program Files\Java\jdk-17.0.1\bin\;C:\Program Files\Microsoft SQL Server\120\DTS\Binn\;C:\Program Files\Microsoft SQL Server\Client SDK\ODBC\110\Tools\Binn\;C:\Program Files (x86)\Microsoft SQL Server\120\Tools\Binn\;C:\Program Files\Microsoft SQL Server\120\Tools\Binn\;C:\Program Files (x86)\Microsoft SQL Server\120\Tools\Binn\ManagementStudio\;C:\Program Files (x86)\Microsoft SQL Server\120\DTS\Binn\;C:\Program Files\dotnet\;C:\Program Files\Microsoft SQL Server\130\Tools\Binn\;C:\Program Files (x86)\dotnet\;C:\Program Files\Git\cmd;C:\WINDOWS\system32;C:\WINDOWS;C:\WINDOWS\System32\Wbem;C:\WINDOWS\System32\WindowsPowerShell\v1.0\;C:\WINDOWS\System32\OpenSSH\;C:\Program Files\nodejs\;C:\Users\mrpho\AppData\Local\Programs\Python\Python39;C:\Users\mrpho\AppData\Local\Programs\Python\Python39\Scripts;C:\Program Files\NVIDIA Corporation\Nsight Compute 2022.4.0\;C:\Users\mrpho\AppData\Local\Microsoft\WindowsApps;C:\Program Files\JetBrains\PyCharm Community Edition 2021.2\bin;;C:\Users\mrpho\AppData\Local\Programs\Microsoft VS Code\bin;C:\Program Files\Azure Data Studio\bin;C:\Users\mrpho\OneDrive\Documents\flutter_windows_2.8.1-stable\flutter\bin;C:\Users\mrpho\.dotnet\tools;C:\Users\mrpho\AppData\Local\GitHubDesktop\bin;C:\Users\mrpho\AppData\Roaming\npm;C:\Program Files\NVIDIA GPU Computing Toolkit\CUDA\v12.0\bin;C:\Program Files\NVIDIA GPU Computing Toolkit\CUDA\v12.0\libnvvp;
USERNAME=mrpho
OS=Windows_NT
PROCESSOR_IDENTIFIER=Intel64 Family 6 Model 126 Stepping 5, GenuineIntel
TMP=C:\Users\mrpho\AppData\Local\Temp
TEMP=C:\Users\mrpho\AppData\Local\Temp



---------------  S Y S T E M  ---------------

OS:
 Windows 11 , 64 bit Build 22621 (10.0.22621.1928)
OS uptime: 0 days 0:06 hours

CPU: total 8 (initial active 8) (4 cores per cpu, 2 threads per core) family 6 model 126 stepping 5 microcode 0x86, cx8, cmov, fxsr, ht, mmx, 3dnowpref, sse, sse2, sse3, ssse3, sse4.1, sse4.2, popcnt, lzcnt, tsc, tscinvbit, avx, avx2, aes, erms, clmul, bmi1, bmi2, adx, avx512f, avx512dq, avx512cd, avx512bw, avx512vl, sha, fma, vzeroupper, avx512_vpopcntdq, avx512_vpclmulqdq, avx512_vaes, avx512_vnni, clflush, clflushopt, avx512_vbmi2, avx512_vbmi

Memory: 4k page, system-wide physical 7973M (668M free)
TotalPageFile size 12148M (AvailPageFile size 5M)
current process WorkingSet (physical memory assigned to process): 736M, peak: 736M
current process commit charge ("private bytes"): 675M, peak: 677M

vm_info: OpenJDK 64-Bit Server VM (17.0.7+7) for windows-amd64 JRE (17.0.7+7), built on Apr 18 2023 22:10:42 by "temurin" with MS VC++ 16.7 (VS2019)

END.
